[INFO] Scanning for projects...
[INFO] ------------------------------------------------------------------------
[INFO] Reactor Build Order:
[INFO] 
[INFO] DKPro Core                                                         [pom]
[INFO] DKPro Core - Build resources                                       [jar]
[INFO] DKPro Core ASL                                                     [pom]
[INFO] DKPro Core ASL - Anomaly API                                       [jar]
[INFO] DKPro Core ASL - Coreference API                                   [jar]
[INFO] DKPro Core ASL - Parameter API                                     [jar]
[INFO] DKPro Core ASL - Metadata API                                      [jar]
[INFO] DKPro Core ASL - Resources API                                     [jar]
[INFO] DKPro Core ASL - Part-of-Speech API                                [jar]
[INFO] DKPro Core ASL - Lexical Units API                                 [jar]
[INFO] DKPro Core ASL - Syntax API                                        [jar]
[INFO] DKPro Core ASL - Semantics API                                     [jar]
[INFO] DKPro Core ASL - Named Entity Recognition API                      [jar]
[INFO] DKPro Core ASL - Unit Testing Support                              [jar]
[INFO] DKPro Core ASL - Datasets                                          [jar]
[INFO] DKPro Core ASL - Discourse API                                     [jar]
[INFO] DKPro Core ASL - Embeddings API (ASL)                              [jar]
[INFO] DKPro Core ASL - FeaturePath API (ASL)                             [jar]
[INFO] DKPro Core ASL - IO API                                            [jar]
[INFO] DKPro Core ASL - Phonetics API                                     [jar]
[INFO] DKPro Core ASL - Sentiment API                                     [jar]
[INFO] DKPro Core ASL - Structured and Semi-Structured Data API           [jar]
[INFO] DKPro Core ASL - CAS Transformation API                            [jar]
[INFO] DKPro Core ASL - Frequency Providers API (ASL)                     [jar]
[INFO] DKPro Core ASL - XML API                                           [jar]
[INFO] DKPro Core ASL - IO - Text                                         [jar]
[INFO] DKPro Core ASL - FS - HDFS (v 2.7.1)                               [jar]
[INFO] DKPro Core ASL - IO - ACL Anthology                                [jar]
[INFO] DKPro Core ASL - IO - Penn Treebank Format                         [jar]
[INFO] DKPro Core ASL - IO - CoNLL                                        [jar]
[INFO] DKPro Core ASL - IO - AnCora                                       [jar]
[INFO] DKPro Core ASL - IO - NEGRA                                        [jar]
[INFO] DKPro Core ASL - IO - XML                                          [jar]
[INFO] DKPro Core ASL - IO - British National Corpus                      [jar]
[INFO] DKPro Core ASL - Evaluation                                        [jar]
[INFO] DKPro Core ASL - OpenNLP (v 1.9.1) (ASL)                           [jar]
[INFO] DKPro Core ASL - Snowball (BSD)                                    [jar]
[INFO] DKPro Core ASL - IO - IMS Corpus Workbench                         [jar]
[INFO] DKPro Core ASL - IO - TEI                                          [jar]
[INFO] DKPro Core ASL - Tokenization Toolkit                              [jar]
[INFO] DKPro Core ASL - Performance Measurement Support                   [jar]
[INFO] DKPro Core ASL - IO - UIMA Binary CAS                              [jar]
[INFO] DKPro Core ASL - IO - Wikipedia via Bliki Engine (v 3.1.0)         [jar]
[INFO] DKPro Core ASL - IO - brat file format                             [jar]
[INFO] DKPro Core ASL - IO - Combination                                  [jar]
[INFO] DKPro Core ASL - Mallet (v2.0.8) (CPL)                             [jar]
[INFO] DKPro Core ASL - IO - Ditop (EXPERIMENTAL)                         [jar]
[INFO] DKPro Core ASL - IO - Gigaword                                     [jar]
[INFO] DKPro Core ASL - IO - UIMA XMI                                     [jar]
[INFO] DKPro Core ASL - IO - HTML                                         [jar]
[INFO] DKPro Core ASL - IO - UIMA JSON                                    [jar]
[INFO] DKPro Core ASL - IO - JDBC                                         [jar]
[INFO] DKPro Core ASL - IO - Wikipedia via JWPL                           [jar]
[INFO] DKPro Core ASL - IO - Leipzig Corpora Collection (LCC)             [jar]
[INFO] DKPro Core ASL - IO - LIF                                          [jar]
[INFO] DKPro Core ASL - IO - LXF                                          [jar]
[INFO] DKPro Core ASL - IO - NIF                                          [jar]
[INFO] DKPro Core ASL - IO - New York Times Corpus                        [jar]
[INFO] DKPro Core ASL - IO - PDF                                          [jar]
[INFO] DKPro Core ASL - IO - PubAnnotation                                [jar]
[INFO] DKPro Core ASL - IO - Reuters-21578                                [jar]
[INFO] DKPro Core ASL - IO - RTF                                          [jar]
[INFO] DKPro Core ASL - IO - Solr (v6.3.0) (ASL)                          [jar]
[INFO] DKPro Core ASL - IO - TCF                                          [jar]
[INFO] DKPro Core ASL - IO - TIGER-XML                                    [jar]
[INFO] DKPro Core ASL - IO - Tika (v 1.19.1)                              [jar]
[INFO] DKPro Core ASL - IO - TÃ¼PP-D/Z                                     [jar]
[INFO] DKPro Core ASL - IO - TUEBADZ                                      [jar]
[INFO] DKPro Core ASL - N-Gram Tools                                      [jar]
[INFO] DKPro Core ASL - Frequency (ASL)                                   [jar]
[INFO] DKPro Core ASL - Clear NLP (v 2.0.2)                               [jar]
[INFO] DKPro Core ASL - IO - Web1T n-grams                                [jar]
[INFO] DKPro Core ASL - IO - WebAnno TSV                                  [jar]
[INFO] DKPro Core ASL - IO - XCES-XML                                     [jar]
[INFO] DKPro Core ASL - CAS Transformation (ASL)                          [jar]
[INFO] DKPro Core ASL - CISSTEM (German Stemmer)                          [jar]
[INFO] DKPro Core ASL - Apache Commons Codec                              [jar]
[INFO] DKPro Core ASL - Decompounding                                     [jar]
[INFO] DKPro Core ASL - Dictionary Annotator                              [jar]
[INFO] DKPro Core ASL - FlexTag                                           [jar]
[INFO] DKPro Core ASL - GATE (v 8.2)                                      [jar]
[INFO] DKPro Core ASL - GoSen                                             [jar]
[INFO] DKPro Core ASL - Hunpos                                            [jar]
[INFO] DKPro Core ASL - ICU (v 64.2) (ASL)                                [jar]
[INFO] DKPro Core ASL - IXA                                               [jar]
[INFO] DKPro Core ASL - Jazzy (v 0.5.2) (LGPL)                            [jar]
[INFO] DKPro Core ASL - JTok (v 2.1.18) (LGPL)                            [jar]
[INFO] DKPro Core ASL - Jieba (v 1.0.2) (ASL)                             [jar]
[INFO] DKPro Core ASL - LanguageTool (v 4.3) (LGPL)                       [jar]
[INFO] DKPro Core ASL - langdetect (v 1.1-20120112)                       [jar]
[INFO] DKPro Core ASL - Language Detection using n-grams                  [jar]
[INFO] DKPro Core ASL - MaltParser (v 1.9.1)                              [jar]
[INFO] DKPro Core ASL - Mecab                                             [jar]
[INFO] DKPro Core ASL - Morpha (v 1.0.5) (non-commercial, attribution)    [jar]
[INFO] DKPro Core ASL - MSTParser (v 0.5.1)                               [jar]
[INFO] DKPro Core ASL - MyStem                                            [jar]
[INFO] DKPro Core ASL - NLP4J                                             [jar]
[INFO] DKPro Core ASL - Norvig's Spelling Correction                      [jar]
[INFO] DKPro Core ASL - Part-of-Speech Filter                             [jar]
[INFO] DKPro Core ASL - Readability                                       [jar]
[INFO] DKPro Core ASL - RF Tagger                                         [jar]
[INFO] DKPro Core ASL - Lancaster (v 1.3.1) (ASL                          [jar]
[INFO] DKPro Core ASL - Stop Word Remover (ASL)                           [jar]
[INFO] DKPro Core ASL - TextCat (v 1.0.1) (LGPL)                          [jar]
[INFO] DKPro Core ASL - TreeTagger (free for research)                    [jar]
[INFO] DKPro Core ASL - Text normalizer                                   [jar]
[INFO] DKPro Core ASL - UDPipe (v 1.1.0)                                  [jar]
[INFO] DKPro Core GPL                                                     [pom]
[INFO] DKPro Core GPL - ARK (v 0.3.2)                                     [jar]
[INFO] DKPro Core GPL - Berkeley Parser                                   [jar]
[INFO] DKPro Core GPL - Stanford CoreNLP Suite (v 3.9.2) (GPL)            [jar]
[INFO] DKPro Core GPL - LingPipe (v 4.1.0)                                [jar]
[INFO] DKPro Core GPL - Mate-Tools                                        [jar]
[INFO] DKPro Core GPL - Maui (v 1.3.0)                                    [jar]
[INFO] DKPro Core GPL - Stanford CoreNLP Suite (v 3.9.2) (GPL)            [jar]
[INFO] DKPro Core GPL - SFST                                              [jar]
[INFO] DKPro Core GPL - IO - TGrep2                                       [jar]
[INFO] DKPro Core ASL - Documentation                                     [jar]
[INFO] 
[INFO] ---------------------< org.dkpro.core:dkpro-core >----------------------
[INFO] Building DKPro Core 1.12.1-SNAPSHOT                              [1/118]
[INFO] --------------------------------[ pom ]---------------------------------
[INFO] 
[INFO] --- maven-clean-plugin:3.1.0:clean (default-clean) @ dkpro-core ---
[INFO] Deleting /Users/desilets/Documents/GitRepositories/dkpro-core.AD.1.12.x.Improvement/target
[INFO] 
[INFO] --- maven-enforcer-plugin:1.4.1:enforce (enforce-maven) @ dkpro-core ---
[INFO] 
[INFO] --- groovy-maven-plugin:2.1.1:execute (read-notice) @ dkpro-core ---
[INFO] 
[INFO] --- maven-remote-resources-plugin:1.6.0:process (process-remote-resources) @ dkpro-core ---
[INFO] Preparing remote bundle de.tudarmstadt.ukp.dkpro.core:build-resources:1
[INFO] Copying 2 resources from 1 bundle.
[INFO] 
[INFO] --- maven-resources-plugin:3.1.0:copy-resources (copy-license) @ dkpro-core ---
[INFO] Using 'UTF-8' encoding to copy filtered resources.
[INFO] Copying 1 resource
[INFO] 
[INFO] --- uimafit-maven-plugin:2.4.0:enhance (default) @ dkpro-core ---
[INFO] Enhanced 0 classes (0 already enhanced).
[INFO] 
[INFO] --- uimafit-maven-plugin:2.4.0:generate (default) @ dkpro-core ---
[INFO] Generated 0 descriptors.
[INFO] 
[INFO] --- omtd-share-annotations-maven-plugin:3.0.2.7:generate (default) @ dkpro-core ---
[INFO] Loading mime type mapping: META-INF/eu.openminted.share/mimeTypeMapping.map
[INFO] Loading UIMA type mapping: META-INF/eu.openminted.share/uimaTypeMapping.map
[INFO] Generated 0 descriptors.
[INFO] 
[INFO] --- maven-dependency-plugin:3.1.1:analyze-only (default) @ dkpro-core ---
[INFO] Skipping pom project
[INFO] 
[INFO] --- maven-install-plugin:2.5.2:install (default-install) @ dkpro-core ---
[INFO] Installing /Users/desilets/Documents/GitRepositories/dkpro-core.AD.1.12.x.Improvement/pom.xml to /Users/desilets/.m2/repository/org/dkpro/core/dkpro-core/1.12.1-SNAPSHOT/dkpro-core-1.12.1-SNAPSHOT.pom
[INFO] 
[INFO] ------------------< org.dkpro.core:dkpro-core-build >-------------------
[INFO] Building DKPro Core - Build resources 1.12.1-SNAPSHOT            [2/118]
[INFO] --------------------------------[ jar ]---------------------------------
[INFO] 
[INFO] --- maven-clean-plugin:3.1.0:clean (default-clean) @ dkpro-core-build ---
[INFO] Deleting /Users/desilets/Documents/GitRepositories/dkpro-core.AD.1.12.x.Improvement/dkpro-core-build/target
[INFO] 
[INFO] --- maven-enforcer-plugin:1.4.1:enforce (enforce-maven) @ dkpro-core-build ---
[INFO] 
[INFO] --- groovy-maven-plugin:2.1.1:execute (read-notice) @ dkpro-core-build ---
[INFO] 
[INFO] --- maven-remote-resources-plugin:1.6.0:process (process-remote-resources) @ dkpro-core-build ---
[INFO] Preparing remote bundle de.tudarmstadt.ukp.dkpro.core:build-resources:1
[INFO] Copying 2 resources from 1 bundle.
[INFO] 
[INFO] --- maven-resources-plugin:3.1.0:copy-resources (copy-license) @ dkpro-core-build ---
[INFO] Using 'UTF-8' encoding to copy filtered resources.
[INFO] Copying 1 resource
[INFO] 
[INFO] --- maven-resources-plugin:3.1.0:resources (default-resources) @ dkpro-core-build ---
[INFO] Using 'UTF-8' encoding to copy filtered resources.
[INFO] Copying 1 resource
[INFO] Copying 2 resources
[INFO] 
[INFO] --- maven-compiler-plugin:3.8.1:compile (default-compile) @ dkpro-core-build ---
[INFO] No sources to compile
[INFO] 
[INFO] --- uimafit-maven-plugin:2.4.0:enhance (default) @ dkpro-core-build ---
[INFO] Enhanced 0 classes (0 already enhanced).
[INFO] 
[INFO] --- uimafit-maven-plugin:2.4.0:generate (default) @ dkpro-core-build ---
[INFO] Generated 0 descriptors.
[INFO] 
[INFO] --- omtd-share-annotations-maven-plugin:3.0.2.7:generate (default) @ dkpro-core-build ---
[INFO] Loading mime type mapping: META-INF/eu.openminted.share/mimeTypeMapping.map
[INFO] Loading UIMA type mapping: META-INF/eu.openminted.share/uimaTypeMapping.map
[INFO] Not a supported UIMA descriptor: file:/Users/desilets/Documents/GitRepositories/dkpro-core.AD.1.12.x.Improvement/dkpro-core-build/target/classes/dkpro-core/checkstyle.xml
[INFO] Generated 0 descriptors.
[INFO] 
[INFO] --- maven-resources-plugin:3.1.0:testResources (default-testResources) @ dkpro-core-build ---
[INFO] Using 'UTF-8' encoding to copy filtered resources.
[INFO] skip non existing resourceDirectory /Users/desilets/Documents/GitRepositories/dkpro-core.AD.1.12.x.Improvement/dkpro-core-build/src/test/resources
[INFO] Copying 2 resources
[INFO] 
[INFO] --- maven-compiler-plugin:3.8.1:testCompile (default-testCompile) @ dkpro-core-build ---
[INFO] No sources to compile
[INFO] 
[INFO] --- maven-surefire-plugin:2.22.2:test (default-test) @ dkpro-core-build ---
[INFO] 
[INFO] --- maven-jar-plugin:3.1.2:jar (default-jar) @ dkpro-core-build ---
[INFO] Building jar: /Users/desilets/Documents/GitRepositories/dkpro-core.AD.1.12.x.Improvement/dkpro-core-build/target/dkpro-core-build-1.12.1-SNAPSHOT.jar
[INFO] 
[INFO] --- maven-dependency-plugin:3.1.1:analyze-only (default) @ dkpro-core-build ---
[INFO] No dependency problems found
[INFO] 
[INFO] --- maven-checkstyle-plugin:3.1.0:check (checkstyle-check) @ dkpro-core-build ---
[INFO] 
[INFO] --- maven-install-plugin:2.5.2:install (default-install) @ dkpro-core-build ---
[INFO] Installing /Users/desilets/Documents/GitRepositories/dkpro-core.AD.1.12.x.Improvement/dkpro-core-build/target/dkpro-core-build-1.12.1-SNAPSHOT.jar to /Users/desilets/.m2/repository/org/dkpro/core/dkpro-core-build/1.12.1-SNAPSHOT/dkpro-core-build-1.12.1-SNAPSHOT.jar
[INFO] Installing /Users/desilets/Documents/GitRepositories/dkpro-core.AD.1.12.x.Improvement/dkpro-core-build/pom.xml to /Users/desilets/.m2/repository/org/dkpro/core/dkpro-core-build/1.12.1-SNAPSHOT/dkpro-core-build-1.12.1-SNAPSHOT.pom
[INFO] 
[INFO] -------------------< org.dkpro.core:dkpro-core-asl >--------------------
[INFO] Building DKPro Core ASL 1.12.1-SNAPSHOT                          [3/118]
[INFO] --------------------------------[ pom ]---------------------------------
[INFO] 
[INFO] --- maven-clean-plugin:3.1.0:clean (default-clean) @ dkpro-core-asl ---
[INFO] Deleting /Users/desilets/Documents/GitRepositories/dkpro-core.AD.1.12.x.Improvement/dkpro-core-asl/target
[INFO] 
[INFO] --- maven-enforcer-plugin:1.4.1:enforce (enforce-maven) @ dkpro-core-asl ---
[INFO] 
[INFO] --- groovy-maven-plugin:2.1.1:execute (read-notice) @ dkpro-core-asl ---
[INFO] 
[INFO] --- maven-remote-resources-plugin:1.6.0:process (process-remote-resources) @ dkpro-core-asl ---
[INFO] Preparing remote bundle de.tudarmstadt.ukp.dkpro.core:build-resources:1
[INFO] Copying 2 resources from 1 bundle.
[INFO] 
[INFO] --- maven-resources-plugin:3.1.0:copy-resources (copy-license) @ dkpro-core-asl ---
[INFO] Using 'UTF-8' encoding to copy filtered resources.
[INFO] Copying 2 resources
[INFO] 
[INFO] --- uimafit-maven-plugin:2.4.0:enhance (default) @ dkpro-core-asl ---
[INFO] Enhanced 0 classes (0 already enhanced).
[INFO] 
[INFO] --- uimafit-maven-plugin:2.4.0:generate (default) @ dkpro-core-asl ---
[INFO] Generated 0 descriptors.
[INFO] 
[INFO] --- omtd-share-annotations-maven-plugin:3.0.2.7:generate (default) @ dkpro-core-asl ---
[INFO] Loading mime type mapping: META-INF/eu.openminted.share/mimeTypeMapping.map
[INFO] Loading UIMA type mapping: META-INF/eu.openminted.share/uimaTypeMapping.map
[INFO] Generated 0 descriptors.
[INFO] 
[INFO] --- maven-dependency-plugin:3.1.1:analyze-only (default) @ dkpro-core-asl ---
[INFO] Skipping pom project
[INFO] 
[INFO] --- maven-install-plugin:2.5.2:install (default-install) @ dkpro-core-asl ---
[INFO] Installing /Users/desilets/Documents/GitRepositories/dkpro-core.AD.1.12.x.Improvement/dkpro-core-asl/pom.xml to /Users/desilets/.m2/repository/org/dkpro/core/dkpro-core-asl/1.12.1-SNAPSHOT/dkpro-core-asl-1.12.1-SNAPSHOT.pom
[INFO] 
[INFO] -------------< org.dkpro.core:dkpro-core-api-anomaly-asl >--------------
[INFO] Building DKPro Core ASL - Anomaly API 1.12.1-SNAPSHOT            [4/118]
[INFO] --------------------------------[ jar ]---------------------------------
[INFO] 
[INFO] --- maven-clean-plugin:3.1.0:clean (default-clean) @ dkpro-core-api-anomaly-asl ---
[INFO] Deleting /Users/desilets/Documents/GitRepositories/dkpro-core.AD.1.12.x.Improvement/dkpro-core-api-anomaly-asl/target
[INFO] 
[INFO] --- maven-enforcer-plugin:1.4.1:enforce (enforce-maven) @ dkpro-core-api-anomaly-asl ---
[INFO] 
[INFO] --- groovy-maven-plugin:2.1.1:execute (read-notice) @ dkpro-core-api-anomaly-asl ---
[INFO] 
[INFO] --- jcasgen-maven-plugin:2.10.3:generate (default) @ dkpro-core-api-anomaly-asl ---
[INFO] JCasGen: Found descriptor '/Users/desilets/Documents/GitRepositories/dkpro-core.AD.1.12.x.Improvement/dkpro-core-api-anomaly-asl/src/main/resources/desc/type/Anomalies.xml'
[INFO] JCasGen: Limiting generation to descriptors in '/Users/desilets/Documents/GitRepositories/dkpro-core.AD.1.12.x.Improvement/dkpro-core-api-anomaly-asl'
[INFO] JCasGen: Output going to '/Users/desilets/Documents/GitRepositories/dkpro-core.AD.1.12.x.Improvement/dkpro-core-api-anomaly-asl/target/generated-sources/jcasgen'
[INFO] JCasGen: Reading the XML TAE descriptor, and creating types, for xml input file '/Users/desilets/Documents/GitRepositories/dkpro-core.AD.1.12.x.Improvement/dkpro-core-api-anomaly-asl/target/jcasgen/typesystem.xml'.
[INFO] JCasGen: Creating: 'de.tudarmstadt.ukp.dkpro.core.api.anomaly.type.Anomaly'.
[INFO] JCasGen: Creating: 'de.tudarmstadt.ukp.dkpro.core.api.anomaly.type.Anomaly_Type'.
[INFO] JCasGen: Creating: 'de.tudarmstadt.ukp.dkpro.core.api.anomaly.type.GrammarAnomaly'.
[INFO] JCasGen: Creating: 'de.tudarmstadt.ukp.dkpro.core.api.anomaly.type.GrammarAnomaly_Type'.
[INFO] JCasGen: Creating: 'de.tudarmstadt.ukp.dkpro.core.api.anomaly.type.SpellingAnomaly'.
[INFO] JCasGen: Creating: 'de.tudarmstadt.ukp.dkpro.core.api.anomaly.type.SpellingAnomaly_Type'.
[INFO] JCasGen: Creating: 'de.tudarmstadt.ukp.dkpro.core.api.anomaly.type.SuggestedAction'.
[INFO] JCasGen: Creating: 'de.tudarmstadt.ukp.dkpro.core.api.anomaly.type.SuggestedAction_Type'.
[INFO] 
[INFO] --- build-helper-maven-plugin:1.10:add-source (addToSourceFolder) @ dkpro-core-api-anomaly-asl ---
[INFO] Source directory: /Users/desilets/Documents/GitRepositories/dkpro-core.AD.1.12.x.Improvement/dkpro-core-api-anomaly-asl/target/generated-sources/jcasgen added.
[INFO] 
[INFO] --- maven-remote-resources-plugin:1.6.0:process (process-remote-resources) @ dkpro-core-api-anomaly-asl ---
[INFO] Preparing remote bundle de.tudarmstadt.ukp.dkpro.core:build-resources:1
[INFO] Copying 2 resources from 1 bundle.
[INFO] 
[INFO] --- maven-resources-plugin:3.1.0:copy-resources (copy-license) @ dkpro-core-api-anomaly-asl ---
[INFO] Using 'UTF-8' encoding to copy filtered resources.
[INFO] Copying 1 resource
[INFO] 
[INFO] --- maven-resources-plugin:3.1.0:resources (default-resources) @ dkpro-core-api-anomaly-asl ---
[INFO] Using 'UTF-8' encoding to copy filtered resources.
[INFO] Copying 1 resource
[INFO] Copying 1 resource
[INFO] Copying 2 resources
[INFO] 
[INFO] --- maven-compiler-plugin:3.8.1:compile (default-compile) @ dkpro-core-api-anomaly-asl ---
[INFO] Changes detected - recompiling the module!
[INFO] Compiling 10 source files to /Users/desilets/Documents/GitRepositories/dkpro-core.AD.1.12.x.Improvement/dkpro-core-api-anomaly-asl/target/classes
[INFO] 
[INFO] --- uimafit-maven-plugin:2.4.0:enhance (default) @ dkpro-core-api-anomaly-asl ---
[INFO] Enhanced 0 classes (0 already enhanced).
[INFO] 
[INFO] --- uimafit-maven-plugin:2.4.0:generate (default) @ dkpro-core-api-anomaly-asl ---
[INFO] Generated 0 descriptors.
[INFO] 
[INFO] --- omtd-share-annotations-maven-plugin:3.0.2.7:generate (default) @ dkpro-core-api-anomaly-asl ---
[INFO] Loading mime type mapping: META-INF/eu.openminted.share/mimeTypeMapping.map
[INFO] Loading UIMA type mapping: META-INF/eu.openminted.share/uimaTypeMapping.map
[INFO] Not a supported UIMA descriptor: file:/Users/desilets/Documents/GitRepositories/dkpro-core.AD.1.12.x.Improvement/dkpro-core-api-anomaly-asl/target/classes/desc/type/Anomalies.xml
[INFO] Generated 0 descriptors.
[INFO] 
[INFO] --- maven-resources-plugin:3.1.0:testResources (default-testResources) @ dkpro-core-api-anomaly-asl ---
[INFO] Using 'UTF-8' encoding to copy filtered resources.
[INFO] skip non existing resourceDirectory /Users/desilets/Documents/GitRepositories/dkpro-core.AD.1.12.x.Improvement/dkpro-core-api-anomaly-asl/src/test/resources
[INFO] Copying 2 resources
[INFO] 
[INFO] --- maven-compiler-plugin:3.8.1:testCompile (default-testCompile) @ dkpro-core-api-anomaly-asl ---
[INFO] No sources to compile
[INFO] 
[INFO] --- maven-surefire-plugin:2.22.2:test (default-test) @ dkpro-core-api-anomaly-asl ---
[INFO] 
[INFO] --- maven-jar-plugin:3.1.2:jar (default-jar) @ dkpro-core-api-anomaly-asl ---
[INFO] Building jar: /Users/desilets/Documents/GitRepositories/dkpro-core.AD.1.12.x.Improvement/dkpro-core-api-anomaly-asl/target/dkpro-core-api-anomaly-asl-1.12.1-SNAPSHOT.jar
[INFO] 
[INFO] --- maven-dependency-plugin:3.1.1:analyze-only (default) @ dkpro-core-api-anomaly-asl ---
[INFO] No dependency problems found
[INFO] 
[INFO] --- maven-checkstyle-plugin:3.1.0:check (checkstyle-check) @ dkpro-core-api-anomaly-asl ---
[INFO] 
[INFO] --- apache-rat-plugin:0.13:check (default) @ dkpro-core-api-anomaly-asl ---
[INFO] RAT will not execute since it is configured to be skipped via system property 'rat.skip'.
[INFO] 
[INFO] --- maven-install-plugin:2.5.2:install (default-install) @ dkpro-core-api-anomaly-asl ---
[INFO] Installing /Users/desilets/Documents/GitRepositories/dkpro-core.AD.1.12.x.Improvement/dkpro-core-api-anomaly-asl/target/dkpro-core-api-anomaly-asl-1.12.1-SNAPSHOT.jar to /Users/desilets/.m2/repository/org/dkpro/core/dkpro-core-api-anomaly-asl/1.12.1-SNAPSHOT/dkpro-core-api-anomaly-asl-1.12.1-SNAPSHOT.jar
[INFO] Installing /Users/desilets/Documents/GitRepositories/dkpro-core.AD.1.12.x.Improvement/dkpro-core-api-anomaly-asl/pom.xml to /Users/desilets/.m2/repository/org/dkpro/core/dkpro-core-api-anomaly-asl/1.12.1-SNAPSHOT/dkpro-core-api-anomaly-asl-1.12.1-SNAPSHOT.pom
[INFO] 
[INFO] --------------< org.dkpro.core:dkpro-core-api-coref-asl >---------------
[INFO] Building DKPro Core ASL - Coreference API 1.12.1-SNAPSHOT        [5/118]
[INFO] --------------------------------[ jar ]---------------------------------
[INFO] 
[INFO] --- maven-clean-plugin:3.1.0:clean (default-clean) @ dkpro-core-api-coref-asl ---
[INFO] Deleting /Users/desilets/Documents/GitRepositories/dkpro-core.AD.1.12.x.Improvement/dkpro-core-api-coref-asl/target
[INFO] 
[INFO] --- maven-enforcer-plugin:1.4.1:enforce (enforce-maven) @ dkpro-core-api-coref-asl ---
[INFO] 
[INFO] --- groovy-maven-plugin:2.1.1:execute (read-notice) @ dkpro-core-api-coref-asl ---
[INFO] 
[INFO] --- maven-remote-resources-plugin:1.6.0:process (process-remote-resources) @ dkpro-core-api-coref-asl ---
[INFO] Preparing remote bundle de.tudarmstadt.ukp.dkpro.core:build-resources:1
[INFO] Copying 2 resources from 1 bundle.
[INFO] 
[INFO] --- maven-resources-plugin:3.1.0:copy-resources (copy-license) @ dkpro-core-api-coref-asl ---
[INFO] Using 'UTF-8' encoding to copy filtered resources.
[INFO] Copying 1 resource
[INFO] 
[INFO] --- maven-resources-plugin:3.1.0:resources (default-resources) @ dkpro-core-api-coref-asl ---
[INFO] Using 'UTF-8' encoding to copy filtered resources.
[INFO] Copying 2 resources
[INFO] Copying 1 resource
[INFO] Copying 2 resources
[INFO] 
[INFO] --- maven-compiler-plugin:3.8.1:compile (default-compile) @ dkpro-core-api-coref-asl ---
[INFO] Changes detected - recompiling the module!
[INFO] Compiling 6 source files to /Users/desilets/Documents/GitRepositories/dkpro-core.AD.1.12.x.Improvement/dkpro-core-api-coref-asl/target/classes
[INFO] 
[INFO] --- uimafit-maven-plugin:2.4.0:enhance (default) @ dkpro-core-api-coref-asl ---
[INFO] Enhanced 0 classes (0 already enhanced).
[INFO] 
[INFO] --- uimafit-maven-plugin:2.4.0:generate (default) @ dkpro-core-api-coref-asl ---
[INFO] Generated 0 descriptors.
[INFO] 
[INFO] --- omtd-share-annotations-maven-plugin:3.0.2.7:generate (default) @ dkpro-core-api-coref-asl ---
[INFO] Loading mime type mapping: META-INF/eu.openminted.share/mimeTypeMapping.map
[INFO] Loading UIMA type mapping: META-INF/eu.openminted.share/uimaTypeMapping.map
[INFO] Not a supported UIMA descriptor: file:/Users/desilets/Documents/GitRepositories/dkpro-core.AD.1.12.x.Improvement/dkpro-core-api-coref-asl/target/classes/desc/type/coref.xml
[INFO] Generated 0 descriptors.
[INFO] 
[INFO] --- maven-resources-plugin:3.1.0:testResources (default-testResources) @ dkpro-core-api-coref-asl ---
[INFO] Using 'UTF-8' encoding to copy filtered resources.
[INFO] skip non existing resourceDirectory /Users/desilets/Documents/GitRepositories/dkpro-core.AD.1.12.x.Improvement/dkpro-core-api-coref-asl/src/test/resources
[INFO] Copying 2 resources
[INFO] 
[INFO] --- maven-compiler-plugin:3.8.1:testCompile (default-testCompile) @ dkpro-core-api-coref-asl ---
[INFO] No sources to compile
[INFO] 
[INFO] --- maven-surefire-plugin:2.22.2:test (default-test) @ dkpro-core-api-coref-asl ---
[INFO] 
[INFO] --- maven-jar-plugin:3.1.2:jar (default-jar) @ dkpro-core-api-coref-asl ---
[INFO] Building jar: /Users/desilets/Documents/GitRepositories/dkpro-core.AD.1.12.x.Improvement/dkpro-core-api-coref-asl/target/dkpro-core-api-coref-asl-1.12.1-SNAPSHOT.jar
[INFO] 
[INFO] --- maven-dependency-plugin:3.1.1:analyze-only (default) @ dkpro-core-api-coref-asl ---
[INFO] No dependency problems found
[INFO] 
[INFO] --- maven-checkstyle-plugin:3.1.0:check (checkstyle-check) @ dkpro-core-api-coref-asl ---
[INFO] 
[INFO] --- apache-rat-plugin:0.13:check (default) @ dkpro-core-api-coref-asl ---
[INFO] RAT will not execute since it is configured to be skipped via system property 'rat.skip'.
[INFO] 
[INFO] --- maven-install-plugin:2.5.2:install (default-install) @ dkpro-core-api-coref-asl ---
[INFO] Installing /Users/desilets/Documents/GitRepositories/dkpro-core.AD.1.12.x.Improvement/dkpro-core-api-coref-asl/target/dkpro-core-api-coref-asl-1.12.1-SNAPSHOT.jar to /Users/desilets/.m2/repository/org/dkpro/core/dkpro-core-api-coref-asl/1.12.1-SNAPSHOT/dkpro-core-api-coref-asl-1.12.1-SNAPSHOT.jar
[INFO] Installing /Users/desilets/Documents/GitRepositories/dkpro-core.AD.1.12.x.Improvement/dkpro-core-api-coref-asl/pom.xml to /Users/desilets/.m2/repository/org/dkpro/core/dkpro-core-api-coref-asl/1.12.1-SNAPSHOT/dkpro-core-api-coref-asl-1.12.1-SNAPSHOT.pom
[INFO] 
[INFO] ------------< org.dkpro.core:dkpro-core-api-parameter-asl >-------------
[INFO] Building DKPro Core ASL - Parameter API 1.12.1-SNAPSHOT          [6/118]
[INFO] --------------------------------[ jar ]---------------------------------
[INFO] 
[INFO] --- maven-clean-plugin:3.1.0:clean (default-clean) @ dkpro-core-api-parameter-asl ---
[INFO] Deleting /Users/desilets/Documents/GitRepositories/dkpro-core.AD.1.12.x.Improvement/dkpro-core-api-parameter-asl/target
[INFO] 
[INFO] --- maven-enforcer-plugin:1.4.1:enforce (enforce-maven) @ dkpro-core-api-parameter-asl ---
[INFO] 
[INFO] --- groovy-maven-plugin:2.1.1:execute (read-notice) @ dkpro-core-api-parameter-asl ---
[INFO] 
[INFO] --- maven-remote-resources-plugin:1.6.0:process (process-remote-resources) @ dkpro-core-api-parameter-asl ---
[INFO] Preparing remote bundle de.tudarmstadt.ukp.dkpro.core:build-resources:1
[INFO] Copying 2 resources from 1 bundle.
[INFO] 
[INFO] --- maven-resources-plugin:3.1.0:copy-resources (copy-license) @ dkpro-core-api-parameter-asl ---
[INFO] Using 'UTF-8' encoding to copy filtered resources.
[INFO] Copying 1 resource
[INFO] 
[INFO] --- maven-resources-plugin:3.1.0:resources (default-resources) @ dkpro-core-api-parameter-asl ---
[INFO] Using 'UTF-8' encoding to copy filtered resources.
[INFO] Copying 2 resources
[INFO] Copying 2 resources
[INFO] 
[INFO] --- maven-compiler-plugin:3.8.1:compile (default-compile) @ dkpro-core-api-parameter-asl ---
[INFO] Changes detected - recompiling the module!
[INFO] Compiling 5 source files to /Users/desilets/Documents/GitRepositories/dkpro-core.AD.1.12.x.Improvement/dkpro-core-api-parameter-asl/target/classes
[INFO] /Users/desilets/Documents/GitRepositories/dkpro-core.AD.1.12.x.Improvement/dkpro-core-api-parameter-asl/src/main/java/org/dkpro/core/api/parameter/AnnotationChecker.java: /Users/desilets/Documents/GitRepositories/dkpro-core.AD.1.12.x.Improvement/dkpro-core-api-parameter-asl/src/main/java/org/dkpro/core/api/parameter/AnnotationChecker.java uses unchecked or unsafe operations.
[INFO] /Users/desilets/Documents/GitRepositories/dkpro-core.AD.1.12.x.Improvement/dkpro-core-api-parameter-asl/src/main/java/org/dkpro/core/api/parameter/AnnotationChecker.java: Recompile with -Xlint:unchecked for details.
[INFO] 
[INFO] --- uimafit-maven-plugin:2.4.0:enhance (default) @ dkpro-core-api-parameter-asl ---
[INFO] Enhanced 0 classes (0 already enhanced).
[INFO] 
[INFO] --- uimafit-maven-plugin:2.4.0:generate (default) @ dkpro-core-api-parameter-asl ---
[INFO] Generated 0 descriptors.
[INFO] 
[INFO] --- omtd-share-annotations-maven-plugin:3.0.2.7:generate (default) @ dkpro-core-api-parameter-asl ---
[INFO] Loading mime type mapping: META-INF/eu.openminted.share/mimeTypeMapping.map
[INFO] Loading UIMA type mapping: META-INF/eu.openminted.share/uimaTypeMapping.map
[INFO] Generated 0 descriptors.
[INFO] 
[INFO] --- maven-resources-plugin:3.1.0:testResources (default-testResources) @ dkpro-core-api-parameter-asl ---
[INFO] Using 'UTF-8' encoding to copy filtered resources.
[INFO] skip non existing resourceDirectory /Users/desilets/Documents/GitRepositories/dkpro-core.AD.1.12.x.Improvement/dkpro-core-api-parameter-asl/src/test/resources
[INFO] Copying 2 resources
[INFO] 
[INFO] --- maven-compiler-plugin:3.8.1:testCompile (default-testCompile) @ dkpro-core-api-parameter-asl ---
[INFO] No sources to compile
[INFO] 
[INFO] --- maven-surefire-plugin:2.22.2:test (default-test) @ dkpro-core-api-parameter-asl ---
[INFO] 
[INFO] --- maven-jar-plugin:3.1.2:jar (default-jar) @ dkpro-core-api-parameter-asl ---
[INFO] Building jar: /Users/desilets/Documents/GitRepositories/dkpro-core.AD.1.12.x.Improvement/dkpro-core-api-parameter-asl/target/dkpro-core-api-parameter-asl-1.12.1-SNAPSHOT.jar
[INFO] 
[INFO] --- maven-dependency-plugin:3.1.1:analyze-only (default) @ dkpro-core-api-parameter-asl ---
[INFO] No dependency problems found
[INFO] 
[INFO] --- maven-checkstyle-plugin:3.1.0:check (checkstyle-check) @ dkpro-core-api-parameter-asl ---
[INFO] 
[INFO] --- apache-rat-plugin:0.13:check (default) @ dkpro-core-api-parameter-asl ---
[INFO] RAT will not execute since it is configured to be skipped via system property 'rat.skip'.
[INFO] 
[INFO] --- maven-install-plugin:2.5.2:install (default-install) @ dkpro-core-api-parameter-asl ---
[INFO] Installing /Users/desilets/Documents/GitRepositories/dkpro-core.AD.1.12.x.Improvement/dkpro-core-api-parameter-asl/target/dkpro-core-api-parameter-asl-1.12.1-SNAPSHOT.jar to /Users/desilets/.m2/repository/org/dkpro/core/dkpro-core-api-parameter-asl/1.12.1-SNAPSHOT/dkpro-core-api-parameter-asl-1.12.1-SNAPSHOT.jar
[INFO] Installing /Users/desilets/Documents/GitRepositories/dkpro-core.AD.1.12.x.Improvement/dkpro-core-api-parameter-asl/pom.xml to /Users/desilets/.m2/repository/org/dkpro/core/dkpro-core-api-parameter-asl/1.12.1-SNAPSHOT/dkpro-core-api-parameter-asl-1.12.1-SNAPSHOT.pom
[INFO] 
[INFO] -------------< org.dkpro.core:dkpro-core-api-metadata-asl >-------------
[INFO] Building DKPro Core ASL - Metadata API 1.12.1-SNAPSHOT           [7/118]
[INFO] --------------------------------[ jar ]---------------------------------
[INFO] 
[INFO] --- maven-clean-plugin:3.1.0:clean (default-clean) @ dkpro-core-api-metadata-asl ---
[INFO] Deleting /Users/desilets/Documents/GitRepositories/dkpro-core.AD.1.12.x.Improvement/dkpro-core-api-metadata-asl/target
[INFO] 
[INFO] --- maven-enforcer-plugin:1.4.1:enforce (enforce-maven) @ dkpro-core-api-metadata-asl ---
[INFO] 
[INFO] --- groovy-maven-plugin:2.1.1:execute (read-notice) @ dkpro-core-api-metadata-asl ---
[INFO] 
[INFO] --- jcasgen-maven-plugin:2.10.3:generate (default) @ dkpro-core-api-metadata-asl ---
[INFO] JCasGen: Found descriptor '/Users/desilets/Documents/GitRepositories/dkpro-core.AD.1.12.x.Improvement/dkpro-core-api-metadata-asl/src/main/resources/desc/type/metadata.xml'
[INFO] JCasGen: Limiting generation to descriptors in '/Users/desilets/Documents/GitRepositories/dkpro-core.AD.1.12.x.Improvement/dkpro-core-api-metadata-asl'
[INFO] JCasGen: Output going to '/Users/desilets/Documents/GitRepositories/dkpro-core.AD.1.12.x.Improvement/dkpro-core-api-metadata-asl/target/generated-sources/jcasgen'
[INFO] JCasGen: Reading the XML TAE descriptor, and creating types, for xml input file '/Users/desilets/Documents/GitRepositories/dkpro-core.AD.1.12.x.Improvement/dkpro-core-api-metadata-asl/target/jcasgen/typesystem.xml'.
[INFO] JCasGen: Creating: 'de.tudarmstadt.ukp.dkpro.core.api.metadata.type.MetaDataStringField'.
[INFO] JCasGen: Creating: 'de.tudarmstadt.ukp.dkpro.core.api.metadata.type.MetaDataStringField_Type'.
[INFO] JCasGen: Creating: 'de.tudarmstadt.ukp.dkpro.core.api.metadata.type.TagDescription'.
[INFO] JCasGen: Creating: 'de.tudarmstadt.ukp.dkpro.core.api.metadata.type.TagDescription_Type'.
[INFO] JCasGen: Creating: 'de.tudarmstadt.ukp.dkpro.core.api.metadata.type.TagsetDescription'.
[INFO] JCasGen: Creating: 'de.tudarmstadt.ukp.dkpro.core.api.metadata.type.TagsetDescription_Type'.
[INFO] 
[INFO] --- build-helper-maven-plugin:1.10:add-source (addToSourceFolder) @ dkpro-core-api-metadata-asl ---
[INFO] Source directory: /Users/desilets/Documents/GitRepositories/dkpro-core.AD.1.12.x.Improvement/dkpro-core-api-metadata-asl/target/generated-sources/jcasgen added.
[INFO] 
[INFO] --- maven-remote-resources-plugin:1.6.0:process (process-remote-resources) @ dkpro-core-api-metadata-asl ---
[INFO] Preparing remote bundle de.tudarmstadt.ukp.dkpro.core:build-resources:1
[INFO] Copying 2 resources from 1 bundle.
[INFO] 
[INFO] --- maven-resources-plugin:3.1.0:copy-resources (copy-license) @ dkpro-core-api-metadata-asl ---
[INFO] Using 'UTF-8' encoding to copy filtered resources.
[INFO] Copying 1 resource
[INFO] 
[INFO] --- maven-resources-plugin:3.1.0:resources (default-resources) @ dkpro-core-api-metadata-asl ---
[INFO] Using 'UTF-8' encoding to copy filtered resources.
[INFO] Copying 2 resources
[INFO] Copying 2 resources
[INFO] Copying 2 resources
[INFO] 
[INFO] --- maven-compiler-plugin:3.8.1:compile (default-compile) @ dkpro-core-api-metadata-asl ---
[INFO] Changes detected - recompiling the module!
[INFO] Compiling 13 source files to /Users/desilets/Documents/GitRepositories/dkpro-core.AD.1.12.x.Improvement/dkpro-core-api-metadata-asl/target/classes
[INFO] 
[INFO] --- uimafit-maven-plugin:2.4.0:enhance (default) @ dkpro-core-api-metadata-asl ---
[INFO] Enhanced 0 classes (0 already enhanced).
[INFO] 
[INFO] --- uimafit-maven-plugin:2.4.0:generate (default) @ dkpro-core-api-metadata-asl ---
[INFO] Generated 0 descriptors.
[INFO] 
[INFO] --- omtd-share-annotations-maven-plugin:3.0.2.7:generate (default) @ dkpro-core-api-metadata-asl ---
[INFO] Loading mime type mapping: META-INF/eu.openminted.share/mimeTypeMapping.map
[INFO] Loading UIMA type mapping: META-INF/eu.openminted.share/uimaTypeMapping.map
[INFO] Not a supported UIMA descriptor: file:/Users/desilets/Documents/GitRepositories/dkpro-core.AD.1.12.x.Improvement/dkpro-core-api-metadata-asl/target/classes/desc/type/metadata_customized.xml
[INFO] Not a supported UIMA descriptor: file:/Users/desilets/Documents/GitRepositories/dkpro-core.AD.1.12.x.Improvement/dkpro-core-api-metadata-asl/target/classes/desc/type/metadata.xml
[INFO] Generated 0 descriptors.
[INFO] 
[INFO] --- maven-resources-plugin:3.1.0:testResources (default-testResources) @ dkpro-core-api-metadata-asl ---
[INFO] Using 'UTF-8' encoding to copy filtered resources.
[INFO] skip non existing resourceDirectory /Users/desilets/Documents/GitRepositories/dkpro-core.AD.1.12.x.Improvement/dkpro-core-api-metadata-asl/src/test/resources
[INFO] Copying 2 resources
[INFO] 
[INFO] --- maven-compiler-plugin:3.8.1:testCompile (default-testCompile) @ dkpro-core-api-metadata-asl ---
[INFO] Changes detected - recompiling the module!
[INFO] Compiling 2 source files to /Users/desilets/Documents/GitRepositories/dkpro-core.AD.1.12.x.Improvement/dkpro-core-api-metadata-asl/target/test-classes
[INFO] 
[INFO] --- maven-surefire-plugin:2.22.2:test (default-test) @ dkpro-core-api-metadata-asl ---
[INFO] 
[INFO] -------------------------------------------------------
[INFO]  T E S T S
[INFO] -------------------------------------------------------
[INFO] Running de.tudarmstadt.ukp.dkpro.core.api.metadata.type.MetaDataStringFieldTest
[INFO] Tests run: 2, Failures: 0, Errors: 0, Skipped: 0, Time elapsed: 1.247 s - in de.tudarmstadt.ukp.dkpro.core.api.metadata.type.MetaDataStringFieldTest
[INFO] Running de.tudarmstadt.ukp.dkpro.core.api.metadata.type.DocumentMetaDataTest
[WARNING] Tests run: 5, Failures: 0, Errors: 0, Skipped: 1, Time elapsed: 0.239 s - in de.tudarmstadt.ukp.dkpro.core.api.metadata.type.DocumentMetaDataTest
[INFO] 
[INFO] Results:
[INFO] 
[WARNING] Tests run: 7, Failures: 0, Errors: 0, Skipped: 1
[INFO] 
[INFO] 
[INFO] --- maven-jar-plugin:3.1.2:jar (default-jar) @ dkpro-core-api-metadata-asl ---
[INFO] Building jar: /Users/desilets/Documents/GitRepositories/dkpro-core.AD.1.12.x.Improvement/dkpro-core-api-metadata-asl/target/dkpro-core-api-metadata-asl-1.12.1-SNAPSHOT.jar
[INFO] 
[INFO] --- maven-dependency-plugin:3.1.1:analyze-only (default) @ dkpro-core-api-metadata-asl ---
[INFO] No dependency problems found
[INFO] 
[INFO] --- maven-checkstyle-plugin:3.1.0:check (checkstyle-check) @ dkpro-core-api-metadata-asl ---
[INFO] 
[INFO] --- apache-rat-plugin:0.13:check (default) @ dkpro-core-api-metadata-asl ---
[INFO] RAT will not execute since it is configured to be skipped via system property 'rat.skip'.
[INFO] 
[INFO] --- maven-install-plugin:2.5.2:install (default-install) @ dkpro-core-api-metadata-asl ---
[INFO] Installing /Users/desilets/Documents/GitRepositories/dkpro-core.AD.1.12.x.Improvement/dkpro-core-api-metadata-asl/target/dkpro-core-api-metadata-asl-1.12.1-SNAPSHOT.jar to /Users/desilets/.m2/repository/org/dkpro/core/dkpro-core-api-metadata-asl/1.12.1-SNAPSHOT/dkpro-core-api-metadata-asl-1.12.1-SNAPSHOT.jar
[INFO] Installing /Users/desilets/Documents/GitRepositories/dkpro-core.AD.1.12.x.Improvement/dkpro-core-api-metadata-asl/pom.xml to /Users/desilets/.m2/repository/org/dkpro/core/dkpro-core-api-metadata-asl/1.12.1-SNAPSHOT/dkpro-core-api-metadata-asl-1.12.1-SNAPSHOT.pom
[INFO] 
[INFO] ------------< org.dkpro.core:dkpro-core-api-resources-asl >-------------
[INFO] Building DKPro Core ASL - Resources API 1.12.1-SNAPSHOT          [8/118]
[INFO] --------------------------------[ jar ]---------------------------------
[INFO] 
[INFO] --- maven-clean-plugin:3.1.0:clean (default-clean) @ dkpro-core-api-resources-asl ---
[INFO] Deleting /Users/desilets/Documents/GitRepositories/dkpro-core.AD.1.12.x.Improvement/dkpro-core-api-resources-asl/target
[INFO] 
[INFO] --- maven-enforcer-plugin:1.4.1:enforce (enforce-maven) @ dkpro-core-api-resources-asl ---
[INFO] 
[INFO] --- groovy-maven-plugin:2.1.1:execute (read-notice) @ dkpro-core-api-resources-asl ---
[INFO] 
[INFO] --- maven-remote-resources-plugin:1.6.0:process (process-remote-resources) @ dkpro-core-api-resources-asl ---
[INFO] Preparing remote bundle de.tudarmstadt.ukp.dkpro.core:build-resources:1
[INFO] Copying 2 resources from 1 bundle.
[INFO] 
[INFO] --- maven-resources-plugin:3.1.0:copy-resources (copy-license) @ dkpro-core-api-resources-asl ---
[INFO] Using 'UTF-8' encoding to copy filtered resources.
[INFO] Copying 1 resource
[INFO] 
[INFO] --- maven-resources-plugin:3.1.0:resources (default-resources) @ dkpro-core-api-resources-asl ---
[INFO] Using 'UTF-8' encoding to copy filtered resources.
[INFO] skip non existing resourceDirectory /Users/desilets/Documents/GitRepositories/dkpro-core.AD.1.12.x.Improvement/dkpro-core-api-resources-asl/src/main/resources
[INFO] Copying 2 resources
[INFO] 
[INFO] --- maven-compiler-plugin:3.8.1:compile (default-compile) @ dkpro-core-api-resources-asl ---
[INFO] Changes detected - recompiling the module!
[INFO] Compiling 21 source files to /Users/desilets/Documents/GitRepositories/dkpro-core.AD.1.12.x.Improvement/dkpro-core-api-resources-asl/target/classes
[WARNING] /Users/desilets/Documents/GitRepositories/dkpro-core.AD.1.12.x.Improvement/dkpro-core-api-resources-asl/src/main/java/org/dkpro/core/api/resources/ResourceUtils.java:[137,36] closeQuietly(java.io.InputStream) in org.apache.commons.io.IOUtils has been deprecated
[WARNING] /Users/desilets/Documents/GitRepositories/dkpro-core.AD.1.12.x.Improvement/dkpro-core-api-resources-asl/src/main/java/org/dkpro/core/api/resources/ResourceUtils.java:[138,36] closeQuietly(java.io.OutputStream) in org.apache.commons.io.IOUtils has been deprecated
[WARNING] /Users/desilets/Documents/GitRepositories/dkpro-core.AD.1.12.x.Improvement/dkpro-core-api-resources-asl/src/main/java/org/dkpro/core/api/resources/ResourceUtils.java:[239,21] closeQuietly(java.io.InputStream) in org.apache.commons.io.IOUtils has been deprecated
[WARNING] /Users/desilets/Documents/GitRepositories/dkpro-core.AD.1.12.x.Improvement/dkpro-core-api-resources-asl/src/main/java/org/dkpro/core/api/resources/ResourceUtils.java:[240,21] closeQuietly(java.io.OutputStream) in org.apache.commons.io.IOUtils has been deprecated
[WARNING] /Users/desilets/Documents/GitRepositories/dkpro-core.AD.1.12.x.Improvement/dkpro-core-api-resources-asl/src/main/java/org/dkpro/core/api/resources/ResourceUtils.java:[320,21] closeQuietly(java.io.InputStream) in org.apache.commons.io.IOUtils has been deprecated
[WARNING] /Users/desilets/Documents/GitRepositories/dkpro-core.AD.1.12.x.Improvement/dkpro-core-api-resources-asl/src/main/java/org/dkpro/core/api/resources/ResourceUtils.java:[321,21] closeQuietly(java.io.OutputStream) in org.apache.commons.io.IOUtils has been deprecated
[WARNING] /Users/desilets/Documents/GitRepositories/dkpro-core.AD.1.12.x.Improvement/dkpro-core-api-resources-asl/src/main/java/org/dkpro/core/api/resources/RuntimeProvider.java:[163,17] closeQuietly(java.io.InputStream) in org.apache.commons.io.IOUtils has been deprecated
[WARNING] /Users/desilets/Documents/GitRepositories/dkpro-core.AD.1.12.x.Improvement/dkpro-core-api-resources-asl/src/main/java/org/dkpro/core/api/resources/RuntimeProvider.java:[164,17] closeQuietly(java.io.OutputStream) in org.apache.commons.io.IOUtils has been deprecated
[INFO] /Users/desilets/Documents/GitRepositories/dkpro-core.AD.1.12.x.Improvement/dkpro-core-api-resources-asl/src/main/java/org/dkpro/core/api/resources/internal/ApacheCommonsLoggingAdapter.java: /Users/desilets/Documents/GitRepositories/dkpro-core.AD.1.12.x.Improvement/dkpro-core-api-resources-asl/src/main/java/org/dkpro/core/api/resources/internal/ApacheCommonsLoggingAdapter.java uses unchecked or unsafe operations.
[INFO] /Users/desilets/Documents/GitRepositories/dkpro-core.AD.1.12.x.Improvement/dkpro-core-api-resources-asl/src/main/java/org/dkpro/core/api/resources/internal/ApacheCommonsLoggingAdapter.java: Recompile with -Xlint:unchecked for details.
[INFO] 
[INFO] --- uimafit-maven-plugin:2.4.0:enhance (default) @ dkpro-core-api-resources-asl ---
[INFO] Enhanced 0 classes (0 already enhanced).
[INFO] 
[INFO] --- uimafit-maven-plugin:2.4.0:generate (default) @ dkpro-core-api-resources-asl ---
[INFO] Generated 0 descriptors.
[INFO] 
[INFO] --- omtd-share-annotations-maven-plugin:3.0.2.7:generate (default) @ dkpro-core-api-resources-asl ---
[INFO] Loading mime type mapping: META-INF/eu.openminted.share/mimeTypeMapping.map
[INFO] Loading UIMA type mapping: META-INF/eu.openminted.share/uimaTypeMapping.map
[INFO] Generated 0 descriptors.
[INFO] 
[INFO] --- maven-resources-plugin:3.1.0:testResources (default-testResources) @ dkpro-core-api-resources-asl ---
[INFO] Using 'UTF-8' encoding to copy filtered resources.
[INFO] Copying 14 resources
[INFO] Copying 2 resources
[INFO] 
[INFO] --- maven-compiler-plugin:3.8.1:testCompile (default-testCompile) @ dkpro-core-api-resources-asl ---
[INFO] Changes detected - recompiling the module!
[INFO] Compiling 4 source files to /Users/desilets/Documents/GitRepositories/dkpro-core.AD.1.12.x.Improvement/dkpro-core-api-resources-asl/target/test-classes
[WARNING] /Users/desilets/Documents/GitRepositories/dkpro-core.AD.1.12.x.Improvement/dkpro-core-api-resources-asl/src/test/java/org/dkpro/core/api/resources/CompressionUtilsTest.java:[48,35] toString(java.io.InputStream) in org.apache.commons.io.IOUtils has been deprecated
[WARNING] /Users/desilets/Documents/GitRepositories/dkpro-core.AD.1.12.x.Improvement/dkpro-core-api-resources-asl/src/test/java/org/dkpro/core/api/resources/CompressionUtilsTest.java:[99,35] toString(java.io.InputStream) in org.apache.commons.io.IOUtils has been deprecated
[INFO] 
[INFO] --- maven-surefire-plugin:2.22.2:test (default-test) @ dkpro-core-api-resources-asl ---
[INFO] 
[INFO] -------------------------------------------------------
[INFO]  T E S T S
[INFO] -------------------------------------------------------
[INFO] Running org.dkpro.core.api.resources.ResourceObjectProviderTest

=== testIORuntime =====================

=== testPomFindingInJar =====================

=== testBadResolving =====================

=== testCaching =====================

=== testIOException =====================
[INFO] Tests run: 5, Failures: 0, Errors: 0, Skipped: 0, Time elapsed: 0.29 s - in org.dkpro.core.api.resources.ResourceObjectProviderTest
[INFO] Running org.dkpro.core.api.resources.ResourceUtilsTest
Original: jar:file:src/test/resources/testfiles.zip!/testfiles/FileSetCollectionReaderBase.class
As file: /var/folders/wz/2ws1z4z1585_myb2lq2g2_gh0000gn/T/FileSetCollectionReaderBase7461126646443686376.class
Original: /var/folders/wz/2ws1z4z1585_myb2lq2g2_gh0000gn/T/junit6290652424107054187/this is a test/this is a file name.extension with spaces
Original (URL): file:/var/folders/wz/2ws1z4z1585_myb2lq2g2_gh0000gn/T/junit6290652424107054187/this%20is%20a%20test/this%20is%20a%20file%20name.extension%20with%20spaces
As file: /var/folders/wz/2ws1z4z1585_myb2lq2g2_gh0000gn/T/junit6290652424107054187/this is a test/this is a file name.extension with spaces
[INFO] Tests run: 4, Failures: 0, Errors: 0, Skipped: 0, Time elapsed: 0.16 s - in org.dkpro.core.api.resources.ResourceUtilsTest
[INFO] Running org.dkpro.core.api.resources.CompressionUtilsTest
[INFO] Tests run: 5, Failures: 0, Errors: 0, Skipped: 0, Time elapsed: 3.037 s - in org.dkpro.core.api.resources.CompressionUtilsTest
[INFO] Running org.dkpro.core.api.resources.MappingProviderTest
[INFO] Tests run: 5, Failures: 0, Errors: 0, Skipped: 0, Time elapsed: 0.355 s - in org.dkpro.core.api.resources.MappingProviderTest
[INFO] 
[INFO] Results:
[INFO] 
[INFO] Tests run: 19, Failures: 0, Errors: 0, Skipped: 0
[INFO] 
[INFO] 
[INFO] --- maven-jar-plugin:3.1.2:jar (default-jar) @ dkpro-core-api-resources-asl ---
[INFO] Building jar: /Users/desilets/Documents/GitRepositories/dkpro-core.AD.1.12.x.Improvement/dkpro-core-api-resources-asl/target/dkpro-core-api-resources-asl-1.12.1-SNAPSHOT.jar
[INFO] 
[INFO] --- maven-dependency-plugin:3.1.1:analyze-only (default) @ dkpro-core-api-resources-asl ---
[INFO] No dependency problems found
[INFO] 
[INFO] --- maven-checkstyle-plugin:3.1.0:check (checkstyle-check) @ dkpro-core-api-resources-asl ---
[INFO] 
[INFO] --- apache-rat-plugin:0.13:check (default) @ dkpro-core-api-resources-asl ---
[INFO] RAT will not execute since it is configured to be skipped via system property 'rat.skip'.
[INFO] 
[INFO] --- maven-install-plugin:2.5.2:install (default-install) @ dkpro-core-api-resources-asl ---
[INFO] Installing /Users/desilets/Documents/GitRepositories/dkpro-core.AD.1.12.x.Improvement/dkpro-core-api-resources-asl/target/dkpro-core-api-resources-asl-1.12.1-SNAPSHOT.jar to /Users/desilets/.m2/repository/org/dkpro/core/dkpro-core-api-resources-asl/1.12.1-SNAPSHOT/dkpro-core-api-resources-asl-1.12.1-SNAPSHOT.jar
[INFO] Installing /Users/desilets/Documents/GitRepositories/dkpro-core.AD.1.12.x.Improvement/dkpro-core-api-resources-asl/pom.xml to /Users/desilets/.m2/repository/org/dkpro/core/dkpro-core-api-resources-asl/1.12.1-SNAPSHOT/dkpro-core-api-resources-asl-1.12.1-SNAPSHOT.pom
[INFO] 
[INFO] -------------< org.dkpro.core:dkpro-core-api-lexmorph-asl >-------------
[INFO] Building DKPro Core ASL - Part-of-Speech API 1.12.1-SNAPSHOT     [9/118]
[INFO] --------------------------------[ jar ]---------------------------------
[INFO] 
[INFO] --- maven-clean-plugin:3.1.0:clean (default-clean) @ dkpro-core-api-lexmorph-asl ---
[INFO] Deleting /Users/desilets/Documents/GitRepositories/dkpro-core.AD.1.12.x.Improvement/dkpro-core-api-lexmorph-asl/target
[INFO] 
[INFO] --- maven-enforcer-plugin:1.4.1:enforce (enforce-maven) @ dkpro-core-api-lexmorph-asl ---
[INFO] 
[INFO] --- groovy-maven-plugin:2.1.1:execute (read-notice) @ dkpro-core-api-lexmorph-asl ---
[INFO] 
[INFO] --- jcasgen-maven-plugin:2.10.3:generate (default) @ dkpro-core-api-lexmorph-asl ---
[INFO] JCasGen: Found descriptor '/Users/desilets/Documents/GitRepositories/dkpro-core.AD.1.12.x.Improvement/dkpro-core-api-lexmorph-asl/src/main/resources/desc/type/POS.xml'
[INFO] JCasGen: Found descriptor '/Users/desilets/Documents/GitRepositories/dkpro-core.AD.1.12.x.Improvement/dkpro-core-api-lexmorph-asl/src/main/resources/desc/type/Morpheme.xml'
[INFO] JCasGen: Limiting generation to descriptors in '/Users/desilets/Documents/GitRepositories/dkpro-core.AD.1.12.x.Improvement/dkpro-core-api-lexmorph-asl'
[INFO] JCasGen: Output going to '/Users/desilets/Documents/GitRepositories/dkpro-core.AD.1.12.x.Improvement/dkpro-core-api-lexmorph-asl/target/generated-sources/jcasgen'
[INFO] JCasGen: Reading the XML TAE descriptor, and creating types, for xml input file '/Users/desilets/Documents/GitRepositories/dkpro-core.AD.1.12.x.Improvement/dkpro-core-api-lexmorph-asl/target/jcasgen/typesystem.xml'.
[INFO] JCasGen: Creating: 'de.tudarmstadt.ukp.dkpro.core.api.lexmorph.type.morph.Morpheme'.
[INFO] JCasGen: Creating: 'de.tudarmstadt.ukp.dkpro.core.api.lexmorph.type.morph.Morpheme_Type'.
[INFO] JCasGen: Creating: 'de.tudarmstadt.ukp.dkpro.core.api.lexmorph.type.morph.MorphologicalFeatures'.
[INFO] JCasGen: Creating: 'de.tudarmstadt.ukp.dkpro.core.api.lexmorph.type.morph.MorphologicalFeatures_Type'.
[INFO] JCasGen: Creating: 'de.tudarmstadt.ukp.dkpro.core.api.lexmorph.type.pos.POS'.
[INFO] JCasGen: Creating: 'de.tudarmstadt.ukp.dkpro.core.api.lexmorph.type.pos.POS_Type'.
[INFO] JCasGen: Creating: 'de.tudarmstadt.ukp.dkpro.core.api.lexmorph.type.pos.POS_ADJ'.
[INFO] JCasGen: Creating: 'de.tudarmstadt.ukp.dkpro.core.api.lexmorph.type.pos.POS_ADJ_Type'.
[INFO] JCasGen: Creating: 'de.tudarmstadt.ukp.dkpro.core.api.lexmorph.type.pos.POS_ADP'.
[INFO] JCasGen: Creating: 'de.tudarmstadt.ukp.dkpro.core.api.lexmorph.type.pos.POS_ADP_Type'.
[INFO] JCasGen: Creating: 'de.tudarmstadt.ukp.dkpro.core.api.lexmorph.type.pos.POS_ADV'.
[INFO] JCasGen: Creating: 'de.tudarmstadt.ukp.dkpro.core.api.lexmorph.type.pos.POS_ADV_Type'.
[INFO] JCasGen: Creating: 'de.tudarmstadt.ukp.dkpro.core.api.lexmorph.type.pos.POS_AUX'.
[INFO] JCasGen: Creating: 'de.tudarmstadt.ukp.dkpro.core.api.lexmorph.type.pos.POS_AUX_Type'.
[INFO] JCasGen: Creating: 'de.tudarmstadt.ukp.dkpro.core.api.lexmorph.type.pos.POS_CONJ'.
[INFO] JCasGen: Creating: 'de.tudarmstadt.ukp.dkpro.core.api.lexmorph.type.pos.POS_CONJ_Type'.
[INFO] JCasGen: Creating: 'de.tudarmstadt.ukp.dkpro.core.api.lexmorph.type.pos.POS_DET'.
[INFO] JCasGen: Creating: 'de.tudarmstadt.ukp.dkpro.core.api.lexmorph.type.pos.POS_DET_Type'.
[INFO] JCasGen: Creating: 'de.tudarmstadt.ukp.dkpro.core.api.lexmorph.type.pos.POS_INTJ'.
[INFO] JCasGen: Creating: 'de.tudarmstadt.ukp.dkpro.core.api.lexmorph.type.pos.POS_INTJ_Type'.
[INFO] JCasGen: Creating: 'de.tudarmstadt.ukp.dkpro.core.api.lexmorph.type.pos.POS_NOUN'.
[INFO] JCasGen: Creating: 'de.tudarmstadt.ukp.dkpro.core.api.lexmorph.type.pos.POS_NOUN_Type'.
[INFO] JCasGen: Creating: 'de.tudarmstadt.ukp.dkpro.core.api.lexmorph.type.pos.POS_NUM'.
[INFO] JCasGen: Creating: 'de.tudarmstadt.ukp.dkpro.core.api.lexmorph.type.pos.POS_NUM_Type'.
[INFO] JCasGen: Creating: 'de.tudarmstadt.ukp.dkpro.core.api.lexmorph.type.pos.POS_PART'.
[INFO] JCasGen: Creating: 'de.tudarmstadt.ukp.dkpro.core.api.lexmorph.type.pos.POS_PART_Type'.
[INFO] JCasGen: Creating: 'de.tudarmstadt.ukp.dkpro.core.api.lexmorph.type.pos.POS_PRON'.
[INFO] JCasGen: Creating: 'de.tudarmstadt.ukp.dkpro.core.api.lexmorph.type.pos.POS_PRON_Type'.
[INFO] JCasGen: Creating: 'de.tudarmstadt.ukp.dkpro.core.api.lexmorph.type.pos.POS_PROPN'.
[INFO] JCasGen: Creating: 'de.tudarmstadt.ukp.dkpro.core.api.lexmorph.type.pos.POS_PROPN_Type'.
[INFO] JCasGen: Creating: 'de.tudarmstadt.ukp.dkpro.core.api.lexmorph.type.pos.POS_PUNCT'.
[INFO] JCasGen: Creating: 'de.tudarmstadt.ukp.dkpro.core.api.lexmorph.type.pos.POS_PUNCT_Type'.
[INFO] JCasGen: Creating: 'de.tudarmstadt.ukp.dkpro.core.api.lexmorph.type.pos.POS_SCONJ'.
[INFO] JCasGen: Creating: 'de.tudarmstadt.ukp.dkpro.core.api.lexmorph.type.pos.POS_SCONJ_Type'.
[INFO] JCasGen: Creating: 'de.tudarmstadt.ukp.dkpro.core.api.lexmorph.type.pos.POS_SYM'.
[INFO] JCasGen: Creating: 'de.tudarmstadt.ukp.dkpro.core.api.lexmorph.type.pos.POS_SYM_Type'.
[INFO] JCasGen: Creating: 'de.tudarmstadt.ukp.dkpro.core.api.lexmorph.type.pos.POS_VERB'.
[INFO] JCasGen: Creating: 'de.tudarmstadt.ukp.dkpro.core.api.lexmorph.type.pos.POS_VERB_Type'.
[INFO] JCasGen: Creating: 'de.tudarmstadt.ukp.dkpro.core.api.lexmorph.type.pos.POS_X'.
[INFO] JCasGen: Creating: 'de.tudarmstadt.ukp.dkpro.core.api.lexmorph.type.pos.POS_X_Type'.
[INFO] JCasGen: Creating: 'de.tudarmstadt.ukp.dkpro.core.api.lexmorph.type.pos.tweet.POS_AT'.
[INFO] JCasGen: Creating: 'de.tudarmstadt.ukp.dkpro.core.api.lexmorph.type.pos.tweet.POS_AT_Type'.
[INFO] JCasGen: Creating: 'de.tudarmstadt.ukp.dkpro.core.api.lexmorph.type.pos.tweet.POS_DM'.
[INFO] JCasGen: Creating: 'de.tudarmstadt.ukp.dkpro.core.api.lexmorph.type.pos.tweet.POS_DM_Type'.
[INFO] JCasGen: Creating: 'de.tudarmstadt.ukp.dkpro.core.api.lexmorph.type.pos.tweet.POS_EMO'.
[INFO] JCasGen: Creating: 'de.tudarmstadt.ukp.dkpro.core.api.lexmorph.type.pos.tweet.POS_EMO_Type'.
[INFO] JCasGen: Creating: 'de.tudarmstadt.ukp.dkpro.core.api.lexmorph.type.pos.tweet.POS_HASH'.
[INFO] JCasGen: Creating: 'de.tudarmstadt.ukp.dkpro.core.api.lexmorph.type.pos.tweet.POS_HASH_Type'.
[INFO] JCasGen: Creating: 'de.tudarmstadt.ukp.dkpro.core.api.lexmorph.type.pos.tweet.POS_INT'.
[INFO] JCasGen: Creating: 'de.tudarmstadt.ukp.dkpro.core.api.lexmorph.type.pos.tweet.POS_INT_Type'.
[INFO] JCasGen: Creating: 'de.tudarmstadt.ukp.dkpro.core.api.lexmorph.type.pos.tweet.POS_NNV'.
[INFO] JCasGen: Creating: 'de.tudarmstadt.ukp.dkpro.core.api.lexmorph.type.pos.tweet.POS_NNV_Type'.
[INFO] JCasGen: Creating: 'de.tudarmstadt.ukp.dkpro.core.api.lexmorph.type.pos.tweet.POS_NPV'.
[INFO] JCasGen: Creating: 'de.tudarmstadt.ukp.dkpro.core.api.lexmorph.type.pos.tweet.POS_NPV_Type'.
[INFO] JCasGen: Creating: 'de.tudarmstadt.ukp.dkpro.core.api.lexmorph.type.pos.tweet.POS_URL'.
[INFO] JCasGen: Creating: 'de.tudarmstadt.ukp.dkpro.core.api.lexmorph.type.pos.tweet.POS_URL_Type'.
[INFO] 
[INFO] --- build-helper-maven-plugin:1.10:add-source (addToSourceFolder) @ dkpro-core-api-lexmorph-asl ---
[INFO] Source directory: /Users/desilets/Documents/GitRepositories/dkpro-core.AD.1.12.x.Improvement/dkpro-core-api-lexmorph-asl/target/generated-sources/jcasgen added.
[INFO] 
[INFO] --- maven-remote-resources-plugin:1.6.0:process (process-remote-resources) @ dkpro-core-api-lexmorph-asl ---
[INFO] Preparing remote bundle de.tudarmstadt.ukp.dkpro.core:build-resources:1
[INFO] Copying 2 resources from 1 bundle.
[INFO] 
[INFO] --- maven-resources-plugin:3.1.0:copy-resources (copy-license) @ dkpro-core-api-lexmorph-asl ---
[INFO] Using 'UTF-8' encoding to copy filtered resources.
[INFO] Copying 1 resource
[INFO] 
[INFO] --- maven-resources-plugin:3.1.0:resources (default-resources) @ dkpro-core-api-lexmorph-asl ---
[INFO] Using 'UTF-8' encoding to copy filtered resources.
[INFO] Copying 67 resources
[INFO] Copying 3 resources
[INFO] Copying 2 resources
[INFO] 
[INFO] --- maven-compiler-plugin:3.8.1:compile (default-compile) @ dkpro-core-api-lexmorph-asl ---
[INFO] Changes detected - recompiling the module!
[INFO] Compiling 59 source files to /Users/desilets/Documents/GitRepositories/dkpro-core.AD.1.12.x.Improvement/dkpro-core-api-lexmorph-asl/target/classes
[INFO] 
[INFO] --- uimafit-maven-plugin:2.4.0:enhance (default) @ dkpro-core-api-lexmorph-asl ---
[INFO] Enhanced 0 classes (0 already enhanced).
[INFO] 
[INFO] --- uimafit-maven-plugin:2.4.0:generate (default) @ dkpro-core-api-lexmorph-asl ---
[INFO] Generated 0 descriptors.
[INFO] 
[INFO] --- omtd-share-annotations-maven-plugin:3.0.2.7:generate (default) @ dkpro-core-api-lexmorph-asl ---
[INFO] Loading mime type mapping: META-INF/eu.openminted.share/mimeTypeMapping.map
[INFO] Loading UIMA type mapping: META-INF/eu.openminted.share/uimaTypeMapping.map
[INFO] Not a supported UIMA descriptor: file:/Users/desilets/Documents/GitRepositories/dkpro-core.AD.1.12.x.Improvement/dkpro-core-api-lexmorph-asl/target/classes/desc/type/Morpheme.xml
[INFO] Not a supported UIMA descriptor: file:/Users/desilets/Documents/GitRepositories/dkpro-core.AD.1.12.x.Improvement/dkpro-core-api-lexmorph-asl/target/classes/desc/type/POS.xml
[INFO] Not a supported UIMA descriptor: file:/Users/desilets/Documents/GitRepositories/dkpro-core.AD.1.12.x.Improvement/dkpro-core-api-lexmorph-asl/target/classes/desc/type/POS_customized.xml
[INFO] Generated 0 descriptors.
[INFO] 
[INFO] --- maven-resources-plugin:3.1.0:testResources (default-testResources) @ dkpro-core-api-lexmorph-asl ---
[INFO] Using 'UTF-8' encoding to copy filtered resources.
[INFO] skip non existing resourceDirectory /Users/desilets/Documents/GitRepositories/dkpro-core.AD.1.12.x.Improvement/dkpro-core-api-lexmorph-asl/src/test/resources
[INFO] Copying 2 resources
[INFO] 
[INFO] --- maven-compiler-plugin:3.8.1:testCompile (default-testCompile) @ dkpro-core-api-lexmorph-asl ---
[INFO] Changes detected - recompiling the module!
[INFO] Compiling 2 source files to /Users/desilets/Documents/GitRepositories/dkpro-core.AD.1.12.x.Improvement/dkpro-core-api-lexmorph-asl/target/test-classes
[INFO] 
[INFO] --- maven-surefire-plugin:2.22.2:test (default-test) @ dkpro-core-api-lexmorph-asl ---
[INFO] 
[INFO] -------------------------------------------------------
[INFO]  T E S T S
[INFO] -------------------------------------------------------
[INFO] Running org.dkpro.core.api.lexmorph.tagset.MappingsTest
== en-ptb-tt-pos.map ==
== fr-corenlp34-pos.map ==
== zh-ctb-pos.map ==
== fr-ftb-pos.map ==
== de-stts-pos.map ==
== pt-gamallo-pos.map ==
== fr-stein-pos.map ==
== fr-melt-pos.map ==
== nl-alpino-ixa-pos.map ==
== fr-default-pos.map ==
== it-ud-pos.map ==
== it-tanl-pos.map ==
== et-tartu-pos.map ==
== en-c5-pos.map ==
== gr-aueb-simple-pos.map ==
== es-parole-reduced-pos.map ==
== ru-msd-pos.map ==
== en-ptb-emory-pos.map ==
== ar-atb-pos.map ==
== zh-lcmc-pos.map ==
== en-lbj-pos.map ==
== en-ptb-pos.map ==
== en-brown-pos.map ==
== de-default-pos.map ==
== bn-utpal-pos.map ==
== de-tiger-rftagger-pos.map ==
== es-crater-pos.map ==
== en-ud-pos.map ==
== es-default-pos.map ==
== la-brandolini-pos.map ==
== et-default-pos.map ==
== fa-upc-reduced-pos.map ==
== pt-bosque-pos.map ==
== sk-smt-reduced-pos.map ==
== es-ancora-pos.map ==
== eu-ud-pos.map ==
== en-default-pos.map ==
== cz-cac-pos.map ==
== gz-gamallo-pos.map ==
== en-medpost-pos.map ==
== en-browntei-pos.map ==
== en-arktweet-pos.map ==
== it-stein-pos.map ==
== sv-suc-pos.map ==
== ru-pos.map ==
== da-ddt-pos.map ==
== fa-upc-pos.map ==
== de-ud-pos.map ==
== no-ud-pos.map ==
== es-ancora-ixa-pos.map ==
== es-conll2009-pos.map ==
== sw-swatwol-pos.map ==
== pl-ncp-pos.map ==
== gl-xiada-pos.map ==
== nl-tt-pos.map ==
== zh-default-pos.map ==
[INFO] Tests run: 1, Failures: 0, Errors: 0, Skipped: 0, Time elapsed: 0.706 s - in org.dkpro.core.api.lexmorph.tagset.MappingsTest
[INFO] Running org.dkpro.core.api.lexmorph.pos.POSUtilsTest
[INFO] Tests run: 1, Failures: 0, Errors: 0, Skipped: 0, Time elapsed: 0.488 s - in org.dkpro.core.api.lexmorph.pos.POSUtilsTest
[INFO] 
[INFO] Results:
[INFO] 
[INFO] Tests run: 2, Failures: 0, Errors: 0, Skipped: 0
[INFO] 
[INFO] 
[INFO] --- maven-jar-plugin:3.1.2:jar (default-jar) @ dkpro-core-api-lexmorph-asl ---
[INFO] Building jar: /Users/desilets/Documents/GitRepositories/dkpro-core.AD.1.12.x.Improvement/dkpro-core-api-lexmorph-asl/target/dkpro-core-api-lexmorph-asl-1.12.1-SNAPSHOT.jar
[INFO] 
[INFO] --- maven-dependency-plugin:3.1.1:analyze-only (default) @ dkpro-core-api-lexmorph-asl ---
[INFO] No dependency problems found
[INFO] 
[INFO] --- maven-checkstyle-plugin:3.1.0:check (checkstyle-check) @ dkpro-core-api-lexmorph-asl ---
[INFO] 
[INFO] --- apache-rat-plugin:0.13:check (default) @ dkpro-core-api-lexmorph-asl ---
[INFO] RAT will not execute since it is configured to be skipped via system property 'rat.skip'.
[INFO] 
[INFO] --- maven-install-plugin:2.5.2:install (default-install) @ dkpro-core-api-lexmorph-asl ---
[INFO] Installing /Users/desilets/Documents/GitRepositories/dkpro-core.AD.1.12.x.Improvement/dkpro-core-api-lexmorph-asl/target/dkpro-core-api-lexmorph-asl-1.12.1-SNAPSHOT.jar to /Users/desilets/.m2/repository/org/dkpro/core/dkpro-core-api-lexmorph-asl/1.12.1-SNAPSHOT/dkpro-core-api-lexmorph-asl-1.12.1-SNAPSHOT.jar
[INFO] Installing /Users/desilets/Documents/GitRepositories/dkpro-core.AD.1.12.x.Improvement/dkpro-core-api-lexmorph-asl/pom.xml to /Users/desilets/.m2/repository/org/dkpro/core/dkpro-core-api-lexmorph-asl/1.12.1-SNAPSHOT/dkpro-core-api-lexmorph-asl-1.12.1-SNAPSHOT.pom
[INFO] 
[INFO] -----------< org.dkpro.core:dkpro-core-api-segmentation-asl >-----------
[INFO] Building DKPro Core ASL - Lexical Units API 1.12.1-SNAPSHOT     [10/118]
[INFO] --------------------------------[ jar ]---------------------------------
[INFO] 
[INFO] --- maven-clean-plugin:3.1.0:clean (default-clean) @ dkpro-core-api-segmentation-asl ---
[INFO] Deleting /Users/desilets/Documents/GitRepositories/dkpro-core.AD.1.12.x.Improvement/dkpro-core-api-segmentation-asl/target
[INFO] 
[INFO] --- maven-enforcer-plugin:1.4.1:enforce (enforce-maven) @ dkpro-core-api-segmentation-asl ---
[INFO] 
[INFO] --- groovy-maven-plugin:2.1.1:execute (read-notice) @ dkpro-core-api-segmentation-asl ---
[INFO] 
[INFO] --- jcasgen-maven-plugin:2.10.3:generate (default) @ dkpro-core-api-segmentation-asl ---
[INFO] JCasGen: Found descriptor '/Users/desilets/Documents/GitRepositories/dkpro-core.AD.1.12.x.Improvement/dkpro-core-api-segmentation-asl/src/main/resources/desc/type/LexicalPhrase.xml'
[INFO] JCasGen: Found descriptor '/Users/desilets/Documents/GitRepositories/dkpro-core.AD.1.12.x.Improvement/dkpro-core-api-segmentation-asl/src/main/resources/desc/type/LexicalUnits.xml'
[INFO] JCasGen: Limiting generation to descriptors in '/Users/desilets/Documents/GitRepositories/dkpro-core.AD.1.12.x.Improvement/dkpro-core-api-segmentation-asl'
[INFO] JCasGen: Output going to '/Users/desilets/Documents/GitRepositories/dkpro-core.AD.1.12.x.Improvement/dkpro-core-api-segmentation-asl/target/generated-sources/jcasgen'
[INFO] JCasGen: Reading the XML TAE descriptor, and creating types, for xml input file '/Users/desilets/Documents/GitRepositories/dkpro-core.AD.1.12.x.Improvement/dkpro-core-api-segmentation-asl/target/jcasgen/typesystem.xml'.
[INFO] JCasGen: Creating: 'de.tudarmstadt.ukp.dkpro.core.api.segmentation.type.CompoundPart'.
[INFO] JCasGen: Creating: 'de.tudarmstadt.ukp.dkpro.core.api.segmentation.type.CompoundPart_Type'.
[INFO] JCasGen: Creating: 'de.tudarmstadt.ukp.dkpro.core.api.segmentation.type.Div'.
[INFO] JCasGen: Creating: 'de.tudarmstadt.ukp.dkpro.core.api.segmentation.type.Div_Type'.
[INFO] JCasGen: Creating: 'de.tudarmstadt.ukp.dkpro.core.api.segmentation.type.Document'.
[INFO] JCasGen: Creating: 'de.tudarmstadt.ukp.dkpro.core.api.segmentation.type.Document_Type'.
[INFO] JCasGen: Creating: 'de.tudarmstadt.ukp.dkpro.core.api.segmentation.type.Heading'.
[INFO] JCasGen: Creating: 'de.tudarmstadt.ukp.dkpro.core.api.segmentation.type.Heading_Type'.
[INFO] JCasGen: Creating: 'de.tudarmstadt.ukp.dkpro.core.api.segmentation.type.Lemma'.
[INFO] JCasGen: Creating: 'de.tudarmstadt.ukp.dkpro.core.api.segmentation.type.Lemma_Type'.
[INFO] JCasGen: Creating: 'de.tudarmstadt.ukp.dkpro.core.api.segmentation.type.LexicalPhrase'.
[INFO] JCasGen: Creating: 'de.tudarmstadt.ukp.dkpro.core.api.segmentation.type.LexicalPhrase_Type'.
[INFO] JCasGen: Creating: 'de.tudarmstadt.ukp.dkpro.core.api.segmentation.type.LinkingMorpheme'.
[INFO] JCasGen: Creating: 'de.tudarmstadt.ukp.dkpro.core.api.segmentation.type.LinkingMorpheme_Type'.
[INFO] JCasGen: Creating: 'de.tudarmstadt.ukp.dkpro.core.api.segmentation.type.NGram'.
[INFO] JCasGen: Creating: 'de.tudarmstadt.ukp.dkpro.core.api.segmentation.type.NGram_Type'.
[INFO] JCasGen: Creating: 'de.tudarmstadt.ukp.dkpro.core.api.segmentation.type.Paragraph'.
[INFO] JCasGen: Creating: 'de.tudarmstadt.ukp.dkpro.core.api.segmentation.type.Paragraph_Type'.
[INFO] JCasGen: Creating: 'de.tudarmstadt.ukp.dkpro.core.api.segmentation.type.Sentence'.
[INFO] JCasGen: Creating: 'de.tudarmstadt.ukp.dkpro.core.api.segmentation.type.Sentence_Type'.
[INFO] JCasGen: Creating: 'de.tudarmstadt.ukp.dkpro.core.api.segmentation.type.Split'.
[INFO] JCasGen: Creating: 'de.tudarmstadt.ukp.dkpro.core.api.segmentation.type.Split_Type'.
[INFO] JCasGen: Creating: 'de.tudarmstadt.ukp.dkpro.core.api.segmentation.type.Stem'.
[INFO] JCasGen: Creating: 'de.tudarmstadt.ukp.dkpro.core.api.segmentation.type.Stem_Type'.
[INFO] JCasGen: Creating: 'de.tudarmstadt.ukp.dkpro.core.api.segmentation.type.StopWord'.
[INFO] JCasGen: Creating: 'de.tudarmstadt.ukp.dkpro.core.api.segmentation.type.StopWord_Type'.
[INFO] JCasGen: Creating: 'de.tudarmstadt.ukp.dkpro.core.api.segmentation.type.SurfaceForm'.
[INFO] JCasGen: Creating: 'de.tudarmstadt.ukp.dkpro.core.api.segmentation.type.SurfaceForm_Type'.
[INFO] JCasGen: Creating: 'de.tudarmstadt.ukp.dkpro.core.api.segmentation.type.TokenForm'.
[INFO] JCasGen: Creating: 'de.tudarmstadt.ukp.dkpro.core.api.segmentation.type.TokenForm_Type'.
[INFO] 
[INFO] --- build-helper-maven-plugin:1.10:add-source (addToSourceFolder) @ dkpro-core-api-segmentation-asl ---
[INFO] Source directory: /Users/desilets/Documents/GitRepositories/dkpro-core.AD.1.12.x.Improvement/dkpro-core-api-segmentation-asl/target/generated-sources/jcasgen added.
[INFO] 
[INFO] --- maven-remote-resources-plugin:1.6.0:process (process-remote-resources) @ dkpro-core-api-segmentation-asl ---
[INFO] Preparing remote bundle de.tudarmstadt.ukp.dkpro.core:build-resources:1
[INFO] Copying 2 resources from 1 bundle.
[INFO] 
[INFO] --- maven-resources-plugin:3.1.0:copy-resources (copy-license) @ dkpro-core-api-segmentation-asl ---
[INFO] Using 'UTF-8' encoding to copy filtered resources.
[INFO] Copying 1 resource
[INFO] 
[INFO] --- maven-resources-plugin:3.1.0:resources (default-resources) @ dkpro-core-api-segmentation-asl ---
[INFO] Using 'UTF-8' encoding to copy filtered resources.
[INFO] Copying 2 resources
[INFO] Copying 3 resources
[INFO] Copying 2 resources
[INFO] 
[INFO] --- maven-compiler-plugin:3.8.1:compile (default-compile) @ dkpro-core-api-segmentation-asl ---
[INFO] Changes detected - recompiling the module!
[INFO] Compiling 37 source files to /Users/desilets/Documents/GitRepositories/dkpro-core.AD.1.12.x.Improvement/dkpro-core-api-segmentation-asl/target/classes
[INFO] 
[INFO] --- uimafit-maven-plugin:2.4.0:enhance (default) @ dkpro-core-api-segmentation-asl ---
[INFO] Enhanced 1 class (0 already enhanced).
[INFO] 
[INFO] --- uimafit-maven-plugin:2.4.0:generate (default) @ dkpro-core-api-segmentation-asl ---
[INFO] Generated 0 descriptors.
[INFO] 
[INFO] --- omtd-share-annotations-maven-plugin:3.0.2.7:generate (default) @ dkpro-core-api-segmentation-asl ---
[INFO] Loading mime type mapping: META-INF/eu.openminted.share/mimeTypeMapping.map
[INFO] Loading UIMA type mapping: META-INF/eu.openminted.share/uimaTypeMapping.map
[INFO] Not a supported UIMA descriptor: file:/Users/desilets/Documents/GitRepositories/dkpro-core.AD.1.12.x.Improvement/dkpro-core-api-segmentation-asl/target/classes/desc/type/LexicalUnits.xml
[INFO] Not a supported UIMA descriptor: file:/Users/desilets/Documents/GitRepositories/dkpro-core.AD.1.12.x.Improvement/dkpro-core-api-segmentation-asl/target/classes/desc/type/LexicalUnits_customized.xml
[INFO] Not a supported UIMA descriptor: file:/Users/desilets/Documents/GitRepositories/dkpro-core.AD.1.12.x.Improvement/dkpro-core-api-segmentation-asl/target/classes/desc/type/LexicalPhrase.xml
[INFO] Generated 0 descriptors.
[INFO] 
[INFO] --- maven-resources-plugin:3.1.0:testResources (default-testResources) @ dkpro-core-api-segmentation-asl ---
[INFO] Using 'UTF-8' encoding to copy filtered resources.
[INFO] skip non existing resourceDirectory /Users/desilets/Documents/GitRepositories/dkpro-core.AD.1.12.x.Improvement/dkpro-core-api-segmentation-asl/src/test/resources
[INFO] Copying 2 resources
[INFO] 
[INFO] --- maven-compiler-plugin:3.8.1:testCompile (default-testCompile) @ dkpro-core-api-segmentation-asl ---
[INFO] Changes detected - recompiling the module!
[INFO] Compiling 2 source files to /Users/desilets/Documents/GitRepositories/dkpro-core.AD.1.12.x.Improvement/dkpro-core-api-segmentation-asl/target/test-classes
[INFO] 
[INFO] --- maven-surefire-plugin:2.22.2:test (default-test) @ dkpro-core-api-segmentation-asl ---
[INFO] 
[INFO] -------------------------------------------------------
[INFO]  T E S T S
[INFO] -------------------------------------------------------
[INFO] Running org.dkpro.core.api.segmentation.TrimUtilsTest
[INFO] Tests run: 10, Failures: 0, Errors: 0, Skipped: 0, Time elapsed: 0.249 s - in org.dkpro.core.api.segmentation.TrimUtilsTest
[INFO] Running org.dkpro.core.api.segmentation.CompoundTest
[INFO] Tests run: 4, Failures: 0, Errors: 0, Skipped: 0, Time elapsed: 1.417 s - in org.dkpro.core.api.segmentation.CompoundTest
[INFO] 
[INFO] Results:
[INFO] 
[INFO] Tests run: 14, Failures: 0, Errors: 0, Skipped: 0
[INFO] 
[INFO] 
[INFO] --- maven-jar-plugin:3.1.2:jar (default-jar) @ dkpro-core-api-segmentation-asl ---
[INFO] Building jar: /Users/desilets/Documents/GitRepositories/dkpro-core.AD.1.12.x.Improvement/dkpro-core-api-segmentation-asl/target/dkpro-core-api-segmentation-asl-1.12.1-SNAPSHOT.jar
[INFO] 
[INFO] --- maven-dependency-plugin:3.1.1:analyze-only (default) @ dkpro-core-api-segmentation-asl ---
[INFO] No dependency problems found
[INFO] 
[INFO] --- maven-checkstyle-plugin:3.1.0:check (checkstyle-check) @ dkpro-core-api-segmentation-asl ---
[INFO] 
[INFO] --- apache-rat-plugin:0.13:check (default) @ dkpro-core-api-segmentation-asl ---
[INFO] RAT will not execute since it is configured to be skipped via system property 'rat.skip'.
[INFO] 
[INFO] --- maven-install-plugin:2.5.2:install (default-install) @ dkpro-core-api-segmentation-asl ---
[INFO] Installing /Users/desilets/Documents/GitRepositories/dkpro-core.AD.1.12.x.Improvement/dkpro-core-api-segmentation-asl/target/dkpro-core-api-segmentation-asl-1.12.1-SNAPSHOT.jar to /Users/desilets/.m2/repository/org/dkpro/core/dkpro-core-api-segmentation-asl/1.12.1-SNAPSHOT/dkpro-core-api-segmentation-asl-1.12.1-SNAPSHOT.jar
[INFO] Installing /Users/desilets/Documents/GitRepositories/dkpro-core.AD.1.12.x.Improvement/dkpro-core-api-segmentation-asl/pom.xml to /Users/desilets/.m2/repository/org/dkpro/core/dkpro-core-api-segmentation-asl/1.12.1-SNAPSHOT/dkpro-core-api-segmentation-asl-1.12.1-SNAPSHOT.pom
[INFO] 
[INFO] --------------< org.dkpro.core:dkpro-core-api-syntax-asl >--------------
[INFO] Building DKPro Core ASL - Syntax API 1.12.1-SNAPSHOT            [11/118]
[INFO] --------------------------------[ jar ]---------------------------------
[INFO] 
[INFO] --- maven-clean-plugin:3.1.0:clean (default-clean) @ dkpro-core-api-syntax-asl ---
[INFO] Deleting /Users/desilets/Documents/GitRepositories/dkpro-core.AD.1.12.x.Improvement/dkpro-core-api-syntax-asl/target
[INFO] 
[INFO] --- maven-enforcer-plugin:1.4.1:enforce (enforce-maven) @ dkpro-core-api-syntax-asl ---
[INFO] 
[INFO] --- groovy-maven-plugin:2.1.1:execute (read-notice) @ dkpro-core-api-syntax-asl ---
[INFO] 
[INFO] --- jcasgen-maven-plugin:2.10.3:generate (default) @ dkpro-core-api-syntax-asl ---
[INFO] JCasGen: Found descriptor '/Users/desilets/Documents/GitRepositories/dkpro-core.AD.1.12.x.Improvement/dkpro-core-api-syntax-asl/src/main/resources/desc/type/Dependency.xml'
[INFO] JCasGen: Found descriptor '/Users/desilets/Documents/GitRepositories/dkpro-core.AD.1.12.x.Improvement/dkpro-core-api-syntax-asl/src/main/resources/desc/type/Tag.xml'
[INFO] JCasGen: Found descriptor '/Users/desilets/Documents/GitRepositories/dkpro-core.AD.1.12.x.Improvement/dkpro-core-api-syntax-asl/src/main/resources/desc/type/Chunks.xml'
[INFO] JCasGen: Found descriptor '/Users/desilets/Documents/GitRepositories/dkpro-core.AD.1.12.x.Improvement/dkpro-core-api-syntax-asl/src/main/resources/desc/type/Constituency.xml'
[INFO] JCasGen: Found descriptor '/Users/desilets/Documents/GitRepositories/dkpro-core.AD.1.12.x.Improvement/dkpro-core-api-syntax-asl/src/main/resources/desc/type/PennTree.xml'
[INFO] JCasGen: Limiting generation to descriptors in '/Users/desilets/Documents/GitRepositories/dkpro-core.AD.1.12.x.Improvement/dkpro-core-api-syntax-asl'
[INFO] JCasGen: Output going to '/Users/desilets/Documents/GitRepositories/dkpro-core.AD.1.12.x.Improvement/dkpro-core-api-syntax-asl/target/generated-sources/jcasgen'
[INFO] JCasGen: Reading the XML TAE descriptor, and creating types, for xml input file '/Users/desilets/Documents/GitRepositories/dkpro-core.AD.1.12.x.Improvement/dkpro-core-api-syntax-asl/target/jcasgen/typesystem.xml'.
[INFO] JCasGen: Creating: 'de.tudarmstadt.ukp.dkpro.core.api.syntax.type.PennTree'.
[INFO] JCasGen: Creating: 'de.tudarmstadt.ukp.dkpro.core.api.syntax.type.PennTree_Type'.
[INFO] JCasGen: Creating: 'de.tudarmstadt.ukp.dkpro.core.api.syntax.type.Tag'.
[INFO] JCasGen: Creating: 'de.tudarmstadt.ukp.dkpro.core.api.syntax.type.Tag_Type'.
[INFO] JCasGen: Creating: 'de.tudarmstadt.ukp.dkpro.core.api.syntax.type.chunk.ADJC'.
[INFO] JCasGen: Creating: 'de.tudarmstadt.ukp.dkpro.core.api.syntax.type.chunk.ADJC_Type'.
[INFO] JCasGen: Creating: 'de.tudarmstadt.ukp.dkpro.core.api.syntax.type.chunk.ADVC'.
[INFO] JCasGen: Creating: 'de.tudarmstadt.ukp.dkpro.core.api.syntax.type.chunk.ADVC_Type'.
[INFO] JCasGen: Creating: 'de.tudarmstadt.ukp.dkpro.core.api.syntax.type.chunk.CONCJ'.
[INFO] JCasGen: Creating: 'de.tudarmstadt.ukp.dkpro.core.api.syntax.type.chunk.CONCJ_Type'.
[INFO] JCasGen: Creating: 'de.tudarmstadt.ukp.dkpro.core.api.syntax.type.chunk.Chunk'.
[INFO] JCasGen: Creating: 'de.tudarmstadt.ukp.dkpro.core.api.syntax.type.chunk.Chunk_Type'.
[INFO] JCasGen: Creating: 'de.tudarmstadt.ukp.dkpro.core.api.syntax.type.chunk.INTJ'.
[INFO] JCasGen: Creating: 'de.tudarmstadt.ukp.dkpro.core.api.syntax.type.chunk.INTJ_Type'.
[INFO] JCasGen: Creating: 'de.tudarmstadt.ukp.dkpro.core.api.syntax.type.chunk.LST'.
[INFO] JCasGen: Creating: 'de.tudarmstadt.ukp.dkpro.core.api.syntax.type.chunk.LST_Type'.
[INFO] JCasGen: Creating: 'de.tudarmstadt.ukp.dkpro.core.api.syntax.type.chunk.NC'.
[INFO] JCasGen: Creating: 'de.tudarmstadt.ukp.dkpro.core.api.syntax.type.chunk.NC_Type'.
[INFO] JCasGen: Creating: 'de.tudarmstadt.ukp.dkpro.core.api.syntax.type.chunk.O'.
[INFO] JCasGen: Creating: 'de.tudarmstadt.ukp.dkpro.core.api.syntax.type.chunk.O_Type'.
[INFO] JCasGen: Creating: 'de.tudarmstadt.ukp.dkpro.core.api.syntax.type.chunk.PC'.
[INFO] JCasGen: Creating: 'de.tudarmstadt.ukp.dkpro.core.api.syntax.type.chunk.PC_Type'.
[INFO] JCasGen: Creating: 'de.tudarmstadt.ukp.dkpro.core.api.syntax.type.chunk.PRT'.
[INFO] JCasGen: Creating: 'de.tudarmstadt.ukp.dkpro.core.api.syntax.type.chunk.PRT_Type'.
[INFO] JCasGen: Creating: 'de.tudarmstadt.ukp.dkpro.core.api.syntax.type.chunk.VC'.
[INFO] JCasGen: Creating: 'de.tudarmstadt.ukp.dkpro.core.api.syntax.type.chunk.VC_Type'.
[INFO] JCasGen: Creating: 'de.tudarmstadt.ukp.dkpro.core.api.syntax.type.constituent.ADJP'.
[INFO] JCasGen: Creating: 'de.tudarmstadt.ukp.dkpro.core.api.syntax.type.constituent.ADJP_Type'.
[INFO] JCasGen: Creating: 'de.tudarmstadt.ukp.dkpro.core.api.syntax.type.constituent.ADVP'.
[INFO] JCasGen: Creating: 'de.tudarmstadt.ukp.dkpro.core.api.syntax.type.constituent.ADVP_Type'.
[INFO] JCasGen: Creating: 'de.tudarmstadt.ukp.dkpro.core.api.syntax.type.constituent.CONJP'.
[INFO] JCasGen: Creating: 'de.tudarmstadt.ukp.dkpro.core.api.syntax.type.constituent.CONJP_Type'.
[INFO] JCasGen: Creating: 'de.tudarmstadt.ukp.dkpro.core.api.syntax.type.constituent.Constituent'.
[INFO] JCasGen: Creating: 'de.tudarmstadt.ukp.dkpro.core.api.syntax.type.constituent.Constituent_Type'.
[INFO] JCasGen: Creating: 'de.tudarmstadt.ukp.dkpro.core.api.syntax.type.constituent.FRAG'.
[INFO] JCasGen: Creating: 'de.tudarmstadt.ukp.dkpro.core.api.syntax.type.constituent.FRAG_Type'.
[INFO] JCasGen: Creating: 'de.tudarmstadt.ukp.dkpro.core.api.syntax.type.constituent.INTJ'.
[INFO] JCasGen: Creating: 'de.tudarmstadt.ukp.dkpro.core.api.syntax.type.constituent.INTJ_Type'.
[INFO] JCasGen: Creating: 'de.tudarmstadt.ukp.dkpro.core.api.syntax.type.constituent.LST'.
[INFO] JCasGen: Creating: 'de.tudarmstadt.ukp.dkpro.core.api.syntax.type.constituent.LST_Type'.
[INFO] JCasGen: Creating: 'de.tudarmstadt.ukp.dkpro.core.api.syntax.type.constituent.NAC'.
[INFO] JCasGen: Creating: 'de.tudarmstadt.ukp.dkpro.core.api.syntax.type.constituent.NAC_Type'.
[INFO] JCasGen: Creating: 'de.tudarmstadt.ukp.dkpro.core.api.syntax.type.constituent.NP'.
[INFO] JCasGen: Creating: 'de.tudarmstadt.ukp.dkpro.core.api.syntax.type.constituent.NP_Type'.
[INFO] JCasGen: Creating: 'de.tudarmstadt.ukp.dkpro.core.api.syntax.type.constituent.NX'.
[INFO] JCasGen: Creating: 'de.tudarmstadt.ukp.dkpro.core.api.syntax.type.constituent.NX_Type'.
[INFO] JCasGen: Creating: 'de.tudarmstadt.ukp.dkpro.core.api.syntax.type.constituent.PARN'.
[INFO] JCasGen: Creating: 'de.tudarmstadt.ukp.dkpro.core.api.syntax.type.constituent.PARN_Type'.
[INFO] JCasGen: Creating: 'de.tudarmstadt.ukp.dkpro.core.api.syntax.type.constituent.PP'.
[INFO] JCasGen: Creating: 'de.tudarmstadt.ukp.dkpro.core.api.syntax.type.constituent.PP_Type'.
[INFO] JCasGen: Creating: 'de.tudarmstadt.ukp.dkpro.core.api.syntax.type.constituent.PRP'.
[INFO] JCasGen: Creating: 'de.tudarmstadt.ukp.dkpro.core.api.syntax.type.constituent.PRP_Type'.
[INFO] JCasGen: Creating: 'de.tudarmstadt.ukp.dkpro.core.api.syntax.type.constituent.PRT'.
[INFO] JCasGen: Creating: 'de.tudarmstadt.ukp.dkpro.core.api.syntax.type.constituent.PRT_Type'.
[INFO] JCasGen: Creating: 'de.tudarmstadt.ukp.dkpro.core.api.syntax.type.constituent.QP'.
[INFO] JCasGen: Creating: 'de.tudarmstadt.ukp.dkpro.core.api.syntax.type.constituent.QP_Type'.
[INFO] JCasGen: Creating: 'de.tudarmstadt.ukp.dkpro.core.api.syntax.type.constituent.ROOT'.
[INFO] JCasGen: Creating: 'de.tudarmstadt.ukp.dkpro.core.api.syntax.type.constituent.ROOT_Type'.
[INFO] JCasGen: Creating: 'de.tudarmstadt.ukp.dkpro.core.api.syntax.type.constituent.RRC'.
[INFO] JCasGen: Creating: 'de.tudarmstadt.ukp.dkpro.core.api.syntax.type.constituent.RRC_Type'.
[INFO] JCasGen: Creating: 'de.tudarmstadt.ukp.dkpro.core.api.syntax.type.constituent.S'.
[INFO] JCasGen: Creating: 'de.tudarmstadt.ukp.dkpro.core.api.syntax.type.constituent.S_Type'.
[INFO] JCasGen: Creating: 'de.tudarmstadt.ukp.dkpro.core.api.syntax.type.constituent.SBAR'.
[INFO] JCasGen: Creating: 'de.tudarmstadt.ukp.dkpro.core.api.syntax.type.constituent.SBAR_Type'.
[INFO] JCasGen: Creating: 'de.tudarmstadt.ukp.dkpro.core.api.syntax.type.constituent.SBARQ'.
[INFO] JCasGen: Creating: 'de.tudarmstadt.ukp.dkpro.core.api.syntax.type.constituent.SBARQ_Type'.
[INFO] JCasGen: Creating: 'de.tudarmstadt.ukp.dkpro.core.api.syntax.type.constituent.SINV'.
[INFO] JCasGen: Creating: 'de.tudarmstadt.ukp.dkpro.core.api.syntax.type.constituent.SINV_Type'.
[INFO] JCasGen: Creating: 'de.tudarmstadt.ukp.dkpro.core.api.syntax.type.constituent.SQ'.
[INFO] JCasGen: Creating: 'de.tudarmstadt.ukp.dkpro.core.api.syntax.type.constituent.SQ_Type'.
[INFO] JCasGen: Creating: 'de.tudarmstadt.ukp.dkpro.core.api.syntax.type.constituent.UCP'.
[INFO] JCasGen: Creating: 'de.tudarmstadt.ukp.dkpro.core.api.syntax.type.constituent.UCP_Type'.
[INFO] JCasGen: Creating: 'de.tudarmstadt.ukp.dkpro.core.api.syntax.type.constituent.VP'.
[INFO] JCasGen: Creating: 'de.tudarmstadt.ukp.dkpro.core.api.syntax.type.constituent.VP_Type'.
[INFO] JCasGen: Creating: 'de.tudarmstadt.ukp.dkpro.core.api.syntax.type.constituent.WHADJP'.
[INFO] JCasGen: Creating: 'de.tudarmstadt.ukp.dkpro.core.api.syntax.type.constituent.WHADJP_Type'.
[INFO] JCasGen: Creating: 'de.tudarmstadt.ukp.dkpro.core.api.syntax.type.constituent.WHADVP'.
[INFO] JCasGen: Creating: 'de.tudarmstadt.ukp.dkpro.core.api.syntax.type.constituent.WHADVP_Type'.
[INFO] JCasGen: Creating: 'de.tudarmstadt.ukp.dkpro.core.api.syntax.type.constituent.WHNP'.
[INFO] JCasGen: Creating: 'de.tudarmstadt.ukp.dkpro.core.api.syntax.type.constituent.WHNP_Type'.
[INFO] JCasGen: Creating: 'de.tudarmstadt.ukp.dkpro.core.api.syntax.type.constituent.WHPP'.
[INFO] JCasGen: Creating: 'de.tudarmstadt.ukp.dkpro.core.api.syntax.type.constituent.WHPP_Type'.
[INFO] JCasGen: Creating: 'de.tudarmstadt.ukp.dkpro.core.api.syntax.type.constituent.X'.
[INFO] JCasGen: Creating: 'de.tudarmstadt.ukp.dkpro.core.api.syntax.type.constituent.X_Type'.
[INFO] JCasGen: Creating: 'de.tudarmstadt.ukp.dkpro.core.api.syntax.type.dependency.ABBREV'.
[INFO] JCasGen: Creating: 'de.tudarmstadt.ukp.dkpro.core.api.syntax.type.dependency.ABBREV_Type'.
[INFO] JCasGen: Creating: 'de.tudarmstadt.ukp.dkpro.core.api.syntax.type.dependency.ACOMP'.
[INFO] JCasGen: Creating: 'de.tudarmstadt.ukp.dkpro.core.api.syntax.type.dependency.ACOMP_Type'.
[INFO] JCasGen: Creating: 'de.tudarmstadt.ukp.dkpro.core.api.syntax.type.dependency.ADVCL'.
[INFO] JCasGen: Creating: 'de.tudarmstadt.ukp.dkpro.core.api.syntax.type.dependency.ADVCL_Type'.
[INFO] JCasGen: Creating: 'de.tudarmstadt.ukp.dkpro.core.api.syntax.type.dependency.ADVMOD'.
[INFO] JCasGen: Creating: 'de.tudarmstadt.ukp.dkpro.core.api.syntax.type.dependency.ADVMOD_Type'.
[INFO] JCasGen: Creating: 'de.tudarmstadt.ukp.dkpro.core.api.syntax.type.dependency.AGENT'.
[INFO] JCasGen: Creating: 'de.tudarmstadt.ukp.dkpro.core.api.syntax.type.dependency.AGENT_Type'.
[INFO] JCasGen: Creating: 'de.tudarmstadt.ukp.dkpro.core.api.syntax.type.dependency.AMOD'.
[INFO] JCasGen: Creating: 'de.tudarmstadt.ukp.dkpro.core.api.syntax.type.dependency.AMOD_Type'.
[INFO] JCasGen: Creating: 'de.tudarmstadt.ukp.dkpro.core.api.syntax.type.dependency.APPOS'.
[INFO] JCasGen: Creating: 'de.tudarmstadt.ukp.dkpro.core.api.syntax.type.dependency.APPOS_Type'.
[INFO] JCasGen: Creating: 'de.tudarmstadt.ukp.dkpro.core.api.syntax.type.dependency.ATTR'.
[INFO] JCasGen: Creating: 'de.tudarmstadt.ukp.dkpro.core.api.syntax.type.dependency.ATTR_Type'.
[INFO] JCasGen: Creating: 'de.tudarmstadt.ukp.dkpro.core.api.syntax.type.dependency.AUX0'.
[INFO] JCasGen: Creating: 'de.tudarmstadt.ukp.dkpro.core.api.syntax.type.dependency.AUX0_Type'.
[INFO] JCasGen: Creating: 'de.tudarmstadt.ukp.dkpro.core.api.syntax.type.dependency.AUXPASS'.
[INFO] JCasGen: Creating: 'de.tudarmstadt.ukp.dkpro.core.api.syntax.type.dependency.AUXPASS_Type'.
[INFO] JCasGen: Creating: 'de.tudarmstadt.ukp.dkpro.core.api.syntax.type.dependency.CC'.
[INFO] JCasGen: Creating: 'de.tudarmstadt.ukp.dkpro.core.api.syntax.type.dependency.CC_Type'.
[INFO] JCasGen: Creating: 'de.tudarmstadt.ukp.dkpro.core.api.syntax.type.dependency.CCOMP'.
[INFO] JCasGen: Creating: 'de.tudarmstadt.ukp.dkpro.core.api.syntax.type.dependency.CCOMP_Type'.
[INFO] JCasGen: Creating: 'de.tudarmstadt.ukp.dkpro.core.api.syntax.type.dependency.COMPLM'.
[INFO] JCasGen: Creating: 'de.tudarmstadt.ukp.dkpro.core.api.syntax.type.dependency.COMPLM_Type'.
[INFO] JCasGen: Creating: 'de.tudarmstadt.ukp.dkpro.core.api.syntax.type.dependency.CONJ'.
[INFO] JCasGen: Creating: 'de.tudarmstadt.ukp.dkpro.core.api.syntax.type.dependency.CONJ_Type'.
[INFO] JCasGen: Creating: 'de.tudarmstadt.ukp.dkpro.core.api.syntax.type.dependency.CONJP'.
[INFO] JCasGen: Creating: 'de.tudarmstadt.ukp.dkpro.core.api.syntax.type.dependency.CONJP_Type'.
[INFO] JCasGen: Creating: 'de.tudarmstadt.ukp.dkpro.core.api.syntax.type.dependency.CONJ_YET'.
[INFO] JCasGen: Creating: 'de.tudarmstadt.ukp.dkpro.core.api.syntax.type.dependency.CONJ_YET_Type'.
[INFO] JCasGen: Creating: 'de.tudarmstadt.ukp.dkpro.core.api.syntax.type.dependency.COP'.
[INFO] JCasGen: Creating: 'de.tudarmstadt.ukp.dkpro.core.api.syntax.type.dependency.COP_Type'.
[INFO] JCasGen: Creating: 'de.tudarmstadt.ukp.dkpro.core.api.syntax.type.dependency.CSUBJ'.
[INFO] JCasGen: Creating: 'de.tudarmstadt.ukp.dkpro.core.api.syntax.type.dependency.CSUBJ_Type'.
[INFO] JCasGen: Creating: 'de.tudarmstadt.ukp.dkpro.core.api.syntax.type.dependency.CSUBJPASS'.
[INFO] JCasGen: Creating: 'de.tudarmstadt.ukp.dkpro.core.api.syntax.type.dependency.CSUBJPASS_Type'.
[INFO] JCasGen: Creating: 'de.tudarmstadt.ukp.dkpro.core.api.syntax.type.dependency.DEP'.
[INFO] JCasGen: Creating: 'de.tudarmstadt.ukp.dkpro.core.api.syntax.type.dependency.DEP_Type'.
[INFO] JCasGen: Creating: 'de.tudarmstadt.ukp.dkpro.core.api.syntax.type.dependency.DET'.
[INFO] JCasGen: Creating: 'de.tudarmstadt.ukp.dkpro.core.api.syntax.type.dependency.DET_Type'.
[INFO] JCasGen: Creating: 'de.tudarmstadt.ukp.dkpro.core.api.syntax.type.dependency.DOBJ'.
[INFO] JCasGen: Creating: 'de.tudarmstadt.ukp.dkpro.core.api.syntax.type.dependency.DOBJ_Type'.
[INFO] JCasGen: Creating: 'de.tudarmstadt.ukp.dkpro.core.api.syntax.type.dependency.Dependency'.
[INFO] JCasGen: Creating: 'de.tudarmstadt.ukp.dkpro.core.api.syntax.type.dependency.Dependency_Type'.
[INFO] JCasGen: Creating: 'de.tudarmstadt.ukp.dkpro.core.api.syntax.type.dependency.EXPL'.
[INFO] JCasGen: Creating: 'de.tudarmstadt.ukp.dkpro.core.api.syntax.type.dependency.EXPL_Type'.
[INFO] JCasGen: Creating: 'de.tudarmstadt.ukp.dkpro.core.api.syntax.type.dependency.INFMOD'.
[INFO] JCasGen: Creating: 'de.tudarmstadt.ukp.dkpro.core.api.syntax.type.dependency.INFMOD_Type'.
[INFO] JCasGen: Creating: 'de.tudarmstadt.ukp.dkpro.core.api.syntax.type.dependency.IOBJ'.
[INFO] JCasGen: Creating: 'de.tudarmstadt.ukp.dkpro.core.api.syntax.type.dependency.IOBJ_Type'.
[INFO] JCasGen: Creating: 'de.tudarmstadt.ukp.dkpro.core.api.syntax.type.dependency.MARK'.
[INFO] JCasGen: Creating: 'de.tudarmstadt.ukp.dkpro.core.api.syntax.type.dependency.MARK_Type'.
[INFO] JCasGen: Creating: 'de.tudarmstadt.ukp.dkpro.core.api.syntax.type.dependency.MEASURE'.
[INFO] JCasGen: Creating: 'de.tudarmstadt.ukp.dkpro.core.api.syntax.type.dependency.MEASURE_Type'.
[INFO] JCasGen: Creating: 'de.tudarmstadt.ukp.dkpro.core.api.syntax.type.dependency.MWE'.
[INFO] JCasGen: Creating: 'de.tudarmstadt.ukp.dkpro.core.api.syntax.type.dependency.MWE_Type'.
[INFO] JCasGen: Creating: 'de.tudarmstadt.ukp.dkpro.core.api.syntax.type.dependency.NEG'.
[INFO] JCasGen: Creating: 'de.tudarmstadt.ukp.dkpro.core.api.syntax.type.dependency.NEG_Type'.
[INFO] JCasGen: Creating: 'de.tudarmstadt.ukp.dkpro.core.api.syntax.type.dependency.NN'.
[INFO] JCasGen: Creating: 'de.tudarmstadt.ukp.dkpro.core.api.syntax.type.dependency.NN_Type'.
[INFO] JCasGen: Creating: 'de.tudarmstadt.ukp.dkpro.core.api.syntax.type.dependency.NPADVMOD'.
[INFO] JCasGen: Creating: 'de.tudarmstadt.ukp.dkpro.core.api.syntax.type.dependency.NPADVMOD_Type'.
[INFO] JCasGen: Creating: 'de.tudarmstadt.ukp.dkpro.core.api.syntax.type.dependency.NSUBJ'.
[INFO] JCasGen: Creating: 'de.tudarmstadt.ukp.dkpro.core.api.syntax.type.dependency.NSUBJ_Type'.
[INFO] JCasGen: Creating: 'de.tudarmstadt.ukp.dkpro.core.api.syntax.type.dependency.NSUBJPASS'.
[INFO] JCasGen: Creating: 'de.tudarmstadt.ukp.dkpro.core.api.syntax.type.dependency.NSUBJPASS_Type'.
[INFO] JCasGen: Creating: 'de.tudarmstadt.ukp.dkpro.core.api.syntax.type.dependency.NUM'.
[INFO] JCasGen: Creating: 'de.tudarmstadt.ukp.dkpro.core.api.syntax.type.dependency.NUM_Type'.
[INFO] JCasGen: Creating: 'de.tudarmstadt.ukp.dkpro.core.api.syntax.type.dependency.NUMBER'.
[INFO] JCasGen: Creating: 'de.tudarmstadt.ukp.dkpro.core.api.syntax.type.dependency.NUMBER_Type'.
[INFO] JCasGen: Creating: 'de.tudarmstadt.ukp.dkpro.core.api.syntax.type.dependency.PARATAXIS'.
[INFO] JCasGen: Creating: 'de.tudarmstadt.ukp.dkpro.core.api.syntax.type.dependency.PARATAXIS_Type'.
[INFO] JCasGen: Creating: 'de.tudarmstadt.ukp.dkpro.core.api.syntax.type.dependency.PARTMOD'.
[INFO] JCasGen: Creating: 'de.tudarmstadt.ukp.dkpro.core.api.syntax.type.dependency.PARTMOD_Type'.
[INFO] JCasGen: Creating: 'de.tudarmstadt.ukp.dkpro.core.api.syntax.type.dependency.PCOMP'.
[INFO] JCasGen: Creating: 'de.tudarmstadt.ukp.dkpro.core.api.syntax.type.dependency.PCOMP_Type'.
[INFO] JCasGen: Creating: 'de.tudarmstadt.ukp.dkpro.core.api.syntax.type.dependency.POBJ'.
[INFO] JCasGen: Creating: 'de.tudarmstadt.ukp.dkpro.core.api.syntax.type.dependency.POBJ_Type'.
[INFO] JCasGen: Creating: 'de.tudarmstadt.ukp.dkpro.core.api.syntax.type.dependency.POSS'.
[INFO] JCasGen: Creating: 'de.tudarmstadt.ukp.dkpro.core.api.syntax.type.dependency.POSS_Type'.
[INFO] JCasGen: Creating: 'de.tudarmstadt.ukp.dkpro.core.api.syntax.type.dependency.POSSESSIVE'.
[INFO] JCasGen: Creating: 'de.tudarmstadt.ukp.dkpro.core.api.syntax.type.dependency.POSSESSIVE_Type'.
[INFO] JCasGen: Creating: 'de.tudarmstadt.ukp.dkpro.core.api.syntax.type.dependency.PRECONJ'.
[INFO] JCasGen: Creating: 'de.tudarmstadt.ukp.dkpro.core.api.syntax.type.dependency.PRECONJ_Type'.
[INFO] JCasGen: Creating: 'de.tudarmstadt.ukp.dkpro.core.api.syntax.type.dependency.PRED'.
[INFO] JCasGen: Creating: 'de.tudarmstadt.ukp.dkpro.core.api.syntax.type.dependency.PRED_Type'.
[INFO] JCasGen: Creating: 'de.tudarmstadt.ukp.dkpro.core.api.syntax.type.dependency.PREDET'.
[INFO] JCasGen: Creating: 'de.tudarmstadt.ukp.dkpro.core.api.syntax.type.dependency.PREDET_Type'.
[INFO] JCasGen: Creating: 'de.tudarmstadt.ukp.dkpro.core.api.syntax.type.dependency.PREP'.
[INFO] JCasGen: Creating: 'de.tudarmstadt.ukp.dkpro.core.api.syntax.type.dependency.PREP_Type'.
[INFO] JCasGen: Creating: 'de.tudarmstadt.ukp.dkpro.core.api.syntax.type.dependency.PREPC'.
[INFO] JCasGen: Creating: 'de.tudarmstadt.ukp.dkpro.core.api.syntax.type.dependency.PREPC_Type'.
[INFO] JCasGen: Creating: 'de.tudarmstadt.ukp.dkpro.core.api.syntax.type.dependency.PRT'.
[INFO] JCasGen: Creating: 'de.tudarmstadt.ukp.dkpro.core.api.syntax.type.dependency.PRT_Type'.
[INFO] JCasGen: Creating: 'de.tudarmstadt.ukp.dkpro.core.api.syntax.type.dependency.PUNCT'.
[INFO] JCasGen: Creating: 'de.tudarmstadt.ukp.dkpro.core.api.syntax.type.dependency.PUNCT_Type'.
[INFO] JCasGen: Creating: 'de.tudarmstadt.ukp.dkpro.core.api.syntax.type.dependency.PURPCL'.
[INFO] JCasGen: Creating: 'de.tudarmstadt.ukp.dkpro.core.api.syntax.type.dependency.PURPCL_Type'.
[INFO] JCasGen: Creating: 'de.tudarmstadt.ukp.dkpro.core.api.syntax.type.dependency.QUANTMOD'.
[INFO] JCasGen: Creating: 'de.tudarmstadt.ukp.dkpro.core.api.syntax.type.dependency.QUANTMOD_Type'.
[INFO] JCasGen: Creating: 'de.tudarmstadt.ukp.dkpro.core.api.syntax.type.dependency.RCMOD'.
[INFO] JCasGen: Creating: 'de.tudarmstadt.ukp.dkpro.core.api.syntax.type.dependency.RCMOD_Type'.
[INFO] JCasGen: Creating: 'de.tudarmstadt.ukp.dkpro.core.api.syntax.type.dependency.REF'.
[INFO] JCasGen: Creating: 'de.tudarmstadt.ukp.dkpro.core.api.syntax.type.dependency.REF_Type'.
[INFO] JCasGen: Creating: 'de.tudarmstadt.ukp.dkpro.core.api.syntax.type.dependency.REL'.
[INFO] JCasGen: Creating: 'de.tudarmstadt.ukp.dkpro.core.api.syntax.type.dependency.REL_Type'.
[INFO] JCasGen: Creating: 'de.tudarmstadt.ukp.dkpro.core.api.syntax.type.dependency.ROOT'.
[INFO] JCasGen: Creating: 'de.tudarmstadt.ukp.dkpro.core.api.syntax.type.dependency.ROOT_Type'.
[INFO] JCasGen: Creating: 'de.tudarmstadt.ukp.dkpro.core.api.syntax.type.dependency.TMOD'.
[INFO] JCasGen: Creating: 'de.tudarmstadt.ukp.dkpro.core.api.syntax.type.dependency.TMOD_Type'.
[INFO] JCasGen: Creating: 'de.tudarmstadt.ukp.dkpro.core.api.syntax.type.dependency.XCOMP'.
[INFO] JCasGen: Creating: 'de.tudarmstadt.ukp.dkpro.core.api.syntax.type.dependency.XCOMP_Type'.
[INFO] JCasGen: Creating: 'de.tudarmstadt.ukp.dkpro.core.api.syntax.type.dependency.XSUBJ'.
[INFO] JCasGen: Creating: 'de.tudarmstadt.ukp.dkpro.core.api.syntax.type.dependency.XSUBJ_Type'.
[INFO] 
[INFO] --- build-helper-maven-plugin:1.10:add-source (addToSourceFolder) @ dkpro-core-api-syntax-asl ---
[INFO] Source directory: /Users/desilets/Documents/GitRepositories/dkpro-core.AD.1.12.x.Improvement/dkpro-core-api-syntax-asl/target/generated-sources/jcasgen added.
[INFO] 
[INFO] --- maven-remote-resources-plugin:1.6.0:process (process-remote-resources) @ dkpro-core-api-syntax-asl ---
[INFO] Preparing remote bundle de.tudarmstadt.ukp.dkpro.core:build-resources:1
[INFO] Copying 2 resources from 1 bundle.
[INFO] 
[INFO] --- maven-resources-plugin:3.1.0:copy-resources (copy-license) @ dkpro-core-api-syntax-asl ---
[INFO] Using 'UTF-8' encoding to copy filtered resources.
[INFO] Copying 1 resource
[INFO] 
[INFO] --- maven-resources-plugin:3.1.0:resources (default-resources) @ dkpro-core-api-syntax-asl ---
[INFO] Using 'UTF-8' encoding to copy filtered resources.
[INFO] Copying 46 resources
[INFO] Copying 6 resources
[INFO] Copying 2 resources
[INFO] 
[INFO] --- maven-compiler-plugin:3.8.1:compile (default-compile) @ dkpro-core-api-syntax-asl ---
[INFO] Changes detected - recompiling the module!
[INFO] Compiling 201 source files to /Users/desilets/Documents/GitRepositories/dkpro-core.AD.1.12.x.Improvement/dkpro-core-api-syntax-asl/target/classes
[INFO] 
[INFO] --- uimafit-maven-plugin:2.4.0:enhance (default) @ dkpro-core-api-syntax-asl ---
[INFO] Enhanced 0 classes (0 already enhanced).
[INFO] 
[INFO] --- uimafit-maven-plugin:2.4.0:generate (default) @ dkpro-core-api-syntax-asl ---
[INFO] Generated 0 descriptors.
[INFO] 
[INFO] --- omtd-share-annotations-maven-plugin:3.0.2.7:generate (default) @ dkpro-core-api-syntax-asl ---
[INFO] Loading mime type mapping: META-INF/eu.openminted.share/mimeTypeMapping.map
[INFO] Loading UIMA type mapping: META-INF/eu.openminted.share/uimaTypeMapping.map
[INFO] Not a supported UIMA descriptor: file:/Users/desilets/Documents/GitRepositories/dkpro-core.AD.1.12.x.Improvement/dkpro-core-api-syntax-asl/target/classes/desc/type/Constituency.xml
[INFO] Not a supported UIMA descriptor: file:/Users/desilets/Documents/GitRepositories/dkpro-core.AD.1.12.x.Improvement/dkpro-core-api-syntax-asl/target/classes/desc/type/Constituency_customized.xml
[INFO] Not a supported UIMA descriptor: file:/Users/desilets/Documents/GitRepositories/dkpro-core.AD.1.12.x.Improvement/dkpro-core-api-syntax-asl/target/classes/desc/type/PennTree.xml
[INFO] Not a supported UIMA descriptor: file:/Users/desilets/Documents/GitRepositories/dkpro-core.AD.1.12.x.Improvement/dkpro-core-api-syntax-asl/target/classes/desc/type/Chunks.xml
[INFO] Not a supported UIMA descriptor: file:/Users/desilets/Documents/GitRepositories/dkpro-core.AD.1.12.x.Improvement/dkpro-core-api-syntax-asl/target/classes/desc/type/Dependency.xml
[INFO] Not a supported UIMA descriptor: file:/Users/desilets/Documents/GitRepositories/dkpro-core.AD.1.12.x.Improvement/dkpro-core-api-syntax-asl/target/classes/desc/type/Tag.xml
[INFO] Generated 0 descriptors.
[INFO] 
[INFO] --- maven-resources-plugin:3.1.0:testResources (default-testResources) @ dkpro-core-api-syntax-asl ---
[INFO] Using 'UTF-8' encoding to copy filtered resources.
[INFO] skip non existing resourceDirectory /Users/desilets/Documents/GitRepositories/dkpro-core.AD.1.12.x.Improvement/dkpro-core-api-syntax-asl/src/test/resources
[INFO] Copying 2 resources
[INFO] 
[INFO] --- maven-compiler-plugin:3.8.1:testCompile (default-testCompile) @ dkpro-core-api-syntax-asl ---
[INFO] Changes detected - recompiling the module!
[INFO] Compiling 1 source file to /Users/desilets/Documents/GitRepositories/dkpro-core.AD.1.12.x.Improvement/dkpro-core-api-syntax-asl/target/test-classes
[INFO] 
[INFO] --- maven-surefire-plugin:2.22.2:test (default-test) @ dkpro-core-api-syntax-asl ---
[INFO] 
[INFO] -------------------------------------------------------
[INFO]  T E S T S
[INFO] -------------------------------------------------------
[INFO] Running org.dkpro.core.api.syntax.tagset.MappingsTest
== de-negra-constituency.map ==
== es-iula-dependency.map ==
== en-default-dependency.map ==
== de-tiger-constituency.map ==
== fr-universal-dependency.map ==
== bg-btb-constituency.map ==
== es-ancora-dependency.map ==
== fr-ftb-chunk.map ==
== en-default-constituency.map ==
== fr-ftb-dependency.map ==
== en-emory-dependency.map ==
== zh-stanford341-dependency.map ==
== zh-ctb-constituency.map ==
== de-negra-dependency.map ==
== en-tt-chunk.map ==
== en-ptb-constituency.map ==
== de-tueba-versley-dependency.map ==
== de-default-constituency.map ==
== no-universal-dependency.map ==
== bg-default-constituency.map ==
== en-conll-dependency.map ==
== zh-default-constituency.map ==
== en-conll2000-chunk.map ==
== en-stanford341-dependency.map ==
== en-default-chunk.map ==
== de-tiger-dependency.map ==
== fr-ftb-constituency.map ==
== zh-conll2008-dependency.map ==
== en-universal-dependency.map ==
== es-ancora-constituency.map ==
== fr-default-constituency.map ==
== en-stanford331-dependency.map ==
== de-cdg-dependency.map ==
== de-default-dependency.map ==
== zh-default-dependency.map ==
== en-stanford-dependency.map ==
== ar-atb-constituency.map ==
== de-default-chunk.map ==
== en-conll2008-dependency.map ==
== zh-conll-dependency.map ==
== de-tt-chunk.map ==
== zh-universal-dependency.map ==
== sv-stb-dependency.map ==
== de-universal-dependency.map ==
[INFO] Tests run: 1, Failures: 0, Errors: 0, Skipped: 0, Time elapsed: 0.578 s - in org.dkpro.core.api.syntax.tagset.MappingsTest
[INFO] 
[INFO] Results:
[INFO] 
[INFO] Tests run: 1, Failures: 0, Errors: 0, Skipped: 0
[INFO] 
[INFO] 
[INFO] --- maven-jar-plugin:3.1.2:jar (default-jar) @ dkpro-core-api-syntax-asl ---
[INFO] Building jar: /Users/desilets/Documents/GitRepositories/dkpro-core.AD.1.12.x.Improvement/dkpro-core-api-syntax-asl/target/dkpro-core-api-syntax-asl-1.12.1-SNAPSHOT.jar
[INFO] 
[INFO] --- maven-dependency-plugin:3.1.1:analyze-only (default) @ dkpro-core-api-syntax-asl ---
[INFO] No dependency problems found
[INFO] 
[INFO] --- maven-checkstyle-plugin:3.1.0:check (checkstyle-check) @ dkpro-core-api-syntax-asl ---
[INFO] 
[INFO] --- apache-rat-plugin:0.13:check (default) @ dkpro-core-api-syntax-asl ---
[INFO] RAT will not execute since it is configured to be skipped via system property 'rat.skip'.
[INFO] 
[INFO] --- maven-install-plugin:2.5.2:install (default-install) @ dkpro-core-api-syntax-asl ---
[INFO] Installing /Users/desilets/Documents/GitRepositories/dkpro-core.AD.1.12.x.Improvement/dkpro-core-api-syntax-asl/target/dkpro-core-api-syntax-asl-1.12.1-SNAPSHOT.jar to /Users/desilets/.m2/repository/org/dkpro/core/dkpro-core-api-syntax-asl/1.12.1-SNAPSHOT/dkpro-core-api-syntax-asl-1.12.1-SNAPSHOT.jar
[INFO] Installing /Users/desilets/Documents/GitRepositories/dkpro-core.AD.1.12.x.Improvement/dkpro-core-api-syntax-asl/pom.xml to /Users/desilets/.m2/repository/org/dkpro/core/dkpro-core-api-syntax-asl/1.12.1-SNAPSHOT/dkpro-core-api-syntax-asl-1.12.1-SNAPSHOT.pom
[INFO] 
[INFO] ------------< org.dkpro.core:dkpro-core-api-semantics-asl >-------------
[INFO] Building DKPro Core ASL - Semantics API 1.12.1-SNAPSHOT         [12/118]
[INFO] --------------------------------[ jar ]---------------------------------
[INFO] 
[INFO] --- maven-clean-plugin:3.1.0:clean (default-clean) @ dkpro-core-api-semantics-asl ---
[INFO] Deleting /Users/desilets/Documents/GitRepositories/dkpro-core.AD.1.12.x.Improvement/dkpro-core-api-semantics-asl/target
[INFO] 
[INFO] --- maven-enforcer-plugin:1.4.1:enforce (enforce-maven) @ dkpro-core-api-semantics-asl ---
[INFO] 
[INFO] --- groovy-maven-plugin:2.1.1:execute (read-notice) @ dkpro-core-api-semantics-asl ---
[INFO] 
[INFO] --- jcasgen-maven-plugin:2.10.3:generate (default) @ dkpro-core-api-semantics-asl ---
[INFO] JCasGen: Found descriptor '/Users/desilets/Documents/GitRepositories/dkpro-core.AD.1.12.x.Improvement/dkpro-core-api-semantics-asl/src/main/resources/desc/type/Semantics.xml'
[INFO] JCasGen: Limiting generation to descriptors in '/Users/desilets/Documents/GitRepositories/dkpro-core.AD.1.12.x.Improvement/dkpro-core-api-semantics-asl'
[INFO] JCasGen: Output going to '/Users/desilets/Documents/GitRepositories/dkpro-core.AD.1.12.x.Improvement/dkpro-core-api-semantics-asl/target/generated-sources/jcasgen'
[INFO] JCasGen: Reading the XML TAE descriptor, and creating types, for xml input file '/Users/desilets/Documents/GitRepositories/dkpro-core.AD.1.12.x.Improvement/dkpro-core-api-semantics-asl/target/jcasgen/typesystem.xml'.
[INFO] JCasGen: Creating: 'de.tudarmstadt.ukp.dkpro.core.api.semantics.type.SemArg'.
[INFO] JCasGen: Creating: 'de.tudarmstadt.ukp.dkpro.core.api.semantics.type.SemArg_Type'.
[INFO] JCasGen: Creating: 'de.tudarmstadt.ukp.dkpro.core.api.semantics.type.SemArgLink'.
[INFO] JCasGen: Creating: 'de.tudarmstadt.ukp.dkpro.core.api.semantics.type.SemArgLink_Type'.
[INFO] JCasGen: Creating: 'de.tudarmstadt.ukp.dkpro.core.api.semantics.type.SemPred'.
[INFO] JCasGen: Creating: 'de.tudarmstadt.ukp.dkpro.core.api.semantics.type.SemPred_Type'.
[INFO] JCasGen: Creating: 'de.tudarmstadt.ukp.dkpro.core.api.semantics.type.SemanticArgument'.
[INFO] JCasGen: Creating: 'de.tudarmstadt.ukp.dkpro.core.api.semantics.type.SemanticArgument_Type'.
[INFO] JCasGen: Creating: 'de.tudarmstadt.ukp.dkpro.core.api.semantics.type.SemanticField'.
[INFO] JCasGen: Creating: 'de.tudarmstadt.ukp.dkpro.core.api.semantics.type.SemanticField_Type'.
[INFO] JCasGen: Creating: 'de.tudarmstadt.ukp.dkpro.core.api.semantics.type.SemanticPredicate'.
[INFO] JCasGen: Creating: 'de.tudarmstadt.ukp.dkpro.core.api.semantics.type.SemanticPredicate_Type'.
[INFO] JCasGen: Creating: 'de.tudarmstadt.ukp.dkpro.core.api.semantics.type.WordSense'.
[INFO] JCasGen: Creating: 'de.tudarmstadt.ukp.dkpro.core.api.semantics.type.WordSense_Type'.
[INFO] 
[INFO] --- build-helper-maven-plugin:1.10:add-source (addToSourceFolder) @ dkpro-core-api-semantics-asl ---
[INFO] Source directory: /Users/desilets/Documents/GitRepositories/dkpro-core.AD.1.12.x.Improvement/dkpro-core-api-semantics-asl/target/generated-sources/jcasgen added.
[INFO] 
[INFO] --- maven-remote-resources-plugin:1.6.0:process (process-remote-resources) @ dkpro-core-api-semantics-asl ---
[INFO] Preparing remote bundle de.tudarmstadt.ukp.dkpro.core:build-resources:1
[INFO] Copying 2 resources from 1 bundle.
[INFO] 
[INFO] --- maven-resources-plugin:3.1.0:copy-resources (copy-license) @ dkpro-core-api-semantics-asl ---
[INFO] Using 'UTF-8' encoding to copy filtered resources.
[INFO] Copying 1 resource
[INFO] 
[INFO] --- maven-resources-plugin:3.1.0:resources (default-resources) @ dkpro-core-api-semantics-asl ---
[INFO] Using 'UTF-8' encoding to copy filtered resources.
[INFO] Copying 2 resources
[INFO] Copying 1 resource
[INFO] Copying 2 resources
[INFO] 
[INFO] --- maven-compiler-plugin:3.8.1:compile (default-compile) @ dkpro-core-api-semantics-asl ---
[INFO] Changes detected - recompiling the module!
[INFO] Compiling 14 source files to /Users/desilets/Documents/GitRepositories/dkpro-core.AD.1.12.x.Improvement/dkpro-core-api-semantics-asl/target/classes
[INFO] 
[INFO] --- uimafit-maven-plugin:2.4.0:enhance (default) @ dkpro-core-api-semantics-asl ---
[INFO] Enhanced 0 classes (0 already enhanced).
[INFO] 
[INFO] --- uimafit-maven-plugin:2.4.0:generate (default) @ dkpro-core-api-semantics-asl ---
[INFO] Generated 0 descriptors.
[INFO] 
[INFO] --- omtd-share-annotations-maven-plugin:3.0.2.7:generate (default) @ dkpro-core-api-semantics-asl ---
[INFO] Loading mime type mapping: META-INF/eu.openminted.share/mimeTypeMapping.map
[INFO] Loading UIMA type mapping: META-INF/eu.openminted.share/uimaTypeMapping.map
[INFO] Not a supported UIMA descriptor: file:/Users/desilets/Documents/GitRepositories/dkpro-core.AD.1.12.x.Improvement/dkpro-core-api-semantics-asl/target/classes/desc/type/Semantics.xml
[INFO] Generated 0 descriptors.
[INFO] 
[INFO] --- maven-resources-plugin:3.1.0:testResources (default-testResources) @ dkpro-core-api-semantics-asl ---
[INFO] Using 'UTF-8' encoding to copy filtered resources.
[INFO] skip non existing resourceDirectory /Users/desilets/Documents/GitRepositories/dkpro-core.AD.1.12.x.Improvement/dkpro-core-api-semantics-asl/src/test/resources
[INFO] Copying 2 resources
[INFO] 
[INFO] --- maven-compiler-plugin:3.8.1:testCompile (default-testCompile) @ dkpro-core-api-semantics-asl ---
[INFO] No sources to compile
[INFO] 
[INFO] --- maven-surefire-plugin:2.22.2:test (default-test) @ dkpro-core-api-semantics-asl ---
[INFO] 
[INFO] --- maven-jar-plugin:3.1.2:jar (default-jar) @ dkpro-core-api-semantics-asl ---
[INFO] Building jar: /Users/desilets/Documents/GitRepositories/dkpro-core.AD.1.12.x.Improvement/dkpro-core-api-semantics-asl/target/dkpro-core-api-semantics-asl-1.12.1-SNAPSHOT.jar
[INFO] 
[INFO] --- maven-dependency-plugin:3.1.1:analyze-only (default) @ dkpro-core-api-semantics-asl ---
[INFO] No dependency problems found
[INFO] 
[INFO] --- maven-checkstyle-plugin:3.1.0:check (checkstyle-check) @ dkpro-core-api-semantics-asl ---
[INFO] 
[INFO] --- maven-install-plugin:2.5.2:install (default-install) @ dkpro-core-api-semantics-asl ---
[INFO] Installing /Users/desilets/Documents/GitRepositories/dkpro-core.AD.1.12.x.Improvement/dkpro-core-api-semantics-asl/target/dkpro-core-api-semantics-asl-1.12.1-SNAPSHOT.jar to /Users/desilets/.m2/repository/org/dkpro/core/dkpro-core-api-semantics-asl/1.12.1-SNAPSHOT/dkpro-core-api-semantics-asl-1.12.1-SNAPSHOT.jar
[INFO] Installing /Users/desilets/Documents/GitRepositories/dkpro-core.AD.1.12.x.Improvement/dkpro-core-api-semantics-asl/pom.xml to /Users/desilets/.m2/repository/org/dkpro/core/dkpro-core-api-semantics-asl/1.12.1-SNAPSHOT/dkpro-core-api-semantics-asl-1.12.1-SNAPSHOT.pom
[INFO] 
[INFO] ---------------< org.dkpro.core:dkpro-core-api-ner-asl >----------------
[INFO] Building DKPro Core ASL - Named Entity Recognition API 1.12.1-SNAPSHOT [13/118]
[INFO] --------------------------------[ jar ]---------------------------------
[INFO] 
[INFO] --- maven-clean-plugin:3.1.0:clean (default-clean) @ dkpro-core-api-ner-asl ---
[INFO] Deleting /Users/desilets/Documents/GitRepositories/dkpro-core.AD.1.12.x.Improvement/dkpro-core-api-ner-asl/target
[INFO] 
[INFO] --- maven-enforcer-plugin:1.4.1:enforce (enforce-maven) @ dkpro-core-api-ner-asl ---
[INFO] 
[INFO] --- groovy-maven-plugin:2.1.1:execute (read-notice) @ dkpro-core-api-ner-asl ---
[INFO] 
[INFO] --- jcasgen-maven-plugin:2.10.3:generate (default) @ dkpro-core-api-ner-asl ---
[INFO] JCasGen: Found descriptor '/Users/desilets/Documents/GitRepositories/dkpro-core.AD.1.12.x.Improvement/dkpro-core-api-ner-asl/src/main/resources/desc/type/NamedEntity.xml'
[INFO] JCasGen: Limiting generation to descriptors in '/Users/desilets/Documents/GitRepositories/dkpro-core.AD.1.12.x.Improvement/dkpro-core-api-ner-asl'
[INFO] JCasGen: Output going to '/Users/desilets/Documents/GitRepositories/dkpro-core.AD.1.12.x.Improvement/dkpro-core-api-ner-asl/target/generated-sources/jcasgen'
[INFO] JCasGen: Reading the XML TAE descriptor, and creating types, for xml input file '/Users/desilets/Documents/GitRepositories/dkpro-core.AD.1.12.x.Improvement/dkpro-core-api-ner-asl/target/jcasgen/typesystem.xml'.
[INFO] JCasGen: Creating: 'de.tudarmstadt.ukp.dkpro.core.api.ner.type.Animal'.
[INFO] JCasGen: Creating: 'de.tudarmstadt.ukp.dkpro.core.api.ner.type.Animal_Type'.
[INFO] JCasGen: Creating: 'de.tudarmstadt.ukp.dkpro.core.api.ner.type.Cardinal'.
[INFO] JCasGen: Creating: 'de.tudarmstadt.ukp.dkpro.core.api.ner.type.Cardinal_Type'.
[INFO] JCasGen: Creating: 'de.tudarmstadt.ukp.dkpro.core.api.ner.type.ContactInfo'.
[INFO] JCasGen: Creating: 'de.tudarmstadt.ukp.dkpro.core.api.ner.type.ContactInfo_Type'.
[INFO] JCasGen: Creating: 'de.tudarmstadt.ukp.dkpro.core.api.ner.type.Date'.
[INFO] JCasGen: Creating: 'de.tudarmstadt.ukp.dkpro.core.api.ner.type.Date_Type'.
[INFO] JCasGen: Creating: 'de.tudarmstadt.ukp.dkpro.core.api.ner.type.Disease'.
[INFO] JCasGen: Creating: 'de.tudarmstadt.ukp.dkpro.core.api.ner.type.Disease_Type'.
[INFO] JCasGen: Creating: 'de.tudarmstadt.ukp.dkpro.core.api.ner.type.Event'.
[INFO] JCasGen: Creating: 'de.tudarmstadt.ukp.dkpro.core.api.ner.type.Event_Type'.
[INFO] JCasGen: Creating: 'de.tudarmstadt.ukp.dkpro.core.api.ner.type.Fac'.
[INFO] JCasGen: Creating: 'de.tudarmstadt.ukp.dkpro.core.api.ner.type.Fac_Type'.
[INFO] JCasGen: Creating: 'de.tudarmstadt.ukp.dkpro.core.api.ner.type.FacDesc'.
[INFO] JCasGen: Creating: 'de.tudarmstadt.ukp.dkpro.core.api.ner.type.FacDesc_Type'.
[INFO] JCasGen: Creating: 'de.tudarmstadt.ukp.dkpro.core.api.ner.type.Game'.
[INFO] JCasGen: Creating: 'de.tudarmstadt.ukp.dkpro.core.api.ner.type.Game_Type'.
[INFO] JCasGen: Creating: 'de.tudarmstadt.ukp.dkpro.core.api.ner.type.Gpe'.
[INFO] JCasGen: Creating: 'de.tudarmstadt.ukp.dkpro.core.api.ner.type.Gpe_Type'.
[INFO] JCasGen: Creating: 'de.tudarmstadt.ukp.dkpro.core.api.ner.type.GpeDesc'.
[INFO] JCasGen: Creating: 'de.tudarmstadt.ukp.dkpro.core.api.ner.type.GpeDesc_Type'.
[INFO] JCasGen: Creating: 'de.tudarmstadt.ukp.dkpro.core.api.ner.type.Language'.
[INFO] JCasGen: Creating: 'de.tudarmstadt.ukp.dkpro.core.api.ner.type.Language_Type'.
[INFO] JCasGen: Creating: 'de.tudarmstadt.ukp.dkpro.core.api.ner.type.Law'.
[INFO] JCasGen: Creating: 'de.tudarmstadt.ukp.dkpro.core.api.ner.type.Law_Type'.
[INFO] JCasGen: Creating: 'de.tudarmstadt.ukp.dkpro.core.api.ner.type.Location'.
[INFO] JCasGen: Creating: 'de.tudarmstadt.ukp.dkpro.core.api.ner.type.Location_Type'.
[INFO] JCasGen: Creating: 'de.tudarmstadt.ukp.dkpro.core.api.ner.type.Money'.
[INFO] JCasGen: Creating: 'de.tudarmstadt.ukp.dkpro.core.api.ner.type.Money_Type'.
[INFO] JCasGen: Creating: 'de.tudarmstadt.ukp.dkpro.core.api.ner.type.NamedEntity'.
[INFO] JCasGen: Creating: 'de.tudarmstadt.ukp.dkpro.core.api.ner.type.NamedEntity_Type'.
[INFO] JCasGen: Creating: 'de.tudarmstadt.ukp.dkpro.core.api.ner.type.Nationality'.
[INFO] JCasGen: Creating: 'de.tudarmstadt.ukp.dkpro.core.api.ner.type.Nationality_Type'.
[INFO] JCasGen: Creating: 'de.tudarmstadt.ukp.dkpro.core.api.ner.type.Norp'.
[INFO] JCasGen: Creating: 'de.tudarmstadt.ukp.dkpro.core.api.ner.type.Norp_Type'.
[INFO] JCasGen: Creating: 'de.tudarmstadt.ukp.dkpro.core.api.ner.type.Ordinal'.
[INFO] JCasGen: Creating: 'de.tudarmstadt.ukp.dkpro.core.api.ner.type.Ordinal_Type'.
[INFO] JCasGen: Creating: 'de.tudarmstadt.ukp.dkpro.core.api.ner.type.OrgDesc'.
[INFO] JCasGen: Creating: 'de.tudarmstadt.ukp.dkpro.core.api.ner.type.OrgDesc_Type'.
[INFO] JCasGen: Creating: 'de.tudarmstadt.ukp.dkpro.core.api.ner.type.Organization'.
[INFO] JCasGen: Creating: 'de.tudarmstadt.ukp.dkpro.core.api.ner.type.Organization_Type'.
[INFO] JCasGen: Creating: 'de.tudarmstadt.ukp.dkpro.core.api.ner.type.PerDesc'.
[INFO] JCasGen: Creating: 'de.tudarmstadt.ukp.dkpro.core.api.ner.type.PerDesc_Type'.
[INFO] JCasGen: Creating: 'de.tudarmstadt.ukp.dkpro.core.api.ner.type.Percent'.
[INFO] JCasGen: Creating: 'de.tudarmstadt.ukp.dkpro.core.api.ner.type.Percent_Type'.
[INFO] JCasGen: Creating: 'de.tudarmstadt.ukp.dkpro.core.api.ner.type.Person'.
[INFO] JCasGen: Creating: 'de.tudarmstadt.ukp.dkpro.core.api.ner.type.Person_Type'.
[INFO] JCasGen: Creating: 'de.tudarmstadt.ukp.dkpro.core.api.ner.type.Plant'.
[INFO] JCasGen: Creating: 'de.tudarmstadt.ukp.dkpro.core.api.ner.type.Plant_Type'.
[INFO] JCasGen: Creating: 'de.tudarmstadt.ukp.dkpro.core.api.ner.type.Product'.
[INFO] JCasGen: Creating: 'de.tudarmstadt.ukp.dkpro.core.api.ner.type.Product_Type'.
[INFO] JCasGen: Creating: 'de.tudarmstadt.ukp.dkpro.core.api.ner.type.ProductDesc'.
[INFO] JCasGen: Creating: 'de.tudarmstadt.ukp.dkpro.core.api.ner.type.ProductDesc_Type'.
[INFO] JCasGen: Creating: 'de.tudarmstadt.ukp.dkpro.core.api.ner.type.Quantity'.
[INFO] JCasGen: Creating: 'de.tudarmstadt.ukp.dkpro.core.api.ner.type.Quantity_Type'.
[INFO] JCasGen: Creating: 'de.tudarmstadt.ukp.dkpro.core.api.ner.type.Substance'.
[INFO] JCasGen: Creating: 'de.tudarmstadt.ukp.dkpro.core.api.ner.type.Substance_Type'.
[INFO] JCasGen: Creating: 'de.tudarmstadt.ukp.dkpro.core.api.ner.type.Time'.
[INFO] JCasGen: Creating: 'de.tudarmstadt.ukp.dkpro.core.api.ner.type.Time_Type'.
[INFO] JCasGen: Creating: 'de.tudarmstadt.ukp.dkpro.core.api.ner.type.WorkOfArt'.
[INFO] JCasGen: Creating: 'de.tudarmstadt.ukp.dkpro.core.api.ner.type.WorkOfArt_Type'.
[INFO] 
[INFO] --- build-helper-maven-plugin:1.10:add-source (addToSourceFolder) @ dkpro-core-api-ner-asl ---
[INFO] Source directory: /Users/desilets/Documents/GitRepositories/dkpro-core.AD.1.12.x.Improvement/dkpro-core-api-ner-asl/target/generated-sources/jcasgen added.
[INFO] 
[INFO] --- maven-remote-resources-plugin:1.6.0:process (process-remote-resources) @ dkpro-core-api-ner-asl ---
[INFO] Preparing remote bundle de.tudarmstadt.ukp.dkpro.core:build-resources:1
[INFO] Copying 2 resources from 1 bundle.
[INFO] 
[INFO] --- maven-resources-plugin:3.1.0:copy-resources (copy-license) @ dkpro-core-api-ner-asl ---
[INFO] Using 'UTF-8' encoding to copy filtered resources.
[INFO] Copying 1 resource
[INFO] 
[INFO] --- maven-resources-plugin:3.1.0:resources (default-resources) @ dkpro-core-api-ner-asl ---
[INFO] Using 'UTF-8' encoding to copy filtered resources.
[INFO] Copying 2 resources
[INFO] Copying 1 resource
[INFO] Copying 2 resources
[INFO] 
[INFO] --- maven-compiler-plugin:3.8.1:compile (default-compile) @ dkpro-core-api-ner-asl ---
[INFO] Changes detected - recompiling the module!
[INFO] Compiling 62 source files to /Users/desilets/Documents/GitRepositories/dkpro-core.AD.1.12.x.Improvement/dkpro-core-api-ner-asl/target/classes
[INFO] 
[INFO] --- uimafit-maven-plugin:2.4.0:enhance (default) @ dkpro-core-api-ner-asl ---
[INFO] Enhanced 0 classes (0 already enhanced).
[INFO] 
[INFO] --- uimafit-maven-plugin:2.4.0:generate (default) @ dkpro-core-api-ner-asl ---
[INFO] Generated 0 descriptors.
[INFO] 
[INFO] --- omtd-share-annotations-maven-plugin:3.0.2.7:generate (default) @ dkpro-core-api-ner-asl ---
[INFO] Loading mime type mapping: META-INF/eu.openminted.share/mimeTypeMapping.map
[INFO] Loading UIMA type mapping: META-INF/eu.openminted.share/uimaTypeMapping.map
[INFO] Not a supported UIMA descriptor: file:/Users/desilets/Documents/GitRepositories/dkpro-core.AD.1.12.x.Improvement/dkpro-core-api-ner-asl/target/classes/desc/type/NamedEntity.xml
[INFO] Generated 0 descriptors.
[INFO] 
[INFO] --- maven-resources-plugin:3.1.0:testResources (default-testResources) @ dkpro-core-api-ner-asl ---
[INFO] Using 'UTF-8' encoding to copy filtered resources.
[INFO] skip non existing resourceDirectory /Users/desilets/Documents/GitRepositories/dkpro-core.AD.1.12.x.Improvement/dkpro-core-api-ner-asl/src/test/resources
[INFO] Copying 2 resources
[INFO] 
[INFO] --- maven-compiler-plugin:3.8.1:testCompile (default-testCompile) @ dkpro-core-api-ner-asl ---
[INFO] No sources to compile
[INFO] 
[INFO] --- maven-surefire-plugin:2.22.2:test (default-test) @ dkpro-core-api-ner-asl ---
[INFO] 
[INFO] --- maven-jar-plugin:3.1.2:jar (default-jar) @ dkpro-core-api-ner-asl ---
[INFO] Building jar: /Users/desilets/Documents/GitRepositories/dkpro-core.AD.1.12.x.Improvement/dkpro-core-api-ner-asl/target/dkpro-core-api-ner-asl-1.12.1-SNAPSHOT.jar
[INFO] 
[INFO] --- maven-dependency-plugin:3.1.1:analyze-only (default) @ dkpro-core-api-ner-asl ---
[INFO] No dependency problems found
[INFO] 
[INFO] --- maven-checkstyle-plugin:3.1.0:check (checkstyle-check) @ dkpro-core-api-ner-asl ---
[INFO] 
[INFO] --- maven-install-plugin:2.5.2:install (default-install) @ dkpro-core-api-ner-asl ---
[INFO] Installing /Users/desilets/Documents/GitRepositories/dkpro-core.AD.1.12.x.Improvement/dkpro-core-api-ner-asl/target/dkpro-core-api-ner-asl-1.12.1-SNAPSHOT.jar to /Users/desilets/.m2/repository/org/dkpro/core/dkpro-core-api-ner-asl/1.12.1-SNAPSHOT/dkpro-core-api-ner-asl-1.12.1-SNAPSHOT.jar
[INFO] Installing /Users/desilets/Documents/GitRepositories/dkpro-core.AD.1.12.x.Improvement/dkpro-core-api-ner-asl/pom.xml to /Users/desilets/.m2/repository/org/dkpro/core/dkpro-core-api-ner-asl/1.12.1-SNAPSHOT/dkpro-core-api-ner-asl-1.12.1-SNAPSHOT.pom
[INFO] 
[INFO] ---------------< org.dkpro.core:dkpro-core-testing-asl >----------------
[INFO] Building DKPro Core ASL - Unit Testing Support 1.12.1-SNAPSHOT  [14/118]
[INFO] --------------------------------[ jar ]---------------------------------
[INFO] 
[INFO] --- maven-clean-plugin:3.1.0:clean (default-clean) @ dkpro-core-testing-asl ---
[INFO] Deleting /Users/desilets/Documents/GitRepositories/dkpro-core.AD.1.12.x.Improvement/dkpro-core-testing-asl/target
[INFO] 
[INFO] --- maven-enforcer-plugin:1.4.1:enforce (enforce-maven) @ dkpro-core-testing-asl ---
[INFO] 
[INFO] --- groovy-maven-plugin:2.1.1:execute (read-notice) @ dkpro-core-testing-asl ---
[INFO] 
[INFO] --- maven-remote-resources-plugin:1.6.0:process (process-remote-resources) @ dkpro-core-testing-asl ---
[INFO] Preparing remote bundle de.tudarmstadt.ukp.dkpro.core:build-resources:1
[INFO] Copying 2 resources from 1 bundle.
[INFO] 
[INFO] --- maven-resources-plugin:3.1.0:copy-resources (copy-license) @ dkpro-core-testing-asl ---
[INFO] Using 'UTF-8' encoding to copy filtered resources.
[INFO] Copying 1 resource
[INFO] 
[INFO] --- maven-resources-plugin:3.1.0:resources (default-resources) @ dkpro-core-testing-asl ---
[INFO] Using 'UTF-8' encoding to copy filtered resources.
[INFO] skip non existing resourceDirectory /Users/desilets/Documents/GitRepositories/dkpro-core.AD.1.12.x.Improvement/dkpro-core-testing-asl/src/main/resources
[INFO] Copying 2 resources
[INFO] 
[INFO] --- maven-compiler-plugin:3.8.1:compile (default-compile) @ dkpro-core-testing-asl ---
[INFO] Changes detected - recompiling the module!
[INFO] Compiling 35 source files to /Users/desilets/Documents/GitRepositories/dkpro-core.AD.1.12.x.Improvement/dkpro-core-testing-asl/target/classes
[WARNING] /Users/desilets/Documents/GitRepositories/dkpro-core.AD.1.12.x.Improvement/dkpro-core-testing-asl/src/main/java/org/dkpro/core/testing/AssertAnnotations.java:[83,56] de.tudarmstadt.ukp.dkpro.core.api.semantics.type.SemanticArgument in de.tudarmstadt.ukp.dkpro.core.api.semantics.type has been deprecated
[WARNING] /Users/desilets/Documents/GitRepositories/dkpro-core.AD.1.12.x.Improvement/dkpro-core-testing-asl/src/main/java/org/dkpro/core/testing/AssertAnnotations.java:[85,56] de.tudarmstadt.ukp.dkpro.core.api.semantics.type.SemanticPredicate in de.tudarmstadt.ukp.dkpro.core.api.semantics.type has been deprecated
[WARNING] /Users/desilets/Documents/GitRepositories/dkpro-core.AD.1.12.x.Improvement/dkpro-core-testing-asl/src/main/java/org/dkpro/core/testing/AssertAnnotations.java:[90,23] junit.framework.Assert in junit.framework has been deprecated
[WARNING] /Users/desilets/Documents/GitRepositories/dkpro-core.AD.1.12.x.Improvement/dkpro-core-testing-asl/src/main/java/org/dkpro/core/testing/AssertAnnotations.java:[714,9] junit.framework.Assert in junit.framework has been deprecated
[WARNING] /Users/desilets/Documents/GitRepositories/dkpro-core.AD.1.12.x.Improvement/dkpro-core-testing-asl/src/main/java/org/dkpro/core/testing/AssertAnnotations.java:[812,13] junit.framework.Assert in junit.framework has been deprecated
[WARNING] /Users/desilets/Documents/GitRepositories/dkpro-core.AD.1.12.x.Improvement/dkpro-core-testing-asl/src/main/java/org/dkpro/core/testing/dumper/CasDumpWriter.java:[196,16] closeQuietly(java.io.Writer) in org.apache.commons.io.IOUtils has been deprecated
[WARNING] /Users/desilets/Documents/GitRepositories/dkpro-core.AD.1.12.x.Improvement/dkpro-core-testing-asl/src/main/java/org/dkpro/core/testing/dumper/CasDumpWriter.java:[332,20] closeQuietly(java.io.InputStream) in org.apache.commons.io.IOUtils has been deprecated
[INFO] /Users/desilets/Documents/GitRepositories/dkpro-core.AD.1.12.x.Improvement/dkpro-core-testing-asl/src/main/java/org/dkpro/core/testing/AssertAnnotations.java: Some input files use unchecked or unsafe operations.
[INFO] /Users/desilets/Documents/GitRepositories/dkpro-core.AD.1.12.x.Improvement/dkpro-core-testing-asl/src/main/java/org/dkpro/core/testing/AssertAnnotations.java: Recompile with -Xlint:unchecked for details.
[INFO] 
[INFO] --- uimafit-maven-plugin:2.4.0:enhance (default) @ dkpro-core-testing-asl ---
[WARNING] No source file found for class [org.dkpro.core.testing.AssertAnnotations$InternalJCasHolder]
[WARNING] No source file found for class [org.dkpro.core.testing.AssertAnnotations$InternalStringReader]
[INFO] Reflections took 17 ms to scan 1 urls, producing 2 keys and 11 values 
[WARNING] No source file found for class [org.dkpro.core.testing.IOTestRunner$Validator]
[INFO] Enhanced 5 classes (0 already enhanced).
[INFO] 
[INFO] --- uimafit-maven-plugin:2.4.0:generate (default) @ dkpro-core-testing-asl ---
[INFO] Generated 8 descriptors.
[INFO] 
[INFO] --- omtd-share-annotations-maven-plugin:3.0.2.7:generate (default) @ dkpro-core-testing-asl ---
[INFO] Loading mime type mapping: META-INF/eu.openminted.share/mimeTypeMapping.map
[INFO] Loading UIMA type mapping: META-INF/eu.openminted.share/uimaTypeMapping.map
[INFO] Generated 0 descriptors.
[INFO] 
[INFO] --- maven-resources-plugin:3.1.0:testResources (default-testResources) @ dkpro-core-testing-asl ---
[INFO] Using 'UTF-8' encoding to copy filtered resources.
[INFO] skip non existing resourceDirectory /Users/desilets/Documents/GitRepositories/dkpro-core.AD.1.12.x.Improvement/dkpro-core-testing-asl/src/test/resources
[INFO] Copying 2 resources
[INFO] 
[INFO] --- maven-compiler-plugin:3.8.1:testCompile (default-testCompile) @ dkpro-core-testing-asl ---
[INFO] Changes detected - recompiling the module!
[INFO] Compiling 3 source files to /Users/desilets/Documents/GitRepositories/dkpro-core.AD.1.12.x.Improvement/dkpro-core-testing-asl/target/test-classes
[INFO] 
[INFO] --- maven-surefire-plugin:2.22.2:test (default-test) @ dkpro-core-testing-asl ---
[INFO] 
[INFO] -------------------------------------------------------
[INFO]  T E S T S
[INFO] -------------------------------------------------------
[INFO] Running org.dkpro.core.testing.AssertAnnotationsTest
[INFO] Tests run: 2, Failures: 0, Errors: 0, Skipped: 0, Time elapsed: 0.192 s - in org.dkpro.core.testing.AssertAnnotationsTest
[INFO] Running org.dkpro.core.testing.validation.checks.NoZeroSizeTokenAndSentenceCheckTest
[NoZeroSizeTokensAndSentencesCheck] Sentence with illegal span: Sentence
   sofa: _InitialView
   begin: 3
   end: 3
   id: <null>

[NoZeroSizeTokensAndSentencesCheck] Token with illegal span: Token
   sofa: _InitialView
   begin: 1
   end: 1
   parent: <null>
   lemma: <null>
   stem: <null>
   pos: <null>
   morph: <null>
   id: <null>
   form: <null>
   syntacticFunction: <null>
   order: 0

[INFO] Tests run: 3, Failures: 0, Errors: 0, Skipped: 0, Time elapsed: 2.901 s - in org.dkpro.core.testing.validation.checks.NoZeroSizeTokenAndSentenceCheckTest
[INFO] Running org.dkpro.core.testing.validation.checks.PosAttachedToTokenCheckTest
[PosAttachedToTokenCheck] Unattached attribute POS: de.tudarmstadt.ukp.dkpro.core.api.lexmorph.type.pos.POS [0..4]
[INFO] Tests run: 1, Failures: 0, Errors: 0, Skipped: 0, Time elapsed: 0.413 s - in org.dkpro.core.testing.validation.checks.PosAttachedToTokenCheckTest
[INFO] 
[INFO] Results:
[INFO] 
[INFO] Tests run: 6, Failures: 0, Errors: 0, Skipped: 0
[INFO] 
[INFO] 
[INFO] --- maven-jar-plugin:3.1.2:jar (default-jar) @ dkpro-core-testing-asl ---
[INFO] Building jar: /Users/desilets/Documents/GitRepositories/dkpro-core.AD.1.12.x.Improvement/dkpro-core-testing-asl/target/dkpro-core-testing-asl-1.12.1-SNAPSHOT.jar
[INFO] 
[INFO] --- maven-dependency-plugin:3.1.1:analyze-only (default) @ dkpro-core-testing-asl ---
[INFO] No dependency problems found
[INFO] 
[INFO] --- maven-checkstyle-plugin:3.1.0:check (checkstyle-check) @ dkpro-core-testing-asl ---
[INFO] 
[INFO] --- apache-rat-plugin:0.13:check (default) @ dkpro-core-testing-asl ---
[INFO] RAT will not execute since it is configured to be skipped via system property 'rat.skip'.
[INFO] 
[INFO] --- maven-install-plugin:2.5.2:install (default-install) @ dkpro-core-testing-asl ---
[INFO] Installing /Users/desilets/Documents/GitRepositories/dkpro-core.AD.1.12.x.Improvement/dkpro-core-testing-asl/target/dkpro-core-testing-asl-1.12.1-SNAPSHOT.jar to /Users/desilets/.m2/repository/org/dkpro/core/dkpro-core-testing-asl/1.12.1-SNAPSHOT/dkpro-core-testing-asl-1.12.1-SNAPSHOT.jar
[INFO] Installing /Users/desilets/Documents/GitRepositories/dkpro-core.AD.1.12.x.Improvement/dkpro-core-testing-asl/pom.xml to /Users/desilets/.m2/repository/org/dkpro/core/dkpro-core-testing-asl/1.12.1-SNAPSHOT/dkpro-core-testing-asl-1.12.1-SNAPSHOT.pom
[INFO] 
[INFO] -------------< org.dkpro.core:dkpro-core-api-datasets-asl >-------------
[INFO] Building DKPro Core ASL - Datasets 1.12.1-SNAPSHOT              [15/118]
[INFO] --------------------------------[ jar ]---------------------------------
[INFO] 
[INFO] --- maven-clean-plugin:3.1.0:clean (default-clean) @ dkpro-core-api-datasets-asl ---
[INFO] Deleting /Users/desilets/Documents/GitRepositories/dkpro-core.AD.1.12.x.Improvement/dkpro-core-api-datasets-asl/target
[INFO] 
[INFO] --- maven-enforcer-plugin:1.4.1:enforce (enforce-maven) @ dkpro-core-api-datasets-asl ---
[INFO] 
[INFO] --- groovy-maven-plugin:2.1.1:execute (read-notice) @ dkpro-core-api-datasets-asl ---
[INFO] 
[INFO] --- maven-remote-resources-plugin:1.6.0:process (process-remote-resources) @ dkpro-core-api-datasets-asl ---
[INFO] Preparing remote bundle de.tudarmstadt.ukp.dkpro.core:build-resources:1
[INFO] Copying 2 resources from 1 bundle.
[INFO] 
[INFO] --- maven-resources-plugin:3.1.0:copy-resources (copy-license) @ dkpro-core-api-datasets-asl ---
[INFO] Using 'UTF-8' encoding to copy filtered resources.
[INFO] Copying 1 resource
[INFO] 
[INFO] --- maven-resources-plugin:3.1.0:resources (default-resources) @ dkpro-core-api-datasets-asl ---
[INFO] Using 'UTF-8' encoding to copy filtered resources.
[INFO] Copying 49 resources
[INFO] Copying 2 resources
[INFO] 
[INFO] --- maven-compiler-plugin:3.8.1:compile (default-compile) @ dkpro-core-api-datasets-asl ---
[INFO] Changes detected - recompiling the module!
[INFO] Compiling 22 source files to /Users/desilets/Documents/GitRepositories/dkpro-core.AD.1.12.x.Improvement/dkpro-core-api-datasets-asl/target/classes
[WARNING] /Users/desilets/Documents/GitRepositories/dkpro-core.AD.1.12.x.Improvement/dkpro-core-api-datasets-asl/src/main/java/org/dkpro/core/api/datasets/internal/LoadedDataset.java:[65,27] getId() in org.dkpro.core.api.datasets.DatasetDescription has been deprecated
[WARNING] /Users/desilets/Documents/GitRepositories/dkpro-core.AD.1.12.x.Improvement/dkpro-core-api-datasets-asl/src/main/java/org/dkpro/core/api/datasets/DatasetFactory.java:[182,20] putMapPropertyType(java.lang.String,java.lang.Class<? extends java.lang.Object>,java.lang.Class<? extends java.lang.Object>) in org.yaml.snakeyaml.TypeDescription has been deprecated
[WARNING] /Users/desilets/Documents/GitRepositories/dkpro-core.AD.1.12.x.Improvement/dkpro-core-api-datasets-asl/src/main/java/org/dkpro/core/api/datasets/DatasetFactory.java:[183,20] putListPropertyType(java.lang.String,java.lang.Class<? extends java.lang.Object>) in org.yaml.snakeyaml.TypeDescription has been deprecated
[WARNING] /Users/desilets/Documents/GitRepositories/dkpro-core.AD.1.12.x.Improvement/dkpro-core-api-datasets-asl/src/main/java/org/dkpro/core/api/datasets/DatasetFactory.java:[186,21] putListPropertyType(java.lang.String,java.lang.Class<? extends java.lang.Object>) in org.yaml.snakeyaml.TypeDescription has been deprecated
[WARNING] /Users/desilets/Documents/GitRepositories/dkpro-core.AD.1.12.x.Improvement/dkpro-core-api-datasets-asl/src/main/java/org/dkpro/core/api/datasets/DatasetFactory.java:[202,19] setId(java.lang.String) in org.dkpro.core.api.datasets.internal.DatasetDescriptionImpl has been deprecated
[WARNING] /Users/desilets/Documents/GitRepositories/dkpro-core.AD.1.12.x.Improvement/dkpro-core-api-datasets-asl/src/main/java/org/dkpro/core/api/datasets/DatasetFactory.java:[211,28] getId() in org.dkpro.core.api.datasets.internal.DatasetDescriptionImpl has been deprecated
[WARNING] /Users/desilets/Documents/GitRepositories/dkpro-core.AD.1.12.x.Improvement/dkpro-core-api-datasets-asl/src/main/java/org/dkpro/core/api/datasets/DatasetFactory.java:[220,42] getId() in org.dkpro.core.api.datasets.DatasetDescription has been deprecated
[WARNING] /Users/desilets/Documents/GitRepositories/dkpro-core.AD.1.12.x.Improvement/dkpro-core-api-datasets-asl/src/main/java/org/dkpro/core/api/datasets/DatasetFactory.java:[418,72] getId() in org.dkpro.core.api.datasets.DatasetDescription has been deprecated
[WARNING] /Users/desilets/Documents/GitRepositories/dkpro-core.AD.1.12.x.Improvement/dkpro-core-api-datasets-asl/src/main/java/org/dkpro/core/api/datasets/DatasetFactory.java:[425,72] getId() in org.dkpro.core.api.datasets.DatasetDescription has been deprecated
[WARNING] /Users/desilets/Documents/GitRepositories/dkpro-core.AD.1.12.x.Improvement/dkpro-core-api-datasets-asl/src/main/java/org/dkpro/core/api/datasets/DatasetFactory.java:[433,72] getId() in org.dkpro.core.api.datasets.DatasetDescription has been deprecated
[WARNING] /Users/desilets/Documents/GitRepositories/dkpro-core.AD.1.12.x.Improvement/dkpro-core-api-datasets-asl/src/main/java/org/dkpro/core/api/datasets/DatasetFactory.java:[440,72] getId() in org.dkpro.core.api.datasets.DatasetDescription has been deprecated
[WARNING] /Users/desilets/Documents/GitRepositories/dkpro-core.AD.1.12.x.Improvement/dkpro-core-api-datasets-asl/src/main/java/org/dkpro/core/api/datasets/DatasetFactory.java:[446,49] getId() in org.dkpro.core.api.datasets.DatasetDescription has been deprecated
[INFO] 
[INFO] --- uimafit-maven-plugin:2.4.0:enhance (default) @ dkpro-core-api-datasets-asl ---
[INFO] Enhanced 0 classes (0 already enhanced).
[INFO] 
[INFO] --- uimafit-maven-plugin:2.4.0:generate (default) @ dkpro-core-api-datasets-asl ---
[INFO] Generated 0 descriptors.
[INFO] 
[INFO] --- omtd-share-annotations-maven-plugin:3.0.2.7:generate (default) @ dkpro-core-api-datasets-asl ---
[INFO] Loading mime type mapping: META-INF/eu.openminted.share/mimeTypeMapping.map
[INFO] Loading UIMA type mapping: META-INF/eu.openminted.share/uimaTypeMapping.map
[INFO] Generated 0 descriptors.
[INFO] 
[INFO] --- maven-resources-plugin:3.1.0:testResources (default-testResources) @ dkpro-core-api-datasets-asl ---
[INFO] Using 'UTF-8' encoding to copy filtered resources.
[INFO] Copying 1 resource
[INFO] Copying 2 resources
[INFO] 
[INFO] --- maven-compiler-plugin:3.8.1:testCompile (default-testCompile) @ dkpro-core-api-datasets-asl ---
[INFO] Changes detected - recompiling the module!
[INFO] Compiling 3 source files to /Users/desilets/Documents/GitRepositories/dkpro-core.AD.1.12.x.Improvement/dkpro-core-api-datasets-asl/target/test-classes
[WARNING] /Users/desilets/Documents/GitRepositories/dkpro-core.AD.1.12.x.Improvement/dkpro-core-api-datasets-asl/src/test/java/org/dkpro/core/api/datasets/DatasetLoaderTest.java:[27,35] org.dkpro.core.api.datasets.DatasetLoader in org.dkpro.core.api.datasets has been deprecated
[WARNING] /Users/desilets/Documents/GitRepositories/dkpro-core.AD.1.12.x.Improvement/dkpro-core-api-datasets-asl/src/test/java/org/dkpro/core/api/datasets/DatasetLoaderTest.java:[41,33] org.dkpro.core.api.datasets.DatasetLoader in org.dkpro.core.api.datasets has been deprecated
[INFO] 
[INFO] --- maven-surefire-plugin:2.22.2:test (default-test) @ dkpro-core-api-datasets-asl ---
[INFO] 
[INFO] -------------------------------------------------------
[INFO]  T E S T S
[INFO] -------------------------------------------------------
[INFO] Running org.dkpro.core.api.datasets.DatasetLoaderTest
[WARNING] Tests run: 1, Failures: 0, Errors: 0, Skipped: 1, Time elapsed: 0.019 s - in org.dkpro.core.api.datasets.DatasetLoaderTest
[INFO] Running org.dkpro.core.api.datasets.DatasetFactoryTest
[WARNING] Tests run: 5, Failures: 0, Errors: 0, Skipped: 5, Time elapsed: 0.128 s - in org.dkpro.core.api.datasets.DatasetFactoryTest
[INFO] 
[INFO] Results:
[INFO] 
[WARNING] Tests run: 6, Failures: 0, Errors: 0, Skipped: 6
[INFO] 
[INFO] 
[INFO] --- maven-jar-plugin:3.1.2:jar (default-jar) @ dkpro-core-api-datasets-asl ---
[INFO] Building jar: /Users/desilets/Documents/GitRepositories/dkpro-core.AD.1.12.x.Improvement/dkpro-core-api-datasets-asl/target/dkpro-core-api-datasets-asl-1.12.1-SNAPSHOT.jar
[INFO] 
[INFO] --- maven-dependency-plugin:3.1.1:analyze-only (default) @ dkpro-core-api-datasets-asl ---
[INFO] No dependency problems found
[INFO] 
[INFO] --- maven-checkstyle-plugin:3.1.0:check (checkstyle-check) @ dkpro-core-api-datasets-asl ---
[INFO] 
[INFO] --- apache-rat-plugin:0.13:check (default) @ dkpro-core-api-datasets-asl ---
[INFO] RAT will not execute since it is configured to be skipped via system property 'rat.skip'.
[INFO] 
[INFO] --- maven-install-plugin:2.5.2:install (default-install) @ dkpro-core-api-datasets-asl ---
[INFO] Installing /Users/desilets/Documents/GitRepositories/dkpro-core.AD.1.12.x.Improvement/dkpro-core-api-datasets-asl/target/dkpro-core-api-datasets-asl-1.12.1-SNAPSHOT.jar to /Users/desilets/.m2/repository/org/dkpro/core/dkpro-core-api-datasets-asl/1.12.1-SNAPSHOT/dkpro-core-api-datasets-asl-1.12.1-SNAPSHOT.jar
[INFO] Installing /Users/desilets/Documents/GitRepositories/dkpro-core.AD.1.12.x.Improvement/dkpro-core-api-datasets-asl/pom.xml to /Users/desilets/.m2/repository/org/dkpro/core/dkpro-core-api-datasets-asl/1.12.1-SNAPSHOT/dkpro-core-api-datasets-asl-1.12.1-SNAPSHOT.pom
[INFO] 
[INFO] ------------< org.dkpro.core:dkpro-core-api-discourse-asl >-------------
[INFO] Building DKPro Core ASL - Discourse API 1.12.1-SNAPSHOT         [16/118]
[INFO] --------------------------------[ jar ]---------------------------------
[INFO] 
[INFO] --- maven-clean-plugin:3.1.0:clean (default-clean) @ dkpro-core-api-discourse-asl ---
[INFO] Deleting /Users/desilets/Documents/GitRepositories/dkpro-core.AD.1.12.x.Improvement/dkpro-core-api-discourse-asl/target
[INFO] 
[INFO] --- maven-enforcer-plugin:1.4.1:enforce (enforce-maven) @ dkpro-core-api-discourse-asl ---
[INFO] 
[INFO] --- groovy-maven-plugin:2.1.1:execute (read-notice) @ dkpro-core-api-discourse-asl ---
[INFO] 
[INFO] --- jcasgen-maven-plugin:2.10.3:generate (default) @ dkpro-core-api-discourse-asl ---
[INFO] JCasGen: Skipped, since no type system changes were detected
[INFO] 
[INFO] --- build-helper-maven-plugin:1.10:add-source (addToSourceFolder) @ dkpro-core-api-discourse-asl ---
[INFO] Source directory: /Users/desilets/Documents/GitRepositories/dkpro-core.AD.1.12.x.Improvement/dkpro-core-api-discourse-asl/target/generated-sources/jcasgen added.
[INFO] 
[INFO] --- maven-remote-resources-plugin:1.6.0:process (process-remote-resources) @ dkpro-core-api-discourse-asl ---
[INFO] Preparing remote bundle de.tudarmstadt.ukp.dkpro.core:build-resources:1
[INFO] Copying 2 resources from 1 bundle.
[INFO] 
[INFO] --- maven-resources-plugin:3.1.0:copy-resources (copy-license) @ dkpro-core-api-discourse-asl ---
[INFO] Using 'UTF-8' encoding to copy filtered resources.
[INFO] Copying 1 resource
[INFO] 
[INFO] --- maven-resources-plugin:3.1.0:resources (default-resources) @ dkpro-core-api-discourse-asl ---
[INFO] Using 'UTF-8' encoding to copy filtered resources.
[INFO] Copying 2 resources
[INFO] Copying 0 resource
[INFO] Copying 2 resources
[INFO] 
[INFO] --- maven-compiler-plugin:3.8.1:compile (default-compile) @ dkpro-core-api-discourse-asl ---
[INFO] Nothing to compile - all classes are up to date
[INFO] 
[INFO] --- uimafit-maven-plugin:2.4.0:enhance (default) @ dkpro-core-api-discourse-asl ---
[INFO] Enhanced 0 classes (0 already enhanced).
[INFO] 
[INFO] --- uimafit-maven-plugin:2.4.0:generate (default) @ dkpro-core-api-discourse-asl ---
[INFO] Generated 0 descriptors.
[INFO] 
[INFO] --- omtd-share-annotations-maven-plugin:3.0.2.7:generate (default) @ dkpro-core-api-discourse-asl ---
[INFO] Loading mime type mapping: META-INF/eu.openminted.share/mimeTypeMapping.map
[INFO] Loading UIMA type mapping: META-INF/eu.openminted.share/uimaTypeMapping.map
[INFO] Not a supported UIMA descriptor: file:/Users/desilets/Documents/GitRepositories/dkpro-core.AD.1.12.x.Improvement/dkpro-core-api-discourse-asl/target/classes/de/tudarmstadt/ukp/dkpro/core/api/discourse/type/dkpro-types.xml
[INFO] Generated 0 descriptors.
[INFO] 
[INFO] --- maven-resources-plugin:3.1.0:testResources (default-testResources) @ dkpro-core-api-discourse-asl ---
[INFO] Using 'UTF-8' encoding to copy filtered resources.
[INFO] skip non existing resourceDirectory /Users/desilets/Documents/GitRepositories/dkpro-core.AD.1.12.x.Improvement/dkpro-core-api-discourse-asl/src/test/resources
[INFO] Copying 2 resources
[INFO] 
[INFO] --- maven-compiler-plugin:3.8.1:testCompile (default-testCompile) @ dkpro-core-api-discourse-asl ---
[INFO] No sources to compile
[INFO] 
[INFO] --- maven-surefire-plugin:2.22.2:test (default-test) @ dkpro-core-api-discourse-asl ---
[INFO] 
[INFO] --- maven-jar-plugin:3.1.2:jar (default-jar) @ dkpro-core-api-discourse-asl ---
[INFO] Building jar: /Users/desilets/Documents/GitRepositories/dkpro-core.AD.1.12.x.Improvement/dkpro-core-api-discourse-asl/target/dkpro-core-api-discourse-asl-1.12.1-SNAPSHOT.jar
[INFO] 
[INFO] --- maven-dependency-plugin:3.1.1:analyze-only (default) @ dkpro-core-api-discourse-asl ---
[INFO] No dependency problems found
[INFO] 
[INFO] --- maven-checkstyle-plugin:3.1.0:check (checkstyle-check) @ dkpro-core-api-discourse-asl ---
[INFO] 
[INFO] --- maven-install-plugin:2.5.2:install (default-install) @ dkpro-core-api-discourse-asl ---
[INFO] Installing /Users/desilets/Documents/GitRepositories/dkpro-core.AD.1.12.x.Improvement/dkpro-core-api-discourse-asl/target/dkpro-core-api-discourse-asl-1.12.1-SNAPSHOT.jar to /Users/desilets/.m2/repository/org/dkpro/core/dkpro-core-api-discourse-asl/1.12.1-SNAPSHOT/dkpro-core-api-discourse-asl-1.12.1-SNAPSHOT.jar
[INFO] Installing /Users/desilets/Documents/GitRepositories/dkpro-core.AD.1.12.x.Improvement/dkpro-core-api-discourse-asl/pom.xml to /Users/desilets/.m2/repository/org/dkpro/core/dkpro-core-api-discourse-asl/1.12.1-SNAPSHOT/dkpro-core-api-discourse-asl-1.12.1-SNAPSHOT.pom
[INFO] 
[INFO] ------------< org.dkpro.core:dkpro-core-api-embeddings-asl >------------
[INFO] Building DKPro Core ASL - Embeddings API (ASL) 1.12.1-SNAPSHOT  [17/118]
[INFO] --------------------------------[ jar ]---------------------------------
[INFO] 
[INFO] --- maven-clean-plugin:3.1.0:clean (default-clean) @ dkpro-core-api-embeddings-asl ---
[INFO] Deleting /Users/desilets/Documents/GitRepositories/dkpro-core.AD.1.12.x.Improvement/dkpro-core-api-embeddings-asl/target
[INFO] 
[INFO] --- maven-enforcer-plugin:1.4.1:enforce (enforce-maven) @ dkpro-core-api-embeddings-asl ---
[INFO] 
[INFO] --- groovy-maven-plugin:2.1.1:execute (read-notice) @ dkpro-core-api-embeddings-asl ---
[INFO] 
[INFO] --- maven-remote-resources-plugin:1.6.0:process (process-remote-resources) @ dkpro-core-api-embeddings-asl ---
[INFO] Preparing remote bundle de.tudarmstadt.ukp.dkpro.core:build-resources:1
[INFO] Copying 2 resources from 1 bundle.
[INFO] 
[INFO] --- maven-resources-plugin:3.1.0:copy-resources (copy-license) @ dkpro-core-api-embeddings-asl ---
[INFO] Using 'UTF-8' encoding to copy filtered resources.
[INFO] Copying 1 resource
[INFO] 
[INFO] --- maven-resources-plugin:3.1.0:resources (default-resources) @ dkpro-core-api-embeddings-asl ---
[INFO] Using 'UTF-8' encoding to copy filtered resources.
[INFO] skip non existing resourceDirectory /Users/desilets/Documents/GitRepositories/dkpro-core.AD.1.12.x.Improvement/dkpro-core-api-embeddings-asl/src/main/resources
[INFO] Copying 2 resources
[INFO] 
[INFO] --- maven-compiler-plugin:3.8.1:compile (default-compile) @ dkpro-core-api-embeddings-asl ---
[INFO] Changes detected - recompiling the module!
[INFO] Compiling 6 source files to /Users/desilets/Documents/GitRepositories/dkpro-core.AD.1.12.x.Improvement/dkpro-core-api-embeddings-asl/target/classes
[INFO] 
[INFO] --- uimafit-maven-plugin:2.4.0:enhance (default) @ dkpro-core-api-embeddings-asl ---
[INFO] Enhanced 0 classes (0 already enhanced).
[INFO] 
[INFO] --- uimafit-maven-plugin:2.4.0:generate (default) @ dkpro-core-api-embeddings-asl ---
[INFO] Generated 0 descriptors.
[INFO] 
[INFO] --- omtd-share-annotations-maven-plugin:3.0.2.7:generate (default) @ dkpro-core-api-embeddings-asl ---
[INFO] Loading mime type mapping: META-INF/eu.openminted.share/mimeTypeMapping.map
[INFO] Loading UIMA type mapping: META-INF/eu.openminted.share/uimaTypeMapping.map
[INFO] Generated 0 descriptors.
[INFO] 
[INFO] --- maven-resources-plugin:3.1.0:testResources (default-testResources) @ dkpro-core-api-embeddings-asl ---
[INFO] Using 'UTF-8' encoding to copy filtered resources.
[INFO] Copying 5 resources
[INFO] Copying 2 resources
[INFO] 
[INFO] --- maven-compiler-plugin:3.8.1:testCompile (default-testCompile) @ dkpro-core-api-embeddings-asl ---
[INFO] Changes detected - recompiling the module!
[INFO] Compiling 4 source files to /Users/desilets/Documents/GitRepositories/dkpro-core.AD.1.12.x.Improvement/dkpro-core-api-embeddings-asl/target/test-classes
[INFO] 
[INFO] --- maven-surefire-plugin:2.22.2:test (default-test) @ dkpro-core-api-embeddings-asl ---
[INFO] 
[INFO] -------------------------------------------------------
[INFO]  T E S T S
[INFO] -------------------------------------------------------
[INFO] Running org.dkpro.core.api.embeddings.VectorizerUtilsTest

=== testRandomVectorStable =====================
[INFO] Tests run: 1, Failures: 0, Errors: 0, Skipped: 0, Time elapsed: 0.254 s - in org.dkpro.core.api.embeddings.VectorizerUtilsTest
[INFO] Running org.dkpro.core.api.embeddings.binary.BinaryWordVectorUtilsTest

=== testConvertWordVectorsToBinaryCaseSensitive =====================

=== testRandomVector =====================

=== testConvertWordVectorsToBinary =====================
[INFO] Tests run: 3, Failures: 0, Errors: 0, Skipped: 0, Time elapsed: 0.166 s - in org.dkpro.core.api.embeddings.binary.BinaryWordVectorUtilsTest
[INFO] Running org.dkpro.core.api.embeddings.text.TextFormatVectorizerTest
[INFO] Tests run: 2, Failures: 0, Errors: 0, Skipped: 0, Time elapsed: 0.317 s - in org.dkpro.core.api.embeddings.text.TextFormatVectorizerTest
[INFO] Running org.dkpro.core.api.embeddings.text.TextFormatVectorizerUtilsTest

=== testReadEmbeddingFileTxt =====================

=== testReadEmbeddingFileTxtCompressed =====================

=== testConvertMalletEmbeddingsToBinary =====================

=== testReadEmbeddingFileTxtWithHeader =====================
[INFO] Tests run: 4, Failures: 0, Errors: 0, Skipped: 0, Time elapsed: 0.43 s - in org.dkpro.core.api.embeddings.text.TextFormatVectorizerUtilsTest
[INFO] 
[INFO] Results:
[INFO] 
[INFO] Tests run: 10, Failures: 0, Errors: 0, Skipped: 0
[INFO] 
[INFO] 
[INFO] --- maven-jar-plugin:3.1.2:jar (default-jar) @ dkpro-core-api-embeddings-asl ---
[INFO] Building jar: /Users/desilets/Documents/GitRepositories/dkpro-core.AD.1.12.x.Improvement/dkpro-core-api-embeddings-asl/target/dkpro-core-api-embeddings-asl-1.12.1-SNAPSHOT.jar
[INFO] 
[INFO] --- maven-dependency-plugin:3.1.1:analyze-only (default) @ dkpro-core-api-embeddings-asl ---
[INFO] No dependency problems found
[INFO] 
[INFO] --- maven-checkstyle-plugin:3.1.0:check (checkstyle-check) @ dkpro-core-api-embeddings-asl ---
[INFO] 
[INFO] --- apache-rat-plugin:0.13:check (default) @ dkpro-core-api-embeddings-asl ---
[INFO] RAT will not execute since it is configured to be skipped via system property 'rat.skip'.
[INFO] 
[INFO] --- maven-install-plugin:2.5.2:install (default-install) @ dkpro-core-api-embeddings-asl ---
[INFO] Installing /Users/desilets/Documents/GitRepositories/dkpro-core.AD.1.12.x.Improvement/dkpro-core-api-embeddings-asl/target/dkpro-core-api-embeddings-asl-1.12.1-SNAPSHOT.jar to /Users/desilets/.m2/repository/org/dkpro/core/dkpro-core-api-embeddings-asl/1.12.1-SNAPSHOT/dkpro-core-api-embeddings-asl-1.12.1-SNAPSHOT.jar
[INFO] Installing /Users/desilets/Documents/GitRepositories/dkpro-core.AD.1.12.x.Improvement/dkpro-core-api-embeddings-asl/pom.xml to /Users/desilets/.m2/repository/org/dkpro/core/dkpro-core-api-embeddings-asl/1.12.1-SNAPSHOT/dkpro-core-api-embeddings-asl-1.12.1-SNAPSHOT.pom
[INFO] 
[INFO] -----------< org.dkpro.core:dkpro-core-api-featurepath-asl >------------
[INFO] Building DKPro Core ASL - FeaturePath API (ASL) 1.12.1-SNAPSHOT [18/118]
[INFO] --------------------------------[ jar ]---------------------------------
[INFO] 
[INFO] --- maven-clean-plugin:3.1.0:clean (default-clean) @ dkpro-core-api-featurepath-asl ---
[INFO] Deleting /Users/desilets/Documents/GitRepositories/dkpro-core.AD.1.12.x.Improvement/dkpro-core-api-featurepath-asl/target
[INFO] 
[INFO] --- maven-enforcer-plugin:1.4.1:enforce (enforce-maven) @ dkpro-core-api-featurepath-asl ---
[INFO] 
[INFO] --- groovy-maven-plugin:2.1.1:execute (read-notice) @ dkpro-core-api-featurepath-asl ---
[INFO] 
[INFO] --- maven-remote-resources-plugin:1.6.0:process (process-remote-resources) @ dkpro-core-api-featurepath-asl ---
[INFO] Preparing remote bundle de.tudarmstadt.ukp.dkpro.core:build-resources:1
[INFO] Copying 2 resources from 1 bundle.
[INFO] 
[INFO] --- maven-resources-plugin:3.1.0:copy-resources (copy-license) @ dkpro-core-api-featurepath-asl ---
[INFO] Using 'UTF-8' encoding to copy filtered resources.
[INFO] Copying 1 resource
[INFO] 
[INFO] --- maven-resources-plugin:3.1.0:resources (default-resources) @ dkpro-core-api-featurepath-asl ---
[INFO] Using 'UTF-8' encoding to copy filtered resources.
[INFO] skip non existing resourceDirectory /Users/desilets/Documents/GitRepositories/dkpro-core.AD.1.12.x.Improvement/dkpro-core-api-featurepath-asl/src/main/resources
[INFO] Copying 2 resources
[INFO] 
[INFO] --- maven-compiler-plugin:3.8.1:compile (default-compile) @ dkpro-core-api-featurepath-asl ---
[INFO] Changes detected - recompiling the module!
[INFO] Compiling 8 source files to /Users/desilets/Documents/GitRepositories/dkpro-core.AD.1.12.x.Improvement/dkpro-core-api-featurepath-asl/target/classes
[INFO] 
[INFO] --- uimafit-maven-plugin:2.4.0:enhance (default) @ dkpro-core-api-featurepath-asl ---
[INFO] Enhanced 1 class (0 already enhanced).
[INFO] 
[INFO] --- uimafit-maven-plugin:2.4.0:generate (default) @ dkpro-core-api-featurepath-asl ---
[INFO] Generated 0 descriptors.
[INFO] 
[INFO] --- omtd-share-annotations-maven-plugin:3.0.2.7:generate (default) @ dkpro-core-api-featurepath-asl ---
[INFO] Loading mime type mapping: META-INF/eu.openminted.share/mimeTypeMapping.map
[INFO] Loading UIMA type mapping: META-INF/eu.openminted.share/uimaTypeMapping.map
[INFO] Generated 0 descriptors.
[INFO] 
[INFO] --- maven-resources-plugin:3.1.0:testResources (default-testResources) @ dkpro-core-api-featurepath-asl ---
[INFO] Using 'UTF-8' encoding to copy filtered resources.
[INFO] skip non existing resourceDirectory /Users/desilets/Documents/GitRepositories/dkpro-core.AD.1.12.x.Improvement/dkpro-core-api-featurepath-asl/src/test/resources
[INFO] Copying 2 resources
[INFO] 
[INFO] --- maven-compiler-plugin:3.8.1:testCompile (default-testCompile) @ dkpro-core-api-featurepath-asl ---
[INFO] No sources to compile
[INFO] 
[INFO] --- maven-surefire-plugin:2.22.2:test (default-test) @ dkpro-core-api-featurepath-asl ---
[INFO] 
[INFO] --- maven-jar-plugin:3.1.2:jar (default-jar) @ dkpro-core-api-featurepath-asl ---
[INFO] Building jar: /Users/desilets/Documents/GitRepositories/dkpro-core.AD.1.12.x.Improvement/dkpro-core-api-featurepath-asl/target/dkpro-core-api-featurepath-asl-1.12.1-SNAPSHOT.jar
[INFO] 
[INFO] --- maven-dependency-plugin:3.1.1:analyze-only (default) @ dkpro-core-api-featurepath-asl ---
[INFO] No dependency problems found
[INFO] 
[INFO] --- maven-checkstyle-plugin:3.1.0:check (checkstyle-check) @ dkpro-core-api-featurepath-asl ---
[INFO] 
[INFO] --- apache-rat-plugin:0.13:check (default) @ dkpro-core-api-featurepath-asl ---
[INFO] RAT will not execute since it is configured to be skipped via system property 'rat.skip'.
[INFO] 
[INFO] --- maven-install-plugin:2.5.2:install (default-install) @ dkpro-core-api-featurepath-asl ---
[INFO] Installing /Users/desilets/Documents/GitRepositories/dkpro-core.AD.1.12.x.Improvement/dkpro-core-api-featurepath-asl/target/dkpro-core-api-featurepath-asl-1.12.1-SNAPSHOT.jar to /Users/desilets/.m2/repository/org/dkpro/core/dkpro-core-api-featurepath-asl/1.12.1-SNAPSHOT/dkpro-core-api-featurepath-asl-1.12.1-SNAPSHOT.jar
[INFO] Installing /Users/desilets/Documents/GitRepositories/dkpro-core.AD.1.12.x.Improvement/dkpro-core-api-featurepath-asl/pom.xml to /Users/desilets/.m2/repository/org/dkpro/core/dkpro-core-api-featurepath-asl/1.12.1-SNAPSHOT/dkpro-core-api-featurepath-asl-1.12.1-SNAPSHOT.pom
[INFO] 
[INFO] ----------------< org.dkpro.core:dkpro-core-api-io-asl >----------------
[INFO] Building DKPro Core ASL - IO API 1.12.1-SNAPSHOT                [19/118]
[INFO] --------------------------------[ jar ]---------------------------------
[INFO] 
[INFO] --- maven-clean-plugin:3.1.0:clean (default-clean) @ dkpro-core-api-io-asl ---
[INFO] Deleting /Users/desilets/Documents/GitRepositories/dkpro-core.AD.1.12.x.Improvement/dkpro-core-api-io-asl/target
[INFO] 
[INFO] --- maven-enforcer-plugin:1.4.1:enforce (enforce-maven) @ dkpro-core-api-io-asl ---
[INFO] 
[INFO] --- groovy-maven-plugin:2.1.1:execute (read-notice) @ dkpro-core-api-io-asl ---
[INFO] 
[INFO] --- maven-remote-resources-plugin:1.6.0:process (process-remote-resources) @ dkpro-core-api-io-asl ---
[INFO] Preparing remote bundle de.tudarmstadt.ukp.dkpro.core:build-resources:1
[INFO] Copying 2 resources from 1 bundle.
[INFO] 
[INFO] --- maven-resources-plugin:3.1.0:copy-resources (copy-license) @ dkpro-core-api-io-asl ---
[INFO] Using 'UTF-8' encoding to copy filtered resources.
[INFO] Copying 1 resource
[INFO] 
[INFO] --- maven-resources-plugin:3.1.0:resources (default-resources) @ dkpro-core-api-io-asl ---
[INFO] Using 'UTF-8' encoding to copy filtered resources.
[INFO] skip non existing resourceDirectory /Users/desilets/Documents/GitRepositories/dkpro-core.AD.1.12.x.Improvement/dkpro-core-api-io-asl/src/main/resources
[INFO] Copying 2 resources
[INFO] 
[INFO] --- maven-compiler-plugin:3.8.1:compile (default-compile) @ dkpro-core-api-io-asl ---
[INFO] Changes detected - recompiling the module!
[INFO] Compiling 18 source files to /Users/desilets/Documents/GitRepositories/dkpro-core.AD.1.12.x.Improvement/dkpro-core-api-io-asl/target/classes
[WARNING] /Users/desilets/Documents/GitRepositories/dkpro-core.AD.1.12.x.Improvement/dkpro-core-api-io-asl/src/main/java/org/dkpro/core/api/io/JCasFileWriter_ImplBase.java:[160,13] closeQuietly(java.io.OutputStream) in org.apache.commons.io.IOUtils has been deprecated
[WARNING] /Users/desilets/Documents/GitRepositories/dkpro-core.AD.1.12.x.Improvement/dkpro-core-api-io-asl/src/main/java/org/dkpro/core/api/io/JCasFileWriter_ImplBase.java:[163,13] closeQuietly(java.io.OutputStream) in org.apache.commons.io.IOUtils has been deprecated
[INFO] 
[INFO] --- uimafit-maven-plugin:2.4.0:enhance (default) @ dkpro-core-api-io-asl ---
[INFO] Enhanced 5 classes (0 already enhanced).
[INFO] 
[INFO] --- uimafit-maven-plugin:2.4.0:generate (default) @ dkpro-core-api-io-asl ---
[INFO] Generated 0 descriptors.
[INFO] 
[INFO] --- omtd-share-annotations-maven-plugin:3.0.2.7:generate (default) @ dkpro-core-api-io-asl ---
[INFO] Loading mime type mapping: META-INF/eu.openminted.share/mimeTypeMapping.map
[INFO] Loading UIMA type mapping: META-INF/eu.openminted.share/uimaTypeMapping.map
[INFO] Generated 0 descriptors.
[INFO] 
[INFO] --- maven-resources-plugin:3.1.0:testResources (default-testResources) @ dkpro-core-api-io-asl ---
[INFO] Using 'UTF-8' encoding to copy filtered resources.
[INFO] Copying 3 resources
[INFO] Copying 2 resources
[INFO] 
[INFO] --- maven-compiler-plugin:3.8.1:testCompile (default-testCompile) @ dkpro-core-api-io-asl ---
[INFO] Changes detected - recompiling the module!
[INFO] Compiling 12 source files to /Users/desilets/Documents/GitRepositories/dkpro-core.AD.1.12.x.Improvement/dkpro-core-api-io-asl/target/test-classes
[WARNING] /Users/desilets/Documents/GitRepositories/dkpro-core.AD.1.12.x.Improvement/dkpro-core-api-io-asl/src/test/java/org/dkpro/core/api/io/FileSetCollectionReaderBaseTest.java:[31,29] org.dkpro.core.api.io.FileSetCollectionReaderBase in org.dkpro.core.api.io has been deprecated
[WARNING] /Users/desilets/Documents/GitRepositories/dkpro-core.AD.1.12.x.Improvement/dkpro-core-api-io-asl/src/test/java/org/dkpro/core/api/io/JCasFileWriter_ImplBaseTest.java:[171,17] closeQuietly(java.io.Writer) in org.apache.commons.io.IOUtils has been deprecated
[WARNING] /Users/desilets/Documents/GitRepositories/dkpro-core.AD.1.12.x.Improvement/dkpro-core-api-io-asl/src/test/java/org/dkpro/core/api/io/FileSetCollectionReaderBaseTest.java:[43,48] org.dkpro.core.api.io.FileSetCollectionReaderBase in org.dkpro.core.api.io has been deprecated
[WARNING] /Users/desilets/Documents/GitRepositories/dkpro-core.AD.1.12.x.Improvement/dkpro-core-api-io-asl/src/test/java/org/dkpro/core/api/io/FileSetCollectionReaderBaseTest.java:[44,39] org.dkpro.core.api.io.FileSetCollectionReaderBase in org.dkpro.core.api.io has been deprecated
[WARNING] /Users/desilets/Documents/GitRepositories/dkpro-core.AD.1.12.x.Improvement/dkpro-core-api-io-asl/src/test/java/org/dkpro/core/api/io/FileSetCollectionReaderBaseTest.java:[67,17] org.dkpro.core.api.io.FileSetCollectionReaderBase in org.dkpro.core.api.io has been deprecated
[INFO] 
[INFO] --- maven-surefire-plugin:2.22.2:test (default-test) @ dkpro-core-api-io-asl ---
[INFO] 
[INFO] -------------------------------------------------------
[INFO]  T E S T S
[INFO] -------------------------------------------------------
[INFO] Running org.dkpro.core.api.io.IobDecoderTest
Chunks               - Expected: "[ 10, 43]Chunk(NP) (very complicated example sentence)", "[ 69, 81]Chunk(NP) (constituents)", "[ 86, 98]Chunk(NP) (dependencies)"
Chunks               - Actual  : "[ 10, 43]Chunk(NP) (very complicated example sentence)", "[ 69, 81]Chunk(NP) (constituents)", "[ 86, 98]Chunk(NP) (dependencies)"
[INFO] Tests run: 1, Failures: 0, Errors: 0, Skipped: 0, Time elapsed: 2.731 s - in org.dkpro.core.api.io.IobDecoderTest
[INFO] Running org.dkpro.core.api.io.sequencecodec.AdjacentLabelCodecTest
[INFO] Tests run: 24, Failures: 0, Errors: 0, Skipped: 0, Time elapsed: 0.26 s - in org.dkpro.core.api.io.sequencecodec.AdjacentLabelCodecTest
[INFO] Running org.dkpro.core.api.io.sequencecodec.BioCodecTest
[INFO] Tests run: 34, Failures: 0, Errors: 0, Skipped: 0, Time elapsed: 0.035 s - in org.dkpro.core.api.io.sequencecodec.BioCodecTest
[INFO] Running org.dkpro.core.api.io.sequencecodec.SequenceItemTest
[INFO] Tests run: 2, Failures: 0, Errors: 0, Skipped: 0, Time elapsed: 0 s - in org.dkpro.core.api.io.sequencecodec.SequenceItemTest
[INFO] Running org.dkpro.core.api.io.IobEncoderTest
[INFO] Tests run: 1, Failures: 0, Errors: 0, Skipped: 0, Time elapsed: 0.392 s - in org.dkpro.core.api.io.IobEncoderTest
[INFO] Running org.dkpro.core.api.io.FileSetCollectionReaderBaseTest
[INFO] Tests run: 1, Failures: 0, Errors: 0, Skipped: 0, Time elapsed: 1.018 s - in org.dkpro.core.api.io.FileSetCollectionReaderBaseTest
[INFO] Running org.dkpro.core.api.io.sequencegenerator.PhraseSequenceGeneratorTest
[INFO] Tests run: 6, Failures: 0, Errors: 0, Skipped: 0, Time elapsed: 2.241 s - in org.dkpro.core.api.io.sequencegenerator.PhraseSequenceGeneratorTest
[INFO] Running org.dkpro.core.api.io.sequencegenerator.StringSequenceGeneratorTest
[INFO] Tests run: 14, Failures: 0, Errors: 0, Skipped: 0, Time elapsed: 4.114 s - in org.dkpro.core.api.io.sequencegenerator.StringSequenceGeneratorTest
[INFO] Running org.dkpro.core.api.io.JCasFileWriter_ImplBaseTest
[INFO] Tests run: 4, Failures: 0, Errors: 0, Skipped: 0, Time elapsed: 2.345 s - in org.dkpro.core.api.io.JCasFileWriter_ImplBaseTest
[INFO] Running org.dkpro.core.api.io.BilouDecoderTest
Chunks               - Expected: "[ 10, 43]Chunk(NP) (very complicated example sentence)", "[ 69, 81]Chunk(NP) (constituents)", "[ 86, 98]Chunk(NP) (dependencies)"
Chunks               - Actual  : "[ 10, 43]Chunk(NP) (very complicated example sentence)", "[ 69, 81]Chunk(NP) (constituents)", "[ 86, 98]Chunk(NP) (dependencies)"
[INFO] Tests run: 1, Failures: 0, Errors: 0, Skipped: 0, Time elapsed: 0.35 s - in org.dkpro.core.api.io.BilouDecoderTest
[INFO] Running org.dkpro.core.api.io.ResourceCollectionReaderBaseTest
Found  : [file:/Users/desilets/Documents/GitRepositories/dkpro-core.AD.1.12.x.Improvement/dkpro-core-api-io-asl/src/main/java/org/dkpro/core/api/io/FileSetCollectionReaderBase.java]
  Base : [file:/Users/desilets/Documents/GitRepositories/dkpro-core.AD.1.12.x.Improvement/dkpro-core-api-io-asl/src/main/java/org/]
  ColID: [file:/Users/desilets/Documents/GitRepositories/dkpro-core.AD.1.12.x.Improvement/dkpro-core-api-io-asl/src/main/java/org/]
  DocID: [dkpro/core/api/io/FileSetCollectionReaderBase.java]

Found  : [file:src/main/java/org/dkpro/core/api/io/FileSetCollectionReaderBase.java]
  Base : [file:src/main/java/org/dkpro/core/api/io/]
  ColID: [file:src/main/java/org/dkpro/core/api/io/]
  DocID: [FileSetCollectionReaderBase.java]

Found  : [file:/Users/desilets/Documents/GitRepositories/dkpro-core.AD.1.12.x.Improvement/dkpro-core-api-io-asl/src/main/java/org/dkpro/core/api/io/FileSetCollectionReaderBase.java]
  Base : [file:/Users/desilets/Documents/GitRepositories/dkpro-core.AD.1.12.x.Improvement/dkpro-core-api-io-asl/]
  ColID: [file:/Users/desilets/Documents/GitRepositories/dkpro-core.AD.1.12.x.Improvement/dkpro-core-api-io-asl/]
  DocID: [src/main/java/org/dkpro/core/api/io/FileSetCollectionReaderBase.java]

Found  : [file:/Users/desilets/Documents/GitRepositories/dkpro-core.AD.1.12.x.Improvement/dkpro-core-api-io-asl/src/main/java/org/dkpro/core/api/io/FileSetCollectionReaderBase.java]
  Base : [file:/Users/desilets/Documents/GitRepositories/dkpro-core.AD.1.12.x.Improvement/dkpro-core-api-io-asl/]
  ColID: [file:/Users/desilets/Documents/GitRepositories/dkpro-core.AD.1.12.x.Improvement/dkpro-core-api-io-asl/]
  DocID: [src/main/java/org/dkpro/core/api/io/FileSetCollectionReaderBase.java]

Found  : [jar:file:src/test/resources/testfiles.zip!/testfiles/FileSetCollectionReaderBase.class]
  Base : [jar:file:src/test/resources/testfiles.zip!/]
  ColID: [jar:file:src/test/resources/testfiles.zip!/]
  DocID: [testfiles/FileSetCollectionReaderBase.class]

Found  : [file:/Users/desilets/Documents/GitRepositories/dkpro-core.AD.1.12.x.Improvement/dkpro-core-api-io-asl/src/main/java/org/dkpro/core/api/io/FileSetCollectionReaderBase.java]
  Base : [file:/Users/desilets/Documents/GitRepositories/dkpro-core.AD.1.12.x.Improvement/dkpro-core-api-io-asl/src/main/java/org/]
  ColID: [file:/Users/desilets/Documents/GitRepositories/dkpro-core.AD.1.12.x.Improvement/dkpro-core-api-io-asl/src/main/java/org/]
  DocID: [dkpro/core/api/io/FileSetCollectionReaderBase.java]

